BUILD: [Thrd:Sequence:Type  ] Message
BUILD: [00:0000000000:PROGC ] Build started with parameters:
BUILD: [00:0000000001:PROGC ] Build started in directory: C:\WINCE600\PLATFORM\Z2170P
BUILD: [00:0000000002:PROGC ] Checking for C:\WINCE600\sdk\bin\i386\srccheck.exe.
BUILD: [00:0000000003:PROGC ] Running passes WCEFILES0, MIDL, MC, ASN, THUNK, PRECOMPHEADER, COMPILE, LIB, LINK, MANAGEDRESX, MANAGEDMOD, MANAGEDDLL, MANAGEDEXE, MANAGEDWIN for ARM.
BUILD: [00:0000000004:PROGC ] Loading database "C:\WINCE600\PLATFORM\Z2170P\Build.dat".
BUILD: [00:0000000005:PROGC ] Done.
BUILD: [00:0000000006:PROGC ] Computing include file dependencies:
BUILD: [00:0000000007:PROGC ] Checking for SDK include directory: C:\WINCE600\sdk\CE\inc.
BUILD: [00:0000000008:WARNS ] COMMON is not a subdirectory of C:\WINCE600\PLATFORM\Z2170P\SRC\.
BUILD: [00:0000000009:PROGC ] Scan C:\WINCE600\PLATFORM\Z2170P\SRC\BSP_COMMON\BSPCFG\
BUILD: [00:0000000010:PROGC ] Scan C:\WINCE600\PLATFORM\Z2170P\SRC\BSP_COMMON\STALL\
BUILD: [00:0000000011:PROGC ] Scan C:\WINCE600\PLATFORM\Z2170P\SRC\BSP_COMMON\ARGS\
BUILD: [00:0000000012:PROGC ] Scan C:\WINCE600\PLATFORM\Z2170P\SRC\BSP_COMMON\DISPLAY\
BUILD: [00:0000000013:PROGC ] Scan C:\WINCE600\PLATFORM\Z2170P\SRC\BSP_COMMON\BSP_PADCFG\
BUILD: [00:0000000014:PROGC ] Scan C:\WINCE600\PLATFORM\Z2170P\SRC\BSP_COMMON\TPS659XX\
BUILD: [00:0000000015:PROGC ] Scan C:\WINCE600\PLATFORM\Z2170P\SRC\BSP_COMMON\USBFN\BOOT\
BUILD: [00:0000000016:PROGC ] Scan C:\WINCE600\PLATFORM\Z2170P\SRC\BSP_COMMON\USBFN\KITL\
BUILD: [00:0000000017:PROGC ] Scan C:\WINCE600\PLATFORM\Z2170P\SRC\BOOTLOADER\EBOOT\NAND\
BUILD: [00:0000000018:PROGC ] Scan C:\WINCE600\PLATFORM\Z2170P\SRC\BOOTLOADER\EBOOT\SDMEMORY\
BUILD: [00:0000000019:PROGC ] Scan C:\WINCE600\PLATFORM\Z2170P\SRC\BOOTLOADER\STUB\EBOOT\
BUILD: [00:0000000020:PROGC ] Scan C:\WINCE600\PLATFORM\Z2170P\SRC\BOOTLOADER\STUB\XLDR\
BUILD: [00:0000000021:PROGC ] Scan C:\WINCE600\PLATFORM\Z2170P\SRC\BOOTLOADER\DISPLAY\
BUILD: [00:0000000022:PROGC ] Scan C:\WINCE600\PLATFORM\Z2170P\SRC\BOOTLOADER\XLDR\NAND\
BUILD: [00:0000000023:PROGC ] Scan C:\WINCE600\PLATFORM\Z2170P\SRC\BOOTLOADER\XLDR\UART\
BUILD: [00:0000000024:PROGC ] Scan C:\WINCE600\PLATFORM\Z2170P\SRC\BOOTLOADER\XLDR\SDMEMORY\
BUILD: [00:0000000025:WARNS ] PWRKEY is not a subdirectory of C:\WINCE600\PLATFORM\Z2170P\SRC\DRIVERS\.
BUILD: [00:0000000026:WARNS ] HEAD is not a subdirectory of C:\WINCE600\PLATFORM\Z2170P\SRC\DRIVERS\.
BUILD: [00:0000000027:WARNS ] KEYPAD is not a subdirectory of C:\WINCE600\PLATFORM\Z2170P\SRC\DRIVERS\.
BUILD: [00:0000000028:WARNS ] WAVEDEV2 is not a subdirectory of C:\WINCE600\PLATFORM\Z2170P\SRC\DRIVERS\.
BUILD: [00:0000000029:PROGC ] Scan C:\WINCE600\PLATFORM\Z2170P\SRC\DRIVERS\CEDDK\DLL\
BUILD: [00:0000000030:PROGC ] Scan C:\WINCE600\PLATFORM\Z2170P\SRC\DRIVERS\BLOCK\NAND\
BUILD: [00:0000000031:PROGC ] Scan C:\WINCE600\PLATFORM\Z2170P\SRC\DRIVERS\GPIO\
BUILD: [00:0000000032:PROGC ] Scan C:\WINCE600\PLATFORM\Z2170P\SRC\DRIVERS\MCSPI\
BUILD: [00:0000000033:PROGC ] Scan C:\WINCE600\PLATFORM\Z2170P\SRC\DRIVERS\DISPLAY\DSS\
BUILD: [00:0000000034:PROGC ] Scan C:\WINCE600\PLATFORM\Z2170P\SRC\DRIVERS\DMA\
BUILD: [00:0000000035:PROGC ] Scan C:\WINCE600\PLATFORM\Z2170P\SRC\DRIVERS\UART\
BUILD: [00:0000000036:PROGC ] Scan C:\WINCE600\PLATFORM\Z2170P\SRC\DRIVERS\SMSC9118\
BUILD: [00:0000000037:PROGC ] Scan C:\WINCE600\PLATFORM\Z2170P\SRC\DRIVERS\BUS\
BUILD: [00:0000000038:PROGC ] Scan C:\WINCE600\PLATFORM\Z2170P\SRC\DRIVERS\MCBSP\
BUILD: [00:0000000039:PROGC ] Scan C:\WINCE600\PLATFORM\Z2170P\SRC\DRIVERS\SDMEMORY\
BUILD: [00:0000000040:PROGC ] Scan C:\WINCE600\PLATFORM\Z2170P\SRC\DRIVERS\TOUCH\
BUILD: [00:0000000041:PROGC ] Scan C:\WINCE600\PLATFORM\Z2170P\SRC\DRIVERS\TPS659XX\
BUILD: [00:0000000042:PROGC ] Scan C:\WINCE600\PLATFORM\Z2170P\SRC\DRIVERS\TPS659XX_GPIO\
BUILD: [00:0000000043:PROGC ] Scan C:\WINCE600\PLATFORM\Z2170P\SRC\DRIVERS\TPS659xx_MADC\
BUILD: [00:0000000044:PROGC ] Scan C:\WINCE600\PLATFORM\Z2170P\SRC\DRIVERS\TPS659XX_WAVE\
BUILD: [00:0000000045:PROGC ] Scan C:\WINCE600\PLATFORM\Z2170P\SRC\DRIVERS\TPS659XX_PWRKEY\
BUILD: [00:0000000046:PROGC ] Scan C:\WINCE600\PLATFORM\Z2170P\SRC\DRIVERS\TPS659XX_KEYPAD\
BUILD: [00:0000000047:PROGC ] Scan C:\WINCE600\PLATFORM\Z2170P\SRC\DRIVERS\BACKLIGHT\
BUILD: [00:0000000048:PROGC ] Scan C:\WINCE600\PLATFORM\Z2170P\SRC\DRIVERS\SDBUS\
BUILD: [00:0000000049:PROGC ] Scan C:\WINCE600\PLATFORM\Z2170P\SRC\DRIVERS\SDHC\IMPL\
BUILD: [00:0000000050:PROGC ] Scan C:\WINCE600\PLATFORM\Z2170P\SRC\DRIVERS\USBHS\
BUILD: [00:0000000051:PROGC ] Scan C:\WINCE600\PLATFORM\Z2170P\SRC\DRIVERS\CAMERA\MDD\
BUILD: [00:0000000052:WARNS ] Directory: C:\WINCE600\platform\COMMON\src\soc\COMMON_TI_V1\TPS659XX\keypad C:\WINCE600\public\directx\sdk\inc\ does not exist.
BUILD: [00:0000000053:PROGC ] Scan C:\WINCE600\PLATFORM\Z2170P\SRC\DRIVERS\CAMERA\PDD\
BUILD: [00:0000000054:PROGC ] Scan C:\WINCE600\PLATFORM\Z2170P\SRC\DRIVERS\CAMERA\DLL\
BUILD: [00:0000000055:WARNS ] Directory: C:\WINCE600\platform\COMMON\src\soc\COMMON_TI_V1\TPS659XX\keypad C:\WINCE600\public\directx\sdk\inc\ does not exist.
BUILD: [00:0000000056:PROGC ] Scan C:\WINCE600\PLATFORM\Z2170P\SRC\DRIVERS\VRFB\
BUILD: [00:0000000057:PROGC ] Scan C:\WINCE600\PLATFORM\Z2170P\SRC\DRIVERS\PM\DLL\
BUILD: [00:0000000058:PROGC ] Scan C:\WINCE600\PLATFORM\Z2170P\SRC\DRIVERS\PM\CONSTRAINTADAPTERS\DLL\
BUILD: [00:0000000059:PROGC ] Scan C:\WINCE600\PLATFORM\Z2170P\SRC\DRIVERS\PM\PMEXT\
BUILD: [00:0000000060:PROGC ] Scan C:\WINCE600\PLATFORM\Z2170P\SRC\DRIVERS\PM\PMXPROXY\
BUILD: [00:0000000061:PROGC ] Scan C:\WINCE600\PLATFORM\Z2170P\SRC\DRIVERS\PM\POLICYADAPTERS\CPULOAD\
BUILD: [00:0000000062:PROGC ] Scan C:\WINCE600\PLATFORM\Z2170P\SRC\DRIVERS\PM\POLICYADAPTERS\DLL\
BUILD: [00:0000000063:PROGC ] Scan C:\WINCE600\PLATFORM\Z2170P\SRC\DRIVERS\PM\POLICYADAPTERS\SYSTEMSTATE\
BUILD: [00:0000000064:PROGC ] Scan C:\WINCE600\PLATFORM\Z2170P\SRC\DRIVERS\TPS659xx_LED\
BUILD: [00:0000000065:PROGC ] Scan C:\WINCE600\PLATFORM\Z2170P\SRC\DRIVERS\MUSB\MUSBFN\
BUILD: [00:0000000066:PROGC ] Scan C:\WINCE600\PLATFORM\Z2170P\SRC\DRIVERS\MUSB\MUSBHCD\
BUILD: [00:0000000067:PROGC ] Scan C:\WINCE600\PLATFORM\Z2170P\SRC\DRIVERS\MUSB\MUSBOTG\
BUILD: [00:0000000068:PROGC ] Scan C:\WINCE600\PLATFORM\Z2170P\SRC\DRIVERS\TPS659XX_RTC\
BUILD: [00:0000000069:PROGC ] Scan C:\WINCE600\PLATFORM\Z2170P\SRC\DRIVERS\SDMAPROXY\
BUILD: [00:0000000070:PROGC ] Scan C:\WINCE600\PLATFORM\Z2170P\SRC\DRIVERS\NLED\
BUILD: [00:0000000071:PROGC ] Scan C:\WINCE600\PLATFORM\Z2170P\SRC\DRIVERS\HEADSET\
BUILD: [00:0000000072:PROGC ] Scan C:\WINCE600\PLATFORM\Z2170P\SRC\DRIVERS\BATTERY\NULL\
BUILD: [00:0000000073:PROGC ] Scan C:\WINCE600\PLATFORM\Z2170P\SRC\DRIVERS\BATTERY\BQ27410\
BUILD: [00:0000000074:PROGC ] Scan C:\WINCE600\PLATFORM\Z2170P\SRC\DRIVERS\HDQ\
BUILD: [00:0000000075:PROGC ] Scan C:\WINCE600\PLATFORM\Z2170P\SRC\DRIVERS\ISP_RESIZER\
BUILD: [00:0000000076:PROGC ] Scan C:\WINCE600\PLATFORM\Z2170P\SRC\DRIVERS\sysctrl\
BUILD: [00:0000000077:PROGC ] Scan C:\WINCE600\PLATFORM\Z2170P\SRC\KITL\KITLDLL\
BUILD: [00:0000000078:PROGC ] Scan C:\WINCE600\PLATFORM\Z2170P\SRC\KITL\KITLREG\
BUILD: [00:0000000079:PROGC ] Scan C:\WINCE600\PLATFORM\Z2170P\SRC\OAL\OALLIB\
BUILD: [00:0000000080:PROGC ] Scan C:\WINCE600\PLATFORM\Z2170P\SRC\OAL\OALEXE\
BUILD: [00:0000000081:PROGC ] Scan C:\WINCE600\PLATFORM\Z2170P\SRC\OAL\OALIOCTL\
BUILD: [00:0000000082:PROGC ] Scan C:\WINCE600\PLATFORM\Z2170P\SRC\APP\BSPVERSION\EXE\
BUILD: [00:0000000083:PROGC ] Scan C:\WINCE600\PLATFORM\Z2170P\SRC\APP\BSPVERSION\PNL\
BUILD: [00:0000000084:PROGC ] Scan C:\WINCE600\PLATFORM\Z2170P\SRC\APP\SHELL\
BUILD: [00:0000000085:PROGC ] Scan C:\WINCE600\PLATFORM\Z2170P\SRC\APP\DOCMD\
BUILD: [00:0000000086:PROGC ] Scan C:\WINCE600\PLATFORM\Z2170P\SRC\APP\PROXYDRIVER\
BUILD: [00:0000000087:PROGC ] Scan C:\WINCE600\platform\Z2170P\src\APP\common\
BUILD: [00:0000000088:PROGC ] Scan C:\WINCE600\PLATFORM\Z2170P\SRC\APP\I2CPROXY\
BUILD: [00:0000000089:PROGC ] Scan C:\WINCE600\PLATFORM\Z2170P\SRC\APP\SIMPLE\DLL\
BUILD: [00:0000000090:PROGC ] Scan C:\WINCE600\PLATFORM\Z2170P\SRC\APP\SIMPLE\EXE\
BUILD: [00:0000000091:PROGC ] Scan C:\WINCE600\PLATFORM\Z2170P\SRC\APP\NullSink\
BUILD: [00:0000000092:PROGC ] Scan C:\WINCE600\PLATFORM\Z2170P\SRC\APP\SampleGrabber\
BUILD: [00:0000000093:PROGC ] Scan C:\WINCE600\PLATFORM\Z2170P\SRC\APP\CaptureTest\
BUILD: [00:0000000094:PROGC ] Scan C:\WINCE600\PLATFORM\Z2170P\SRC\APP\WAVMIXER\
BUILD: [00:0000000095:PROGC ] Scan C:\WINCE600\PLATFORM\Z2170P\SRC\APP\KeyHook\
BUILD: [00:0000000096:PROGC ] Scan C:\WINCE600\PLATFORM\Z2170P\SRC\test\testGPIO\
BUILD: [00:0000000097:PROGC ] Scan C:\WINCE600\PLATFORM\Z2170P\SRC\test\testSerial\
BUILD: [00:0000000098:PROGC ] Scan C:\WINCE600\PLATFORM\Z2170P\SRC\test\testSerialPerf\
BUILD: [00:0000000099:PROGC ] Scan C:\WINCE600\PLATFORM\Z2170P\SRC\test\PMTEST\PMGET\
BUILD: [00:0000000100:PROGC ] Scan C:\WINCE600\PLATFORM\Z2170P\SRC\test\PMTEST\PMGETD\
BUILD: [00:0000000101:PROGC ] Scan C:\WINCE600\PLATFORM\Z2170P\SRC\test\PMTEST\PMMON\
BUILD: [00:0000000102:PROGC ] Scan C:\WINCE600\PLATFORM\Z2170P\SRC\test\PMTEST\PMREQ\
BUILD: [00:0000000103:PROGC ] Scan C:\WINCE600\PLATFORM\Z2170P\SRC\test\PMTEST\PMSET\
BUILD: [00:0000000104:PROGC ] Scan C:\WINCE600\PLATFORM\Z2170P\SRC\test\PMTEST\PMSETD\
BUILD: [00:0000000105:PROGC ] Scan C:\WINCE600\PLATFORM\Z2170P\SRC\test\wakeme\
BUILD: [00:0000000106:PROGC ] Scan C:\WINCE600\PLATFORM\Z2170P\SRC\test\testRTC\
BUILD: [00:0000000107:PROGC ] Scan C:\WINCE600\PLATFORM\Z2170P\SRC\test\testKeypad\
BUILD: [00:0000000108:PROGC ] Scan C:\WINCE600\PLATFORM\Z2170P\SRC\test\Tux_I2C\
BUILD: [00:0000000109:PROGC ] Scan C:\WINCE600\PLATFORM\Z2170P\SRC\test\Tux_SPI\
BUILD: [00:0000000110:PROGC ] Scan C:\WINCE600\PLATFORM\Z2170P\SRC\test\Tux_PowerManagement\
BUILD: [00:0000000111:PROGC ] Scan C:\WINCE600\PLATFORM\Z2170P\SRC\test\FSTEST\
BUILD: [00:0000000112:PROGC ] Saving C:\WINCE600\PLATFORM\Z2170P\Build.dat.
BUILD: [00:0000000113:INFO  ] Done.
BUILD: [00:0000000114:INFO  ] Will Build C:\WINCE600\PLATFORM\Z2170P\SRC\BSP_COMMON\BSPCFG\bspcfg.c because target: obj\ARMV4I\retail\bspcfg.obj is out of date.
BUILD: [00:0000000115:PROGC ] Building COMPILE Pass in C:\WINCE600\PLATFORM\Z2170P\SRC\BSP_COMMON\BSPCFG\ directory.
BUILD: [00:0000000116:PROG  ] 'NMAKE.EXE TargetCompilePass  -i -c BUILDMSG=Stop.  BUILDROOT=C:\WINCE600\PLATFORM\Z2170P NOLINK=1 NOPASS0=1'
BUILD: [01:0000000117:INFO  ] makefile.def: Including C:\WINCE600\public\common\oak\misc\Sources.default
BUILD: [01:0000000118:INFO  ] makefile.def: BUILDROOT is C:\WINCE600\PLATFORM\Z2170P
BUILD: [01:0000000119:INFO  ] makefile.def: Including C:\WINCE600\PLATFORM\Z2170P\sources.cmn
BUILD: [01:0000000120:INFO  ] makefile.def: Including C:\WINCE600\PLATFORM\Z2170P\SRC\BSP_COMMON\BSPCFG\sources
BUILD: [01:0000000121:INFO  ] makefile.def: Including C:\WINCE600\public\common\oak\misc\Sources.CE
BUILD: [01:0000000122:INFO  ] Directory: C:\WINCE600\PLATFORM\Z2170P\SRC\BSP_COMMON\BSPCFG
BUILD: [01:0000000123:INFO  ] TARGETNAME: BSPCFG
BUILD: [01:0000000124:INFO  ] makefile.def: Including C:\WINCE600\public\common\oak\misc\sources.ReleaseType_PLATFORM
BUILD: [01:0000000125:PROGC ] Compiling .\bspcfg.c
BUILD: [01:0000000126:INFO  ] cl -nologo   /Gy -Foobj\ARMV4I\retail\bspcfg.obj -c -IARM\ -I. -IC:\WINCE600\platform\COMMON\src\inc -IC:\WINCE600\platform\Z2170P\src\inc -IC:\WINCE600\platform\COMMON\src\soc\COMMON_TI_V1\TRITON\inc -IC:\WINCE600\platform\COMMON\src\soc\COMMON_TI_V1\TPS659xx\inc -IC:\WINCE600\platform\COMMON\src\soc\COMMON_TI_V1\COMMON_TI\inc -IC:\WINCE600\platform\COMMON\src\soc\COMMON_TI_V1\OMAP3530\inc -IC:\WINCE600\platform\COMMON\src\soc\COMMON_TI_V1\COMMON_TI\DSS\inc -IC:\WINCE600\platform\COMMON\src\soc\COMMON_TI_V1\TPS659XX\keypad -IC:\WINCE600\public\common\sdk\inc -IC:\WINCE600\public\common\oak\inc -IC:\WINCE600\public\common\ddk\inc -IC:\WINCE600\sdk\CE\inc -I.\Resource\0409 -Ox -Os -GF -Zi -FdC:\WINCE600\platform\Z2170P\lib\ARMV4I\retail\BSPCFG.pdb -D_CRT_SECURE_NO_DEPRECATE -D_USE_32BIT_TIME_T -DUNICODE -D_UNICODE -DUNDER_CE=600 -D_WIN32_WCE=0x600 -DWINCEOEM -DWINCEINTERNAL -DWIN32 -DSTRICT -DARM -DARMV4I -D_ARM_ -DNDEBUG=1  -D_SOC_MODEL=OMAP3530 -D_TRITON_MODEL=TPS659xx -DCEDDK_USEDDKMACRO -D_WINCEOSVER=600 -DBSP_EVM2 -DBSP_OPM_SELECT_37XX=4 -DBSP_OPM_SELECT_35XX=5 -DBSP_RTC_WAKES_CPU -DBSP_SDRAM_BANK1_ENABLE -DINTERNATIONAL -DINTLMSG_CODEPAGE=1252 -FAsc -Faobj\ARMV4I\retail\bspcfg.cod -WX -QRimplicit-import- -Zi  -Zc:wchar_t- -Zc:forScope- -wd4867 -wd4430 -MT -U_MT -W4 /analyze   /GR- -QRarch4T -DTHUMBSUPPORT -QRinterwork-return  /GS C:\WINCE600\PLATFORM\Z2170P\SRC\BSP_COMMON\BSPCFG\.\bspcfg.c
BUILD: [01:0000000127:INFO  ] bspcfg.c
BUILD: [00:0000000128:INFO  ] Will Build C:\WINCE600\PLATFORM\Z2170P\SRC\BSP_COMMON\ARGS\args.c because target: obj\ARMV4I\retail\args.obj is missing.
BUILD: [00:0000000129:PROGC ] Building COMPILE Pass in C:\WINCE600\PLATFORM\Z2170P\SRC\BSP_COMMON\ARGS\ directory.
BUILD: [00:0000000130:PROG  ] 'NMAKE.EXE TargetCompilePass  -i -c BUILDMSG=Stop.  BUILDROOT=C:\WINCE600\PLATFORM\Z2170P NOLINK=1 NOPASS0=1'
BUILD: [01:0000000131:INFO  ] makefile.def: Including C:\WINCE600\public\common\oak\misc\Sources.default
BUILD: [01:0000000132:INFO  ] makefile.def: BUILDROOT is C:\WINCE600\PLATFORM\Z2170P
BUILD: [01:0000000133:INFO  ] makefile.def: Including C:\WINCE600\PLATFORM\Z2170P\sources.cmn
BUILD: [01:0000000134:INFO  ] makefile.def: Including C:\WINCE600\PLATFORM\Z2170P\SRC\BSP_COMMON\ARGS\sources
BUILD: [01:0000000135:INFO  ] makefile.def: Including C:\WINCE600\public\common\oak\misc\Sources.CE
BUILD: [01:0000000136:INFO  ] Directory: C:\WINCE600\PLATFORM\Z2170P\SRC\BSP_COMMON\ARGS
BUILD: [01:0000000137:INFO  ] TARGETNAME: bsp_args
BUILD: [01:0000000138:INFO  ] makefile.def: Including C:\WINCE600\public\common\oak\misc\sources.ReleaseType_PLATFORM
BUILD: [01:0000000139:PROGC ] Compiling .\args.c
BUILD: [01:0000000140:INFO  ] cl -nologo   /Gy -Foobj\ARMV4I\retail\args.obj -c -IARM\ -I. -IC:\WINCE600\platform\COMMON\src\inc -IC:\WINCE600\platform\Z2170P\src\inc -IC:\WINCE600\platform\COMMON\src\soc\COMMON_TI_V1\TRITON\inc -IC:\WINCE600\platform\COMMON\src\soc\COMMON_TI_V1\TPS659xx\inc -IC:\WINCE600\platform\COMMON\src\soc\COMMON_TI_V1\COMMON_TI\inc -IC:\WINCE600\platform\COMMON\src\soc\COMMON_TI_V1\OMAP3530\inc -IC:\WINCE600\platform\COMMON\src\soc\COMMON_TI_V1\COMMON_TI\DSS\inc -IC:\WINCE600\platform\COMMON\src\soc\COMMON_TI_V1\TPS659XX\keypad -IC:\WINCE600\public\common\sdk\inc -IC:\WINCE600\public\common\oak\inc -IC:\WINCE600\public\common\ddk\inc -IC:\WINCE600\sdk\CE\inc -I.\Resource\0409 -Ox -Os -GF -Zi -FdC:\WINCE600\platform\Z2170P\lib\ARMV4I\retail\bsp_args.pdb -D_CRT_SECURE_NO_DEPRECATE -D_USE_32BIT_TIME_T -DUNICODE -D_UNICODE -DUNDER_CE=600 -D_WIN32_WCE=0x600 -DWINCEOEM -DWINCEINTERNAL -DWIN32 -DSTRICT -DARM -DARMV4I -D_ARM_ -DNDEBUG=1  -D_SOC_MODEL=OMAP3530 -D_TRITON_MODEL=TPS659xx -DCEDDK_USEDDKMACRO -D_WINCEOSVER=600 -DBSP_EVM2 -DBSP_OPM_SELECT_37XX=4 -DBSP_OPM_SELECT_35XX=5 -DBSP_RTC_WAKES_CPU -DBSP_SDRAM_BANK1_ENABLE -DINTERNATIONAL -DINTLMSG_CODEPAGE=1252 -FAsc -Faobj\ARMV4I\retail\args.cod -WX -QRimplicit-import- -Zi  -Zc:wchar_t- -Zc:forScope- -wd4867 -wd4430 -MT -U_MT -W4 /analyze   /GR- -QRarch4T -DTHUMBSUPPORT -QRinterwork-return  /GS C:\WINCE600\PLATFORM\Z2170P\SRC\BSP_COMMON\ARGS\.\args.c
BUILD: [01:0000000141:INFO  ] args.c
BUILD: [00:0000000142:INFO  ] Will Build C:\WINCE600\PLATFORM\Z2170P\SRC\BSP_COMMON\DISPLAY\lcd_qvga.c because target: obj\ARMV4I\retail\lcd_qvga.obj is out of date.
BUILD: [00:0000000143:INFO  ] Will Build C:\WINCE600\PLATFORM\Z2170P\SRC\BSP_COMMON\DISPLAY\lcd_support.c because target: obj\ARMV4I\retail\lcd_support.obj is out of date.
BUILD: [00:0000000144:PROGC ] Building COMPILE Pass in C:\WINCE600\PLATFORM\Z2170P\SRC\BSP_COMMON\DISPLAY\ directory.
BUILD: [00:0000000145:PROG  ] 'NMAKE.EXE TargetCompilePass  -i -c BUILDMSG=Stop.  BUILDROOT=C:\WINCE600\PLATFORM\Z2170P NOLINK=1 NOPASS0=1'
BUILD: [01:0000000146:INFO  ] makefile.def: Including C:\WINCE600\public\common\oak\misc\Sources.default
BUILD: [01:0000000147:INFO  ] makefile.def: BUILDROOT is C:\WINCE600\PLATFORM\Z2170P
BUILD: [01:0000000148:INFO  ] makefile.def: Including C:\WINCE600\PLATFORM\Z2170P\sources.cmn
BUILD: [01:0000000149:INFO  ] makefile.def: Including C:\WINCE600\PLATFORM\Z2170P\SRC\BSP_COMMON\DISPLAY\sources
BUILD: [01:0000000150:INFO  ] makefile.def: Including C:\WINCE600\public\common\oak\misc\Sources.CE
BUILD: [01:0000000151:INFO  ] Directory: C:\WINCE600\PLATFORM\Z2170P\SRC\BSP_COMMON\DISPLAY
BUILD: [01:0000000152:INFO  ] TARGETNAME: bsp_display_init
BUILD: [01:0000000153:INFO  ] makefile.def: Including C:\WINCE600\public\common\oak\misc\sources.ReleaseType_PLATFORM
BUILD: [01:0000000154:PROGC ] Compiling .\lcd_qvga.c
BUILD: [01:0000000155:INFO  ] cl -nologo   /Gy -Foobj\ARMV4I\retail\lcd_qvga.obj -c -IARM\ -I. -IC:\WINCE600\platform\COMMON\src\inc -IC:\WINCE600\platform\Z2170P\src\inc -IC:\WINCE600\platform\COMMON\src\soc\COMMON_TI_V1\TRITON\inc -IC:\WINCE600\platform\COMMON\src\soc\COMMON_TI_V1\TPS659xx\inc -IC:\WINCE600\platform\COMMON\src\soc\COMMON_TI_V1\COMMON_TI\inc -IC:\WINCE600\platform\COMMON\src\soc\COMMON_TI_V1\OMAP3530\inc -IC:\WINCE600\platform\COMMON\src\soc\COMMON_TI_V1\COMMON_TI\DSS\inc -IC:\WINCE600\platform\COMMON\src\soc\COMMON_TI_V1\TPS659XX\keypad -IC:\WINCE600\public\common\sdk\inc -IC:\WINCE600\public\common\oak\inc -IC:\WINCE600\public\common\ddk\inc -IC:\WINCE600\sdk\CE\inc -I.\Resource\0409 -Ox -Os -GF -Zi -FdC:\WINCE600\platform\Z2170P\lib\ARMV4I\retail\bsp_display_init.pdb -D_CRT_SECURE_NO_DEPRECATE -D_USE_32BIT_TIME_T -DUNICODE -D_UNICODE -DUNDER_CE=600 -D_WIN32_WCE=0x600 -DWINCEOEM -DWINCEINTERNAL -DWIN32 -DSTRICT -DARM -DARMV4I -D_ARM_ -DNDEBUG=1  -D_SOC_MODEL=OMAP3530 -D_TRITON_MODEL=TPS659xx -DCEDDK_USEDDKMACRO -D_WINCEOSVER=600 -DBSP_EVM2 -DBSP_OPM_SELECT_37XX=4 -DBSP_OPM_SELECT_35XX=5 -DBSP_RTC_WAKES_CPU -DBSP_SDRAM_BANK1_ENABLE -DINTERNATIONAL -DINTLMSG_CODEPAGE=1252 -FAsc -Faobj\ARMV4I\retail\lcd_qvga.cod -WX -QRimplicit-import- -Zi  -Zc:wchar_t- -Zc:forScope- -wd4867 -wd4430 -MT -U_MT -W4 /analyze   /GR- -QRarch4T -DTHUMBSUPPORT -QRinterwork-return  /GS C:\WINCE600\PLATFORM\Z2170P\SRC\BSP_COMMON\DISPLAY\.\lcd_qvga.c
BUILD: [01:0000000156:INFO  ] lcd_qvga.c
BUILD: [01:0000000157:PROGC ] Compiling .\lcd_support.c
BUILD: [01:0000000158:INFO  ] cl -nologo   /Gy -Foobj\ARMV4I\retail\lcd_support.obj -c -IARM\ -I. -IC:\WINCE600\platform\COMMON\src\inc -IC:\WINCE600\platform\Z2170P\src\inc -IC:\WINCE600\platform\COMMON\src\soc\COMMON_TI_V1\TRITON\inc -IC:\WINCE600\platform\COMMON\src\soc\COMMON_TI_V1\TPS659xx\inc -IC:\WINCE600\platform\COMMON\src\soc\COMMON_TI_V1\COMMON_TI\inc -IC:\WINCE600\platform\COMMON\src\soc\COMMON_TI_V1\OMAP3530\inc -IC:\WINCE600\platform\COMMON\src\soc\COMMON_TI_V1\COMMON_TI\DSS\inc -IC:\WINCE600\platform\COMMON\src\soc\COMMON_TI_V1\TPS659XX\keypad -IC:\WINCE600\public\common\sdk\inc -IC:\WINCE600\public\common\oak\inc -IC:\WINCE600\public\common\ddk\inc -IC:\WINCE600\sdk\CE\inc -I.\Resource\0409 -Ox -Os -GF -Zi -FdC:\WINCE600\platform\Z2170P\lib\ARMV4I\retail\bsp_display_init.pdb -D_CRT_SECURE_NO_DEPRECATE -D_USE_32BIT_TIME_T -DUNICODE -D_UNICODE -DUNDER_CE=600 -D_WIN32_WCE=0x600 -DWINCEOEM -DWINCEINTERNAL -DWIN32 -DSTRICT -DARM -DARMV4I -D_ARM_ -DNDEBUG=1  -D_SOC_MODEL=OMAP3530 -D_TRITON_MODEL=TPS659xx -DCEDDK_USEDDKMACRO -D_WINCEOSVER=600 -DBSP_EVM2 -DBSP_OPM_SELECT_37XX=4 -DBSP_OPM_SELECT_35XX=5 -DBSP_RTC_WAKES_CPU -DBSP_SDRAM_BANK1_ENABLE -DINTERNATIONAL -DINTLMSG_CODEPAGE=1252 -FAsc -Faobj\ARMV4I\retail\lcd_support.cod -WX -QRimplicit-import- -Zi  -Zc:wchar_t- -Zc:forScope- -wd4867 -wd4430 -MT -U_MT -W4 /analyze   /GR- -QRarch4T -DTHUMBSUPPORT -QRinterwork-return  /GS C:\WINCE600\PLATFORM\Z2170P\SRC\BSP_COMMON\DISPLAY\.\lcd_support.c
BUILD: [01:0000000159:INFO  ] lcd_support.c
BUILD: [00:0000000160:INFO  ] Will Build C:\WINCE600\PLATFORM\Z2170P\SRC\BSP_COMMON\BSP_PADCFG\bsp_padcfg.c because target: obj\ARMV4I\retail\bsp_padcfg.obj is out of date.
BUILD: [00:0000000161:PROGC ] Building COMPILE Pass in C:\WINCE600\PLATFORM\Z2170P\SRC\BSP_COMMON\BSP_PADCFG\ directory.
BUILD: [00:0000000162:PROG  ] 'NMAKE.EXE TargetCompilePass  -i -c BUILDMSG=Stop.  BUILDROOT=C:\WINCE600\PLATFORM\Z2170P NOLINK=1 NOPASS0=1'
BUILD: [01:0000000163:INFO  ] makefile.def: Including C:\WINCE600\public\common\oak\misc\Sources.default
BUILD: [01:0000000164:INFO  ] makefile.def: BUILDROOT is C:\WINCE600\PLATFORM\Z2170P
BUILD: [01:0000000165:INFO  ] makefile.def: Including C:\WINCE600\PLATFORM\Z2170P\sources.cmn
BUILD: [01:0000000166:INFO  ] makefile.def: Including C:\WINCE600\PLATFORM\Z2170P\SRC\BSP_COMMON\BSP_PADCFG\sources
BUILD: [01:0000000167:INFO  ] makefile.def: Including C:\WINCE600\public\common\oak\misc\Sources.CE
BUILD: [01:0000000168:INFO  ] Directory: C:\WINCE600\PLATFORM\Z2170P\SRC\BSP_COMMON\BSP_PADCFG
BUILD: [01:0000000169:INFO  ] TARGETNAME: BSP_PADCFG
BUILD: [01:0000000170:INFO  ] makefile.def: Including C:\WINCE600\public\common\oak\misc\sources.ReleaseType_PLATFORM
BUILD: [01:0000000171:PROGC ] Compiling .\bsp_padcfg.c
BUILD: [01:0000000172:INFO  ] cl -nologo   /Gy -Foobj\ARMV4I\retail\bsp_padcfg.obj -c -IARM\ -I. -IC:\WINCE600\platform\COMMON\src\inc -IC:\WINCE600\platform\Z2170P\src\inc -IC:\WINCE600\platform\COMMON\src\soc\COMMON_TI_V1\TRITON\inc -IC:\WINCE600\platform\COMMON\src\soc\COMMON_TI_V1\TPS659xx\inc -IC:\WINCE600\platform\COMMON\src\soc\COMMON_TI_V1\COMMON_TI\inc -IC:\WINCE600\platform\COMMON\src\soc\COMMON_TI_V1\OMAP3530\inc -IC:\WINCE600\platform\COMMON\src\soc\COMMON_TI_V1\COMMON_TI\DSS\inc -IC:\WINCE600\platform\COMMON\src\soc\COMMON_TI_V1\TPS659XX\keypad -IC:\WINCE600\public\common\sdk\inc -IC:\WINCE600\public\common\oak\inc -IC:\WINCE600\public\common\ddk\inc -IC:\WINCE600\sdk\CE\inc -I.\Resource\0409 -Ox -Os -GF -Zi -FdC:\WINCE600\platform\Z2170P\lib\ARMV4I\retail\BSP_PADCFG.pdb -D_CRT_SECURE_NO_DEPRECATE -D_USE_32BIT_TIME_T -DUNICODE -D_UNICODE -DUNDER_CE=600 -D_WIN32_WCE=0x600 -DWINCEOEM -DWINCEINTERNAL -DWIN32 -DSTRICT -DARM -DARMV4I -D_ARM_ -DNDEBUG=1  -D_SOC_MODEL=OMAP3530 -D_TRITON_MODEL=TPS659xx -DCEDDK_USEDDKMACRO -D_WINCEOSVER=600 -DBSP_EVM2 -DBSP_OPM_SELECT_37XX=4 -DBSP_OPM_SELECT_35XX=5 -DBSP_RTC_WAKES_CPU -DBSP_SDRAM_BANK1_ENABLE -DINTERNATIONAL -DINTLMSG_CODEPAGE=1252 -FAsc -Faobj\ARMV4I\retail\bsp_padcfg.cod -WX -QRimplicit-import- -Zi  -Zc:wchar_t- -Zc:forScope- -wd4867 -wd4430 -MT -U_MT -W4 /analyze   /GR- -QRarch4T -DTHUMBSUPPORT -QRinterwork-return  /GS C:\WINCE600\PLATFORM\Z2170P\SRC\BSP_COMMON\BSP_PADCFG\.\bsp_padcfg.c
BUILD: [01:0000000173:INFO  ] bsp_padcfg.c
BUILD: [00:0000000174:INFO  ] Will Build C:\WINCE600\PLATFORM\Z2170P\SRC\BSP_COMMON\TPS659XX\bsp_tps659xx.c because target: obj\ARMV4I\retail\bsp_tps659xx.obj is out of date.
BUILD: [00:0000000175:PROGC ] Building COMPILE Pass in C:\WINCE600\PLATFORM\Z2170P\SRC\BSP_COMMON\TPS659XX\ directory.
BUILD: [00:0000000176:PROG  ] 'NMAKE.EXE TargetCompilePass  -i -c BUILDMSG=Stop.  BUILDROOT=C:\WINCE600\PLATFORM\Z2170P NOLINK=1 NOPASS0=1'
BUILD: [01:0000000177:INFO  ] makefile.def: Including C:\WINCE600\public\common\oak\misc\Sources.default
BUILD: [01:0000000178:INFO  ] makefile.def: BUILDROOT is C:\WINCE600\PLATFORM\Z2170P
BUILD: [01:0000000179:INFO  ] makefile.def: Including C:\WINCE600\PLATFORM\Z2170P\sources.cmn
BUILD: [01:0000000180:INFO  ] makefile.def: Including C:\WINCE600\PLATFORM\Z2170P\SRC\BSP_COMMON\TPS659XX\sources
BUILD: [01:0000000181:INFO  ] makefile.def: Including C:\WINCE600\public\common\oak\misc\Sources.CE
BUILD: [01:0000000182:INFO  ] Directory: C:\WINCE600\PLATFORM\Z2170P\SRC\BSP_COMMON\TPS659XX
BUILD: [01:0000000183:INFO  ] TARGETNAME: bsp_tps659xx
BUILD: [01:0000000184:INFO  ] makefile.def: Including C:\WINCE600\public\common\oak\misc\sources.ReleaseType_PLATFORM
BUILD: [01:0000000185:PROGC ] Compiling .\bsp_tps659xx.c
BUILD: [01:0000000186:INFO  ] cl -nologo   /Gy -Foobj\ARMV4I\retail\bsp_tps659xx.obj -c -IARM\ -I. -IC:\WINCE600\platform\COMMON\src\inc -IC:\WINCE600\platform\Z2170P\src\inc -IC:\WINCE600\platform\COMMON\src\soc\COMMON_TI_V1\TRITON\inc -IC:\WINCE600\platform\COMMON\src\soc\COMMON_TI_V1\TPS659xx\inc -IC:\WINCE600\platform\COMMON\src\soc\COMMON_TI_V1\COMMON_TI\inc -IC:\WINCE600\platform\COMMON\src\soc\COMMON_TI_V1\OMAP3530\inc -IC:\WINCE600\platform\COMMON\src\soc\COMMON_TI_V1\COMMON_TI\DSS\inc -IC:\WINCE600\platform\COMMON\src\soc\COMMON_TI_V1\TPS659XX\keypad -IC:\WINCE600\public\common\sdk\inc -IC:\WINCE600\public\common\oak\inc -IC:\WINCE600\public\common\ddk\inc -IC:\WINCE600\sdk\CE\inc -I.\Resource\0409 -Ox -Os -GF -Zi -FdC:\WINCE600\platform\Z2170P\lib\ARMV4I\retail\bsp_tps659xx.pdb -D_CRT_SECURE_NO_DEPRECATE -D_USE_32BIT_TIME_T -DUNICODE -D_UNICODE -DUNDER_CE=600 -D_WIN32_WCE=0x600 -DWINCEOEM -DWINCEINTERNAL -DWIN32 -DSTRICT -DARM -DARMV4I -D_ARM_ -DNDEBUG=1  -D_SOC_MODEL=OMAP3530 -D_TRITON_MODEL=TPS659xx -DCEDDK_USEDDKMACRO -D_WINCEOSVER=600 -DBSP_EVM2 -DBSP_OPM_SELECT_37XX=4 -DBSP_OPM_SELECT_35XX=5 -DBSP_RTC_WAKES_CPU -DBSP_SDRAM_BANK1_ENABLE -DINTERNATIONAL -DINTLMSG_CODEPAGE=1252 -FAsc -Faobj\ARMV4I\retail\bsp_tps659xx.cod -WX -QRimplicit-import- -Zi  -Zc:wchar_t- -Zc:forScope- -wd4867 -wd4430 -MT -U_MT -W4 /analyze   /GR- -QRarch4T -DTHUMBSUPPORT -QRinterwork-return  /GS C:\WINCE600\PLATFORM\Z2170P\SRC\BSP_COMMON\TPS659XX\.\bsp_tps659xx.c
BUILD: [01:0000000187:INFO  ] bsp_tps659xx.c
BUILD: [00:0000000188:INFO  ] Will Build C:\WINCE600\PLATFORM\Z2170P\SRC\BSP_COMMON\USBFN\trans.c because target: obj\ARMV4I\retail\trans.obj is out of date.
BUILD: [00:0000000189:PROGC ] Building COMPILE Pass in C:\WINCE600\PLATFORM\Z2170P\SRC\BSP_COMMON\USBFN\BOOT\ directory.
BUILD: [00:0000000190:PROG  ] 'NMAKE.EXE TargetCompilePass  -i -c BUILDMSG=Stop.  BUILDROOT=C:\WINCE600\PLATFORM\Z2170P NOLINK=1 NOPASS0=1'
BUILD: [01:0000000191:INFO  ] makefile.def: Including C:\WINCE600\public\common\oak\misc\Sources.default
BUILD: [01:0000000192:INFO  ] makefile.def: BUILDROOT is C:\WINCE600\PLATFORM\Z2170P
BUILD: [01:0000000193:INFO  ] makefile.def: Including C:\WINCE600\PLATFORM\Z2170P\sources.cmn
BUILD: [01:0000000194:INFO  ] makefile.def: Including C:\WINCE600\PLATFORM\Z2170P\SRC\BSP_COMMON\USBFN\BOOT\sources
BUILD: [01:0000000195:INFO  ] makefile.def: Including C:\WINCE600\public\common\oak\misc\Sources.CE
BUILD: [01:0000000196:INFO  ] Directory: C:\WINCE600\PLATFORM\Z2170P\SRC\BSP_COMMON\USBFN\BOOT
BUILD: [01:0000000197:INFO  ] TARGETNAME: bsp_boot_ethdrv_usbfn
BUILD: [01:0000000198:INFO  ] makefile.def: Including C:\WINCE600\public\common\oak\misc\sources.ReleaseType_PLATFORM
BUILD: [01:0000000199:PROGC ] Compiling ..\trans.c
BUILD: [01:0000000200:INFO  ] cl -nologo   /Gy -Foobj\ARMV4I\retail\trans.obj -c -IARM\ -I. -IC:\WINCE600\platform\COMMON\src\inc -IC:\WINCE600\platform\Z2170P\src\inc -IC:\WINCE600\platform\COMMON\src\soc\COMMON_TI_V1\TRITON\inc -IC:\WINCE600\platform\COMMON\src\soc\COMMON_TI_V1\TPS659xx\inc -IC:\WINCE600\platform\COMMON\src\soc\COMMON_TI_V1\COMMON_TI\inc -IC:\WINCE600\platform\COMMON\src\soc\COMMON_TI_V1\OMAP3530\inc -IC:\WINCE600\platform\COMMON\src\soc\COMMON_TI_V1\COMMON_TI\DSS\inc -IC:\WINCE600\platform\COMMON\src\soc\COMMON_TI_V1\TPS659XX\keypad -IC:\WINCE600\public\common\sdk\inc -IC:\WINCE600\public\common\oak\inc -IC:\WINCE600\public\common\ddk\inc -IC:\WINCE600\sdk\CE\inc -I.\Resource\0409 -Ox -Os -GF -Zi -FdC:\WINCE600\platform\Z2170P\lib\ARMV4I\retail\bsp_boot_ethdrv_usbfn.pdb -D_CRT_SECURE_NO_DEPRECATE -D_USE_32BIT_TIME_T -DUNICODE -D_UNICODE -DUNDER_CE=600 -D_WIN32_WCE=0x600 -DWINCEOEM -DWINCEINTERNAL -DWIN32 -DSTRICT -DARM -DARMV4I -D_ARM_ -DNDEBUG=1  -D_SOC_MODEL=OMAP3530 -D_TRITON_MODEL=TPS659xx -DCEDDK_USEDDKMACRO -D_WINCEOSVER=600 -DBSP_EVM2 -DBSP_OPM_SELECT_37XX=4 -DBSP_OPM_SELECT_35XX=5 -DBSP_RTC_WAKES_CPU -DBSP_SDRAM_BANK1_ENABLE -DCEDDK_USEDDKMACRO -DBUILDING_BOOTLOADER -DBSP_OMAP_MUSBOTG_TPS659XX -DINTERNATIONAL -DINTLMSG_CODEPAGE=1252 -FAsc -Faobj\ARMV4I\retail\trans.cod -WX -QRimplicit-import- -Zi  -Zc:wchar_t- -Zc:forScope- -wd4867 -wd4430 -MT -U_MT -W4 /analyze   /GR- -QRarch4T -DTHUMBSUPPORT -QRinterwork-return  /GS C:\WINCE600\PLATFORM\Z2170P\SRC\BSP_COMMON\USBFN\BOOT\..\trans.c
BUILD: [01:0000000201:INFO  ] trans.c
BUILD: [00:0000000202:INFO  ] Will Build C:\WINCE600\PLATFORM\Z2170P\SRC\BSP_COMMON\USBFN\trans.c because target: obj\ARMV4I\retail\trans.obj is out of date.
BUILD: [00:0000000203:PROGC ] Building COMPILE Pass in C:\WINCE600\PLATFORM\Z2170P\SRC\BSP_COMMON\USBFN\KITL\ directory.
BUILD: [00:0000000204:PROG  ] 'NMAKE.EXE TargetCompilePass  -i -c BUILDMSG=Stop.  BUILDROOT=C:\WINCE600\PLATFORM\Z2170P NOLINK=1 NOPASS0=1'
BUILD: [01:0000000205:INFO  ] makefile.def: Including C:\WINCE600\public\common\oak\misc\Sources.default
BUILD: [01:0000000206:INFO  ] makefile.def: BUILDROOT is C:\WINCE600\PLATFORM\Z2170P
BUILD: [01:0000000207:INFO  ] makefile.def: Including C:\WINCE600\PLATFORM\Z2170P\sources.cmn
BUILD: [01:0000000208:INFO  ] makefile.def: Including C:\WINCE600\PLATFORM\Z2170P\SRC\BSP_COMMON\USBFN\KITL\sources
BUILD: [01:0000000209:INFO  ] makefile.def: Including C:\WINCE600\public\common\oak\misc\Sources.CE
BUILD: [01:0000000210:INFO  ] Directory: C:\WINCE600\PLATFORM\Z2170P\SRC\BSP_COMMON\USBFN\KITL
BUILD: [01:0000000211:INFO  ] TARGETNAME: bsp_kitl_ethdrv_usbfn
BUILD: [01:0000000212:INFO  ] makefile.def: Including C:\WINCE600\public\common\oak\misc\sources.ReleaseType_PLATFORM
BUILD: [01:0000000213:PROGC ] Compiling ..\trans.c
BUILD: [01:0000000214:INFO  ] cl -nologo   /Gy -Foobj\ARMV4I\retail\trans.obj -c -IARM\ -I. -IC:\WINCE600\platform\COMMON\src\inc -IC:\WINCE600\platform\Z2170P\src\inc -IC:\WINCE600\platform\COMMON\src\soc\COMMON_TI_V1\TRITON\inc -IC:\WINCE600\platform\COMMON\src\soc\COMMON_TI_V1\TPS659xx\inc -IC:\WINCE600\platform\COMMON\src\soc\COMMON_TI_V1\COMMON_TI\inc -IC:\WINCE600\platform\COMMON\src\soc\COMMON_TI_V1\OMAP3530\inc -IC:\WINCE600\platform\COMMON\src\soc\COMMON_TI_V1\COMMON_TI\DSS\inc -IC:\WINCE600\platform\COMMON\src\soc\COMMON_TI_V1\TPS659XX\keypad -IC:\WINCE600\public\common\sdk\inc -IC:\WINCE600\public\common\oak\inc -IC:\WINCE600\public\common\ddk\inc -IC:\WINCE600\sdk\CE\inc -I.\Resource\0409 -Ox -Os -GF -Zi -FdC:\WINCE600\platform\Z2170P\lib\ARMV4I\retail\bsp_kitl_ethdrv_usbfn.pdb -D_CRT_SECURE_NO_DEPRECATE -D_USE_32BIT_TIME_T -DUNICODE -D_UNICODE -DUNDER_CE=600 -D_WIN32_WCE=0x600 -DWINCEOEM -DWINCEINTERNAL -DWIN32 -DSTRICT -DARM -DARMV4I -D_ARM_ -DNDEBUG=1  -D_SOC_MODEL=OMAP3530 -D_TRITON_MODEL=TPS659xx -DCEDDK_USEDDKMACRO -D_WINCEOSVER=600 -DBSP_EVM2 -DBSP_OPM_SELECT_37XX=4 -DBSP_OPM_SELECT_35XX=5 -DBSP_RTC_WAKES_CPU -DBSP_SDRAM_BANK1_ENABLE -DCEDDK_USEDDKMACRO -DBUILDING_KITL -DBSP_OMAP_MUSBOTG_TPS659XX -DINTERNATIONAL -DINTLMSG_CODEPAGE=1252 -FAsc -Faobj\ARMV4I\retail\trans.cod -WX -QRimplicit-import- -Zi  -Zc:wchar_t- -Zc:forScope- -wd4867 -wd4430 -MT -U_MT -W4 /analyze   /GR- -QRarch4T -DTHUMBSUPPORT -QRinterwork-return  /GS C:\WINCE600\PLATFORM\Z2170P\SRC\BSP_COMMON\USBFN\KITL\..\trans.c
BUILD: [01:0000000215:INFO  ] trans.c
BUILD: [00:0000000216:INFO  ] Will Build C:\WINCE600\PLATFORM\Z2170P\SRC\BOOTLOADER\EBOOT\main.c because target: obj\ARMV4I\retail\main.obj is out of date.
BUILD: [00:0000000217:INFO  ] Will Build C:\WINCE600\PLATFORM\Z2170P\SRC\BOOTLOADER\EBOOT\map.c because target: obj\ARMV4I\retail\map.obj is out of date.
BUILD: [00:0000000218:INFO  ] Will Build C:\WINCE600\PLATFORM\Z2170P\SRC\BOOTLOADER\EBOOT\eth.c because target: obj\ARMV4I\retail\eth.obj is out of date.
BUILD: [00:0000000219:INFO  ] Will Build C:\WINCE600\PLATFORM\Z2170P\SRC\BOOTLOADER\EBOOT\menu.c because target: obj\ARMV4I\retail\menu.obj is out of date.
BUILD: [00:0000000220:INFO  ] Will Build C:\WINCE600\PLATFORM\Z2170P\SRC\BOOTLOADER\EBOOT\stub.c because target: obj\ARMV4I\retail\stub.obj is out of date.
BUILD: [00:0000000221:INFO  ] Will Build C:\WINCE600\PLATFORM\Z2170P\SRC\BOOTLOADER\EBOOT\flashmenu.c because target: obj\ARMV4I\retail\flashmenu.obj is out of date.
BUILD: [00:0000000222:INFO  ] Will Build C:\WINCE600\PLATFORM\Z2170P\SRC\BOOTLOADER\EBOOT\mmu.c because target: obj\ARMV4I\retail\mmu.obj is out of date.
BUILD: [00:0000000223:INFO  ] Will Build C:\WINCE600\PLATFORM\Z2170P\SRC\BOOTLOADER\EBOOT\NAND\flash.c because target: obj\ARMV4I\retail\flash.obj is out of date.
BUILD: [00:0000000224:INFO  ] Will Build C:\WINCE600\PLATFORM\Z2170P\SRC\BOOTLOADER\EBOOT\NAND\cfg.c because target: obj\ARMV4I\retail\cfg.obj is out of date.
BUILD: [00:0000000225:INFO  ] Will Build C:\WINCE600\PLATFORM\Z2170P\SRC\BOOTLOADER\EBOOT\startup.s because target: obj\ARMV4I\retail\startup.obj is out of date.
BUILD: [00:0000000226:INFO  ] Will Build C:\WINCE600\PLATFORM\Z2170P\SRC\BOOTLOADER\EBOOT\jumpto.s because target: obj\ARMV4I\retail\jumpto.obj is out of date.
BUILD: [00:0000000227:INFO  ] Will Build C:\WINCE600\PLATFORM\Z2170P\SRC\BOOTLOADER\EBOOT\NAND\ because target: BootImage is missing.
BUILD: [00:0000000228:PROGC ] Building COMPILE Pass in C:\WINCE600\PLATFORM\Z2170P\SRC\BOOTLOADER\EBOOT\NAND\ directory.
BUILD: [00:0000000229:PROG  ] 'NMAKE.EXE TargetCompilePass  -i -c BUILDMSG=Stop.  BUILDROOT=C:\WINCE600\PLATFORM\Z2170P NOLINK=1 NOPASS0=1'
BUILD: [01:0000000230:INFO  ] makefile.def: Including C:\WINCE600\public\common\oak\misc\Sources.default
BUILD: [01:0000000231:INFO  ] makefile.def: BUILDROOT is C:\WINCE600\PLATFORM\Z2170P
BUILD: [01:0000000232:INFO  ] makefile.def: Including C:\WINCE600\PLATFORM\Z2170P\sources.cmn
BUILD: [01:0000000233:INFO  ] makefile.def: Including C:\WINCE600\PLATFORM\Z2170P\SRC\BOOTLOADER\EBOOT\NAND\sources
BUILD: [01:0000000234:INFO  ] makefile.def: Including C:\WINCE600\public\common\oak\misc\Sources.CE
BUILD: [01:0000000235:INFO  ] Directory: C:\WINCE600\PLATFORM\Z2170P\SRC\BOOTLOADER\EBOOT\NAND
BUILD: [01:0000000236:INFO  ] TARGETNAME: ebootnd
BUILD: [01:0000000237:INFO  ] makefile.def: Including C:\WINCE600\public\common\oak\misc\sources.ReleaseType_PLATFORM
BUILD: [01:0000000238:INFO  ] FULLLIBC.LIB found in TARGETLIBS; forcing NOLIBC=1
BUILD: [01:0000000239:INFO  ] FULLLIBC.LIB found in TARGETLIBS; forcing NOCRTDLL=1
BUILD: [01:0000000240:PROGC ] Compiling ..\main.c
BUILD: [01:0000000241:INFO  ] cl -nologo   /Gy -Foobj\ARMV4I\retail\main.obj -c -IARM\ -I. -IC:\WINCE600\platform\COMMON\src\inc -IC:\WINCE600\platform\Z2170P\src\inc -IC:\WINCE600\platform\COMMON\src\soc\COMMON_TI_V1\TRITON\inc -IC:\WINCE600\platform\COMMON\src\soc\COMMON_TI_V1\TPS659xx\inc -IC:\WINCE600\platform\COMMON\src\soc\COMMON_TI_V1\COMMON_TI\inc -IC:\WINCE600\platform\COMMON\src\soc\COMMON_TI_V1\OMAP3530\inc -IC:\WINCE600\platform\COMMON\src\soc\COMMON_TI_V1\COMMON_TI\DSS\inc -IC:\WINCE600\platform\COMMON\src\soc\COMMON_TI_V1\TPS659XX\keypad -IC:\WINCE600\public\common\oak\drivers\block\msflashfmd\inc -I.. -IC:\WINCE600\public\common\sdk\inc -IC:\WINCE600\public\common\oak\inc -IC:\WINCE600\public\common\ddk\inc -IC:\WINCE600\sdk\CE\inc -I.\Resource\0409 -Ox -Os -GF -Zi -FdC:\WINCE600\platform\Z2170P\target\ARMV4I\retail\ebootnd.pdb -D_CRT_SECURE_NO_DEPRECATE -D_USE_32BIT_TIME_T -DUNICODE -D_UNICODE -DUNDER_CE=600 -D_WIN32_WCE=0x600 -DWINCEOEM -DWINCEINTERNAL -DWIN32 -DSTRICT -DARM -DARMV4I -D_ARM_ -DNDEBUG=1  -D_SOC_MODEL=OMAP3530 -D_TRITON_MODEL=TPS659xx -DCEDDK_USEDDKMACRO -D_WINCEOSVER=600 -DBSP_EVM2 -DBSP_OPM_SELECT_37XX=4 -DBSP_OPM_SELECT_35XX=5 -DBSP_RTC_WAKES_CPU -DBSP_SDRAM_BANK1_ENABLE -DCOREDLL -DINTERNATIONAL -DINTLMSG_CODEPAGE=1252 -FAsc -Faobj\ARMV4I\retail\main.cod -WX -QRimplicit-import- -Zi  -Zc:wchar_t- -Zc:forScope- -wd4867 -wd4430 -MT -U_MT -W4 /analyze   /GR- -QRarch4T -DTHUMBSUPPORT -QRinterwork-return  /GS C:\WINCE600\PLATFORM\Z2170P\SRC\BOOTLOADER\EBOOT\NAND\..\main.c
BUILD: [01:0000000242:INFO  ] main.c
BUILD: [01:0000000243:PROGC ] Compiling ..\map.c
BUILD: [01:0000000244:INFO  ] cl -nologo   /Gy -Foobj\ARMV4I\retail\map.obj -c -IARM\ -I. -IC:\WINCE600\platform\COMMON\src\inc -IC:\WINCE600\platform\Z2170P\src\inc -IC:\WINCE600\platform\COMMON\src\soc\COMMON_TI_V1\TRITON\inc -IC:\WINCE600\platform\COMMON\src\soc\COMMON_TI_V1\TPS659xx\inc -IC:\WINCE600\platform\COMMON\src\soc\COMMON_TI_V1\COMMON_TI\inc -IC:\WINCE600\platform\COMMON\src\soc\COMMON_TI_V1\OMAP3530\inc -IC:\WINCE600\platform\COMMON\src\soc\COMMON_TI_V1\COMMON_TI\DSS\inc -IC:\WINCE600\platform\COMMON\src\soc\COMMON_TI_V1\TPS659XX\keypad -IC:\WINCE600\public\common\oak\drivers\block\msflashfmd\inc -I.. -IC:\WINCE600\public\common\sdk\inc -IC:\WINCE600\public\common\oak\inc -IC:\WINCE600\public\common\ddk\inc -IC:\WINCE600\sdk\CE\inc -I.\Resource\0409 -Ox -Os -GF -Zi -FdC:\WINCE600\platform\Z2170P\target\ARMV4I\retail\ebootnd.pdb -D_CRT_SECURE_NO_DEPRECATE -D_USE_32BIT_TIME_T -DUNICODE -D_UNICODE -DUNDER_CE=600 -D_WIN32_WCE=0x600 -DWINCEOEM -DWINCEINTERNAL -DWIN32 -DSTRICT -DARM -DARMV4I -D_ARM_ -DNDEBUG=1  -D_SOC_MODEL=OMAP3530 -D_TRITON_MODEL=TPS659xx -DCEDDK_USEDDKMACRO -D_WINCEOSVER=600 -DBSP_EVM2 -DBSP_OPM_SELECT_37XX=4 -DBSP_OPM_SELECT_35XX=5 -DBSP_RTC_WAKES_CPU -DBSP_SDRAM_BANK1_ENABLE -DCOREDLL -DINTERNATIONAL -DINTLMSG_CODEPAGE=1252 -FAsc -Faobj\ARMV4I\retail\map.cod -WX -QRimplicit-import- -Zi  -Zc:wchar_t- -Zc:forScope- -wd4867 -wd4430 -MT -U_MT -W4 /analyze   /GR- -QRarch4T -DTHUMBSUPPORT -QRinterwork-return  /GS C:\WINCE600\PLATFORM\Z2170P\SRC\BOOTLOADER\EBOOT\NAND\..\map.c
BUILD: [01:0000000245:INFO  ] map.c
BUILD: [01:0000000246:PROGC ] Compiling ..\eth.c
BUILD: [01:0000000247:INFO  ] cl -nologo   /Gy -Foobj\ARMV4I\retail\eth.obj -c -IARM\ -I. -IC:\WINCE600\platform\COMMON\src\inc -IC:\WINCE600\platform\Z2170P\src\inc -IC:\WINCE600\platform\COMMON\src\soc\COMMON_TI_V1\TRITON\inc -IC:\WINCE600\platform\COMMON\src\soc\COMMON_TI_V1\TPS659xx\inc -IC:\WINCE600\platform\COMMON\src\soc\COMMON_TI_V1\COMMON_TI\inc -IC:\WINCE600\platform\COMMON\src\soc\COMMON_TI_V1\OMAP3530\inc -IC:\WINCE600\platform\COMMON\src\soc\COMMON_TI_V1\COMMON_TI\DSS\inc -IC:\WINCE600\platform\COMMON\src\soc\COMMON_TI_V1\TPS659XX\keypad -IC:\WINCE600\public\common\oak\drivers\block\msflashfmd\inc -I.. -IC:\WINCE600\public\common\sdk\inc -IC:\WINCE600\public\common\oak\inc -IC:\WINCE600\public\common\ddk\inc -IC:\WINCE600\sdk\CE\inc -I.\Resource\0409 -Ox -Os -GF -Zi -FdC:\WINCE600\platform\Z2170P\target\ARMV4I\retail\ebootnd.pdb -D_CRT_SECURE_NO_DEPRECATE -D_USE_32BIT_TIME_T -DUNICODE -D_UNICODE -DUNDER_CE=600 -D_WIN32_WCE=0x600 -DWINCEOEM -DWINCEINTERNAL -DWIN32 -DSTRICT -DARM -DARMV4I -D_ARM_ -DNDEBUG=1  -D_SOC_MODEL=OMAP3530 -D_TRITON_MODEL=TPS659xx -DCEDDK_USEDDKMACRO -D_WINCEOSVER=600 -DBSP_EVM2 -DBSP_OPM_SELECT_37XX=4 -DBSP_OPM_SELECT_35XX=5 -DBSP_RTC_WAKES_CPU -DBSP_SDRAM_BANK1_ENABLE -DCOREDLL -DINTERNATIONAL -DINTLMSG_CODEPAGE=1252 -FAsc -Faobj\ARMV4I\retail\eth.cod -WX -QRimplicit-import- -Zi  -Zc:wchar_t- -Zc:forScope- -wd4867 -wd4430 -MT -U_MT -W4 /analyze   /GR- -QRarch4T -DTHUMBSUPPORT -QRinterwork-return  /GS C:\WINCE600\PLATFORM\Z2170P\SRC\BOOTLOADER\EBOOT\NAND\..\eth.c
BUILD: [01:0000000248:INFO  ] eth.c
BUILD: [01:0000000249:PROGC ] Compiling ..\menu.c
BUILD: [01:0000000250:INFO  ] cl -nologo   /Gy -Foobj\ARMV4I\retail\menu.obj -c -IARM\ -I. -IC:\WINCE600\platform\COMMON\src\inc -IC:\WINCE600\platform\Z2170P\src\inc -IC:\WINCE600\platform\COMMON\src\soc\COMMON_TI_V1\TRITON\inc -IC:\WINCE600\platform\COMMON\src\soc\COMMON_TI_V1\TPS659xx\inc -IC:\WINCE600\platform\COMMON\src\soc\COMMON_TI_V1\COMMON_TI\inc -IC:\WINCE600\platform\COMMON\src\soc\COMMON_TI_V1\OMAP3530\inc -IC:\WINCE600\platform\COMMON\src\soc\COMMON_TI_V1\COMMON_TI\DSS\inc -IC:\WINCE600\platform\COMMON\src\soc\COMMON_TI_V1\TPS659XX\keypad -IC:\WINCE600\public\common\oak\drivers\block\msflashfmd\inc -I.. -IC:\WINCE600\public\common\sdk\inc -IC:\WINCE600\public\common\oak\inc -IC:\WINCE600\public\common\ddk\inc -IC:\WINCE600\sdk\CE\inc -I.\Resource\0409 -Ox -Os -GF -Zi -FdC:\WINCE600\platform\Z2170P\target\ARMV4I\retail\ebootnd.pdb -D_CRT_SECURE_NO_DEPRECATE -D_USE_32BIT_TIME_T -DUNICODE -D_UNICODE -DUNDER_CE=600 -D_WIN32_WCE=0x600 -DWINCEOEM -DWINCEINTERNAL -DWIN32 -DSTRICT -DARM -DARMV4I -D_ARM_ -DNDEBUG=1  -D_SOC_MODEL=OMAP3530 -D_TRITON_MODEL=TPS659xx -DCEDDK_USEDDKMACRO -D_WINCEOSVER=600 -DBSP_EVM2 -DBSP_OPM_SELECT_37XX=4 -DBSP_OPM_SELECT_35XX=5 -DBSP_RTC_WAKES_CPU -DBSP_SDRAM_BANK1_ENABLE -DCOREDLL -DINTERNATIONAL -DINTLMSG_CODEPAGE=1252 -FAsc -Faobj\ARMV4I\retail\menu.cod -WX -QRimplicit-import- -Zi  -Zc:wchar_t- -Zc:forScope- -wd4867 -wd4430 -MT -U_MT -W4 /analyze   /GR- -QRarch4T -DTHUMBSUPPORT -QRinterwork-return  /GS C:\WINCE600\PLATFORM\Z2170P\SRC\BOOTLOADER\EBOOT\NAND\..\menu.c
BUILD: [01:0000000251:INFO  ] menu.c
BUILD: [01:0000000252:PROGC ] Compiling ..\stub.c
BUILD: [01:0000000253:INFO  ] cl -nologo   /Gy -Foobj\ARMV4I\retail\stub.obj -c -IARM\ -I. -IC:\WINCE600\platform\COMMON\src\inc -IC:\WINCE600\platform\Z2170P\src\inc -IC:\WINCE600\platform\COMMON\src\soc\COMMON_TI_V1\TRITON\inc -IC:\WINCE600\platform\COMMON\src\soc\COMMON_TI_V1\TPS659xx\inc -IC:\WINCE600\platform\COMMON\src\soc\COMMON_TI_V1\COMMON_TI\inc -IC:\WINCE600\platform\COMMON\src\soc\COMMON_TI_V1\OMAP3530\inc -IC:\WINCE600\platform\COMMON\src\soc\COMMON_TI_V1\COMMON_TI\DSS\inc -IC:\WINCE600\platform\COMMON\src\soc\COMMON_TI_V1\TPS659XX\keypad -IC:\WINCE600\public\common\oak\drivers\block\msflashfmd\inc -I.. -IC:\WINCE600\public\common\sdk\inc -IC:\WINCE600\public\common\oak\inc -IC:\WINCE600\public\common\ddk\inc -IC:\WINCE600\sdk\CE\inc -I.\Resource\0409 -Ox -Os -GF -Zi -FdC:\WINCE600\platform\Z2170P\target\ARMV4I\retail\ebootnd.pdb -D_CRT_SECURE_NO_DEPRECATE -D_USE_32BIT_TIME_T -DUNICODE -D_UNICODE -DUNDER_CE=600 -D_WIN32_WCE=0x600 -DWINCEOEM -DWINCEINTERNAL -DWIN32 -DSTRICT -DARM -DARMV4I -D_ARM_ -DNDEBUG=1  -D_SOC_MODEL=OMAP3530 -D_TRITON_MODEL=TPS659xx -DCEDDK_USEDDKMACRO -D_WINCEOSVER=600 -DBSP_EVM2 -DBSP_OPM_SELECT_37XX=4 -DBSP_OPM_SELECT_35XX=5 -DBSP_RTC_WAKES_CPU -DBSP_SDRAM_BANK1_ENABLE -DCOREDLL -DINTERNATIONAL -DINTLMSG_CODEPAGE=1252 -FAsc -Faobj\ARMV4I\retail\stub.cod -WX -QRimplicit-import- -Zi  -Zc:wchar_t- -Zc:forScope- -wd4867 -wd4430 -MT -U_MT -W4 /analyze   /GR- -QRarch4T -DTHUMBSUPPORT -QRinterwork-return  /GS C:\WINCE600\PLATFORM\Z2170P\SRC\BOOTLOADER\EBOOT\NAND\..\stub.c
BUILD: [01:0000000254:INFO  ] stub.c
BUILD: [01:0000000255:PROGC ] Compiling ..\flashmenu.c
BUILD: [01:0000000256:INFO  ] cl -nologo   /Gy -Foobj\ARMV4I\retail\flashmenu.obj -c -IARM\ -I. -IC:\WINCE600\platform\COMMON\src\inc -IC:\WINCE600\platform\Z2170P\src\inc -IC:\WINCE600\platform\COMMON\src\soc\COMMON_TI_V1\TRITON\inc -IC:\WINCE600\platform\COMMON\src\soc\COMMON_TI_V1\TPS659xx\inc -IC:\WINCE600\platform\COMMON\src\soc\COMMON_TI_V1\COMMON_TI\inc -IC:\WINCE600\platform\COMMON\src\soc\COMMON_TI_V1\OMAP3530\inc -IC:\WINCE600\platform\COMMON\src\soc\COMMON_TI_V1\COMMON_TI\DSS\inc -IC:\WINCE600\platform\COMMON\src\soc\COMMON_TI_V1\TPS659XX\keypad -IC:\WINCE600\public\common\oak\drivers\block\msflashfmd\inc -I.. -IC:\WINCE600\public\common\sdk\inc -IC:\WINCE600\public\common\oak\inc -IC:\WINCE600\public\common\ddk\inc -IC:\WINCE600\sdk\CE\inc -I.\Resource\0409 -Ox -Os -GF -Zi -FdC:\WINCE600\platform\Z2170P\target\ARMV4I\retail\ebootnd.pdb -D_CRT_SECURE_NO_DEPRECATE -D_USE_32BIT_TIME_T -DUNICODE -D_UNICODE -DUNDER_CE=600 -D_WIN32_WCE=0x600 -DWINCEOEM -DWINCEINTERNAL -DWIN32 -DSTRICT -DARM -DARMV4I -D_ARM_ -DNDEBUG=1  -D_SOC_MODEL=OMAP3530 -D_TRITON_MODEL=TPS659xx -DCEDDK_USEDDKMACRO -D_WINCEOSVER=600 -DBSP_EVM2 -DBSP_OPM_SELECT_37XX=4 -DBSP_OPM_SELECT_35XX=5 -DBSP_RTC_WAKES_CPU -DBSP_SDRAM_BANK1_ENABLE -DCOREDLL -DINTERNATIONAL -DINTLMSG_CODEPAGE=1252 -FAsc -Faobj\ARMV4I\retail\flashmenu.cod -WX -QRimplicit-import- -Zi  -Zc:wchar_t- -Zc:forScope- -wd4867 -wd4430 -MT -U_MT -W4 /analyze   /GR- -QRarch4T -DTHUMBSUPPORT -QRinterwork-return  /GS C:\WINCE600\PLATFORM\Z2170P\SRC\BOOTLOADER\EBOOT\NAND\..\flashmenu.c
BUILD: [01:0000000257:INFO  ] flashmenu.c
BUILD: [01:0000000258:PROGC ] Compiling ..\mmu.c
BUILD: [01:0000000259:INFO  ] cl -nologo   /Gy -Foobj\ARMV4I\retail\mmu.obj -c -IARM\ -I. -IC:\WINCE600\platform\COMMON\src\inc -IC:\WINCE600\platform\Z2170P\src\inc -IC:\WINCE600\platform\COMMON\src\soc\COMMON_TI_V1\TRITON\inc -IC:\WINCE600\platform\COMMON\src\soc\COMMON_TI_V1\TPS659xx\inc -IC:\WINCE600\platform\COMMON\src\soc\COMMON_TI_V1\COMMON_TI\inc -IC:\WINCE600\platform\COMMON\src\soc\COMMON_TI_V1\OMAP3530\inc -IC:\WINCE600\platform\COMMON\src\soc\COMMON_TI_V1\COMMON_TI\DSS\inc -IC:\WINCE600\platform\COMMON\src\soc\COMMON_TI_V1\TPS659XX\keypad -IC:\WINCE600\public\common\oak\drivers\block\msflashfmd\inc -I.. -IC:\WINCE600\public\common\sdk\inc -IC:\WINCE600\public\common\oak\inc -IC:\WINCE600\public\common\ddk\inc -IC:\WINCE600\sdk\CE\inc -I.\Resource\0409 -Ox -Os -GF -Zi -FdC:\WINCE600\platform\Z2170P\target\ARMV4I\retail\ebootnd.pdb -D_CRT_SECURE_NO_DEPRECATE -D_USE_32BIT_TIME_T -DUNICODE -D_UNICODE -DUNDER_CE=600 -D_WIN32_WCE=0x600 -DWINCEOEM -DWINCEINTERNAL -DWIN32 -DSTRICT -DARM -DARMV4I -D_ARM_ -DNDEBUG=1  -D_SOC_MODEL=OMAP3530 -D_TRITON_MODEL=TPS659xx -DCEDDK_USEDDKMACRO -D_WINCEOSVER=600 -DBSP_EVM2 -DBSP_OPM_SELECT_37XX=4 -DBSP_OPM_SELECT_35XX=5 -DBSP_RTC_WAKES_CPU -DBSP_SDRAM_BANK1_ENABLE -DCOREDLL -DINTERNATIONAL -DINTLMSG_CODEPAGE=1252 -FAsc -Faobj\ARMV4I\retail\mmu.cod -WX -QRimplicit-import- -Zi  -Zc:wchar_t- -Zc:forScope- -wd4867 -wd4430 -MT -U_MT -W4 /analyze   /GR- -QRarch4T -DTHUMBSUPPORT -QRinterwork-return  /GS C:\WINCE600\PLATFORM\Z2170P\SRC\BOOTLOADER\EBOOT\NAND\..\mmu.c
BUILD: [01:0000000260:INFO  ] mmu.c
BUILD: [01:0000000261:PROGC ] Assembling ..\startup.s
BUILD: [01:0000000262:INFO  ] 	armasm -coff  -list obj\ARMV4I\retail\startup.lst -wi 150 -l 0 -cr -pd "BSP_SDRAM_BANK1_ENABLE SETL {TRUE}"  -i C:\WINCE600\platform\COMMON\src\inc,C:\WINCE600\platform\Z2170P\src\inc,C:\WINCE600\platform\COMMON\src\soc\COMMON_TI_V1\TRITON\inc,C:\WINCE600\platform\COMMON\src\soc\COMMON_TI_V1\TPS659xx\inc,C:\WINCE600\platform\COMMON\src\soc\COMMON_TI_V1\COMMON_TI\inc,C:\WINCE600\platform\COMMON\src\soc\COMMON_TI_V1\OMAP3530\inc,C:\WINCE600\platform\COMMON\src\soc\COMMON_TI_V1\COMMON_TI\DSS\inc,C:\WINCE600\platform\COMMON\src\soc\COMMON_TI_V1\TPS659XX\keypad,C:\WINCE600\public\common\oak\drivers\block\msflashfmd\inc,..,C:\WINCE600\public\common\sdk\inc,C:\WINCE600\public\common\oak\inc,C:\WINCE600\public\common\ddk\inc,C:\WINCE600\sdk\CE\inc -i arm -arch 4t -pd "Thumbing SETL {FALSE}" -pd "Interworking SETL {TRUE}"  C:\WINCE600\PLATFORM\Z2170P\SRC\BOOTLOADER\EBOOT\NAND\..\startup.s obj\ARMV4I\retail\startup.obj
BUILD: [01:0000000263:INFO  ] Microsoft (R) ARM Macro Assembler Version 14.01.60511
BUILD: [01:0000000264:INFO  ] Copyright (C) Microsoft Corporation.  All rights reserved.
BUILD: [01:0000000265:INFO  ] 
BUILD: [01:0000000266:PROGC ] Assembling ..\jumpto.s
BUILD: [01:0000000267:INFO  ] 	armasm -coff  -list obj\ARMV4I\retail\jumpto.lst -wi 150 -l 0 -cr -pd "BSP_SDRAM_BANK1_ENABLE SETL {TRUE}"  -i C:\WINCE600\platform\COMMON\src\inc,C:\WINCE600\platform\Z2170P\src\inc,C:\WINCE600\platform\COMMON\src\soc\COMMON_TI_V1\TRITON\inc,C:\WINCE600\platform\COMMON\src\soc\COMMON_TI_V1\TPS659xx\inc,C:\WINCE600\platform\COMMON\src\soc\COMMON_TI_V1\COMMON_TI\inc,C:\WINCE600\platform\COMMON\src\soc\COMMON_TI_V1\OMAP3530\inc,C:\WINCE600\platform\COMMON\src\soc\COMMON_TI_V1\COMMON_TI\DSS\inc,C:\WINCE600\platform\COMMON\src\soc\COMMON_TI_V1\TPS659XX\keypad,C:\WINCE600\public\common\oak\drivers\block\msflashfmd\inc,..,C:\WINCE600\public\common\sdk\inc,C:\WINCE600\public\common\oak\inc,C:\WINCE600\public\common\ddk\inc,C:\WINCE600\sdk\CE\inc -i arm -arch 4t -pd "Thumbing SETL {FALSE}" -pd "Interworking SETL {TRUE}"  C:\WINCE600\PLATFORM\Z2170P\SRC\BOOTLOADER\EBOOT\NAND\..\jumpto.s obj\ARMV4I\retail\jumpto.obj
BUILD: [01:0000000268:INFO  ] Microsoft (R) ARM Macro Assembler Version 14.01.60511
BUILD: [01:0000000269:INFO  ] Copyright (C) Microsoft Corporation.  All rights reserved.
BUILD: [01:0000000270:INFO  ] 
BUILD: [01:0000000271:PROGC ] Compiling .\flash.c
BUILD: [01:0000000272:INFO  ] cl -nologo   /Gy -Foobj\ARMV4I\retail\flash.obj -c -IARM\ -I. -IC:\WINCE600\platform\COMMON\src\inc -IC:\WINCE600\platform\Z2170P\src\inc -IC:\WINCE600\platform\COMMON\src\soc\COMMON_TI_V1\TRITON\inc -IC:\WINCE600\platform\COMMON\src\soc\COMMON_TI_V1\TPS659xx\inc -IC:\WINCE600\platform\COMMON\src\soc\COMMON_TI_V1\COMMON_TI\inc -IC:\WINCE600\platform\COMMON\src\soc\COMMON_TI_V1\OMAP3530\inc -IC:\WINCE600\platform\COMMON\src\soc\COMMON_TI_V1\COMMON_TI\DSS\inc -IC:\WINCE600\platform\COMMON\src\soc\COMMON_TI_V1\TPS659XX\keypad -IC:\WINCE600\public\common\oak\drivers\block\msflashfmd\inc -I.. -IC:\WINCE600\public\common\sdk\inc -IC:\WINCE600\public\common\oak\inc -IC:\WINCE600\public\common\ddk\inc -IC:\WINCE600\sdk\CE\inc -I.\Resource\0409 -Ox -Os -GF -Zi -FdC:\WINCE600\platform\Z2170P\target\ARMV4I\retail\ebootnd.pdb -D_CRT_SECURE_NO_DEPRECATE -D_USE_32BIT_TIME_T -DUNICODE -D_UNICODE -DUNDER_CE=600 -D_WIN32_WCE=0x600 -DWINCEOEM -DWINCEINTERNAL -DWIN32 -DSTRICT -DARM -DARMV4I -D_ARM_ -DNDEBUG=1  -D_SOC_MODEL=OMAP3530 -D_TRITON_MODEL=TPS659xx -DCEDDK_USEDDKMACRO -D_WINCEOSVER=600 -DBSP_EVM2 -DBSP_OPM_SELECT_37XX=4 -DBSP_OPM_SELECT_35XX=5 -DBSP_RTC_WAKES_CPU -DBSP_SDRAM_BANK1_ENABLE -DCOREDLL -DINTERNATIONAL -DINTLMSG_CODEPAGE=1252 -FAsc -Faobj\ARMV4I\retail\flash.cod -WX -QRimplicit-import- -Zi  -Zc:wchar_t- -Zc:forScope- -wd4867 -wd4430 -MT -U_MT -W4 /analyze   /GR- -QRarch4T -DTHUMBSUPPORT -QRinterwork-return  /GS C:\WINCE600\PLATFORM\Z2170P\SRC\BOOTLOADER\EBOOT\NAND\.\flash.c
BUILD: [01:0000000273:INFO  ] flash.c
BUILD: [01:0000000274:PROGC ] Compiling .\cfg.c
BUILD: [01:0000000275:INFO  ] cl -nologo   /Gy -Foobj\ARMV4I\retail\cfg.obj -c -IARM\ -I. -IC:\WINCE600\platform\COMMON\src\inc -IC:\WINCE600\platform\Z2170P\src\inc -IC:\WINCE600\platform\COMMON\src\soc\COMMON_TI_V1\TRITON\inc -IC:\WINCE600\platform\COMMON\src\soc\COMMON_TI_V1\TPS659xx\inc -IC:\WINCE600\platform\COMMON\src\soc\COMMON_TI_V1\COMMON_TI\inc -IC:\WINCE600\platform\COMMON\src\soc\COMMON_TI_V1\OMAP3530\inc -IC:\WINCE600\platform\COMMON\src\soc\COMMON_TI_V1\COMMON_TI\DSS\inc -IC:\WINCE600\platform\COMMON\src\soc\COMMON_TI_V1\TPS659XX\keypad -IC:\WINCE600\public\common\oak\drivers\block\msflashfmd\inc -I.. -IC:\WINCE600\public\common\sdk\inc -IC:\WINCE600\public\common\oak\inc -IC:\WINCE600\public\common\ddk\inc -IC:\WINCE600\sdk\CE\inc -I.\Resource\0409 -Ox -Os -GF -Zi -FdC:\WINCE600\platform\Z2170P\target\ARMV4I\retail\ebootnd.pdb -D_CRT_SECURE_NO_DEPRECATE -D_USE_32BIT_TIME_T -DUNICODE -D_UNICODE -DUNDER_CE=600 -D_WIN32_WCE=0x600 -DWINCEOEM -DWINCEINTERNAL -DWIN32 -DSTRICT -DARM -DARMV4I -D_ARM_ -DNDEBUG=1  -D_SOC_MODEL=OMAP3530 -D_TRITON_MODEL=TPS659xx -DCEDDK_USEDDKMACRO -D_WINCEOSVER=600 -DBSP_EVM2 -DBSP_OPM_SELECT_37XX=4 -DBSP_OPM_SELECT_35XX=5 -DBSP_RTC_WAKES_CPU -DBSP_SDRAM_BANK1_ENABLE -DCOREDLL -DINTERNATIONAL -DINTLMSG_CODEPAGE=1252 -FAsc -Faobj\ARMV4I\retail\cfg.cod -WX -QRimplicit-import- -Zi  -Zc:wchar_t- -Zc:forScope- -wd4867 -wd4430 -MT -U_MT -W4 /analyze   /GR- -QRarch4T -DTHUMBSUPPORT -QRinterwork-return  /GS C:\WINCE600\PLATFORM\Z2170P\SRC\BOOTLOADER\EBOOT\NAND\.\cfg.c
BUILD: [01:0000000276:INFO  ] cfg.c
BUILD: [00:0000000277:INFO  ] Will Build C:\WINCE600\PLATFORM\Z2170P\SRC\BOOTLOADER\EBOOT\SDMEMORY\ because target: BootImage is missing.
BUILD: [00:0000000278:INFO  ] Will Build C:\WINCE600\PLATFORM\Z2170P\SRC\BOOTLOADER\STUB\bsp_bootstubs.c because target: obj\ARMV4I\retail\bsp_bootstubs.obj is out of date.
BUILD: [00:0000000279:PROGC ] Building COMPILE Pass in C:\WINCE600\PLATFORM\Z2170P\SRC\BOOTLOADER\STUB\EBOOT\ directory.
BUILD: [00:0000000280:PROG  ] 'NMAKE.EXE TargetCompilePass  -i -c BUILDMSG=Stop.  BUILDROOT=C:\WINCE600\PLATFORM\Z2170P NOLINK=1 NOPASS0=1'
BUILD: [01:0000000281:INFO  ] makefile.def: Including C:\WINCE600\public\common\oak\misc\Sources.default
BUILD: [01:0000000282:INFO  ] makefile.def: BUILDROOT is C:\WINCE600\PLATFORM\Z2170P
BUILD: [01:0000000283:INFO  ] makefile.def: Including C:\WINCE600\PLATFORM\Z2170P\sources.cmn
BUILD: [01:0000000284:INFO  ] makefile.def: Including C:\WINCE600\PLATFORM\Z2170P\SRC\BOOTLOADER\STUB\EBOOT\sources
BUILD: [01:0000000285:INFO  ] makefile.def: Including C:\WINCE600\public\common\oak\misc\Sources.CE
BUILD: [01:0000000286:INFO  ] Directory: C:\WINCE600\PLATFORM\Z2170P\SRC\BOOTLOADER\STUB\EBOOT
BUILD: [01:0000000287:INFO  ] TARGETNAME: bsp_bootstubs
BUILD: [01:0000000288:INFO  ] makefile.def: Including C:\WINCE600\public\common\oak\misc\sources.ReleaseType_PLATFORM
BUILD: [01:0000000289:PROGC ] Compiling ..\bsp_bootstubs.c
BUILD: [01:0000000290:INFO  ] cl -nologo   /Gy -Foobj\ARMV4I\retail\bsp_bootstubs.obj -c -IARM\ -I. -IC:\WINCE600\platform\COMMON\src\inc -IC:\WINCE600\platform\Z2170P\src\inc -IC:\WINCE600\platform\COMMON\src\soc\COMMON_TI_V1\TRITON\inc -IC:\WINCE600\platform\COMMON\src\soc\COMMON_TI_V1\TPS659xx\inc -IC:\WINCE600\platform\COMMON\src\soc\COMMON_TI_V1\COMMON_TI\inc -IC:\WINCE600\platform\COMMON\src\soc\COMMON_TI_V1\OMAP3530\inc -IC:\WINCE600\platform\COMMON\src\soc\COMMON_TI_V1\COMMON_TI\DSS\inc -IC:\WINCE600\platform\COMMON\src\soc\COMMON_TI_V1\TPS659XX\keypad -IC:\WINCE600\public\common\sdk\inc -IC:\WINCE600\public\common\oak\inc -IC:\WINCE600\public\common\ddk\inc -IC:\WINCE600\sdk\CE\inc -I.\Resource\0409 -Ox -Os -GF -Zi -FdC:\WINCE600\platform\Z2170P\lib\ARMV4I\retail\bsp_bootstubs.pdb -D_CRT_SECURE_NO_DEPRECATE -D_USE_32BIT_TIME_T -DUNICODE -D_UNICODE -DUNDER_CE=600 -D_WIN32_WCE=0x600 -DWINCEOEM -DWINCEINTERNAL -DWIN32 -DSTRICT -DARM -DARMV4I -D_ARM_ -DNDEBUG=1  -D_SOC_MODEL=OMAP3530 -D_TRITON_MODEL=TPS659xx -DCEDDK_USEDDKMACRO -D_WINCEOSVER=600 -DBSP_EVM2 -DBSP_OPM_SELECT_37XX=4 -DBSP_OPM_SELECT_35XX=5 -DBSP_RTC_WAKES_CPU -DBSP_SDRAM_BANK1_ENABLE -DINTERNATIONAL -DINTLMSG_CODEPAGE=1252 -FAsc -Faobj\ARMV4I\retail\bsp_bootstubs.cod -WX -QRimplicit-import- -Zi  -Zc:wchar_t- -Zc:forScope- -wd4867 -wd4430 -MT -U_MT -W4 /analyze   /GR- -QRarch4T -DTHUMBSUPPORT -QRinterwork-return  /GS C:\WINCE600\PLATFORM\Z2170P\SRC\BOOTLOADER\STUB\EBOOT\..\bsp_bootstubs.c
BUILD: [01:0000000291:INFO  ] bsp_bootstubs.c
BUILD: [00:0000000292:INFO  ] Will Build C:\WINCE600\PLATFORM\Z2170P\SRC\BOOTLOADER\STUB\bsp_bootstubs.c because target: obj\ARMV4I\retail\bsp_bootstubs.obj is out of date.
BUILD: [00:0000000293:PROGC ] Building COMPILE Pass in C:\WINCE600\PLATFORM\Z2170P\SRC\BOOTLOADER\STUB\XLDR\ directory.
BUILD: [00:0000000294:PROG  ] 'NMAKE.EXE TargetCompilePass  -i -c BUILDMSG=Stop.  BUILDROOT=C:\WINCE600\PLATFORM\Z2170P NOLINK=1 NOPASS0=1'
BUILD: [01:0000000295:INFO  ] makefile.def: Including C:\WINCE600\public\common\oak\misc\Sources.default
BUILD: [01:0000000296:INFO  ] makefile.def: BUILDROOT is C:\WINCE600\PLATFORM\Z2170P
BUILD: [01:0000000297:INFO  ] makefile.def: Including C:\WINCE600\PLATFORM\Z2170P\sources.cmn
BUILD: [01:0000000298:INFO  ] makefile.def: Including C:\WINCE600\PLATFORM\Z2170P\SRC\BOOTLOADER\STUB\XLDR\sources
BUILD: [01:0000000299:INFO  ] makefile.def: Including C:\WINCE600\public\common\oak\misc\Sources.CE
BUILD: [01:0000000300:INFO  ] Directory: C:\WINCE600\PLATFORM\Z2170P\SRC\BOOTLOADER\STUB\XLDR
BUILD: [01:0000000301:INFO  ] TARGETNAME: bsp_bootstubs_xldr
BUILD: [01:0000000302:INFO  ] makefile.def: Including C:\WINCE600\public\common\oak\misc\sources.ReleaseType_PLATFORM
BUILD: [01:0000000303:PROGC ] Compiling ..\bsp_bootstubs.c
BUILD: [01:0000000304:INFO  ] cl -nologo   /Gy -Foobj\ARMV4I\retail\bsp_bootstubs.obj -c -IARM\ -I. -IC:\WINCE600\platform\COMMON\src\inc -IC:\WINCE600\platform\Z2170P\src\inc -IC:\WINCE600\platform\COMMON\src\soc\COMMON_TI_V1\TRITON\inc -IC:\WINCE600\platform\COMMON\src\soc\COMMON_TI_V1\TPS659xx\inc -IC:\WINCE600\platform\COMMON\src\soc\COMMON_TI_V1\COMMON_TI\inc -IC:\WINCE600\platform\COMMON\src\soc\COMMON_TI_V1\OMAP3530\inc -IC:\WINCE600\platform\COMMON\src\soc\COMMON_TI_V1\COMMON_TI\DSS\inc -IC:\WINCE600\platform\COMMON\src\soc\COMMON_TI_V1\TPS659XX\keypad -IC:\WINCE600\public\common\sdk\inc -IC:\WINCE600\public\common\oak\inc -IC:\WINCE600\public\common\ddk\inc -IC:\WINCE600\sdk\CE\inc -I.\Resource\0409 -Ox -Os -GF -Zi -FdC:\WINCE600\platform\Z2170P\lib\ARMV4I\retail\bsp_bootstubs_xldr.pdb -D_CRT_SECURE_NO_DEPRECATE -D_USE_32BIT_TIME_T -DUNICODE -D_UNICODE -DUNDER_CE=600 -D_WIN32_WCE=0x600 -DWINCEOEM -DWINCEINTERNAL -DWIN32 -DSTRICT -DARM -DARMV4I -D_ARM_ -DNDEBUG=1  -D_SOC_MODEL=OMAP3530 -D_TRITON_MODEL=TPS659xx -DCEDDK_USEDDKMACRO -D_WINCEOSVER=600 -DBSP_EVM2 -DBSP_OPM_SELECT_37XX=4 -DBSP_OPM_SELECT_35XX=5 -DBSP_RTC_WAKES_CPU -DBSP_SDRAM_BANK1_ENABLE -DBOOT_XLDR -DINTERNATIONAL -DINTLMSG_CODEPAGE=1252 -FAsc -Faobj\ARMV4I\retail\bsp_bootstubs.cod -WX -QRimplicit-import- -Zi  -Zc:wchar_t- -Zc:forScope- -wd4867 -wd4430 -MT -U_MT -W4 /analyze   /GR- -QRarch4T -DTHUMBSUPPORT -QRinterwork-return  /GS C:\WINCE600\PLATFORM\Z2170P\SRC\BOOTLOADER\STUB\XLDR\..\bsp_bootstubs.c
BUILD: [01:0000000305:INFO  ] bsp_bootstubs.c
BUILD: [00:0000000306:INFO  ] Will Build C:\WINCE600\PLATFORM\Z2170P\SRC\BOOTLOADER\XLDR\main.c because target: obj\ARMV4I\retail\main.obj is out of date.
BUILD: [00:0000000307:INFO  ] Will Build C:\WINCE600\PLATFORM\Z2170P\SRC\BOOTLOADER\XLDR\platform.c because target: obj\ARMV4I\retail\platform.obj is out of date.
BUILD: [00:0000000308:INFO  ] Will Build C:\WINCE600\PLATFORM\Z2170P\SRC\BOOTLOADER\XLDR\NAND\ because target: xldr_romimage_raw is missing.
BUILD: [00:0000000309:PROGC ] Building COMPILE Pass in C:\WINCE600\PLATFORM\Z2170P\SRC\BOOTLOADER\XLDR\NAND\ directory.
BUILD: [00:0000000310:PROG  ] 'NMAKE.EXE TargetCompilePass  -i -c BUILDMSG=Stop.  BUILDROOT=C:\WINCE600\PLATFORM\Z2170P NOLINK=1 NOPASS0=1'
BUILD: [01:0000000311:INFO  ] makefile.def: Including C:\WINCE600\public\common\oak\misc\Sources.default
BUILD: [01:0000000312:INFO  ] makefile.def: BUILDROOT is C:\WINCE600\PLATFORM\Z2170P
BUILD: [01:0000000313:INFO  ] makefile.def: Including C:\WINCE600\PLATFORM\Z2170P\sources.cmn
BUILD: [01:0000000314:INFO  ] makefile.def: Including C:\WINCE600\PLATFORM\Z2170P\SRC\BOOTLOADER\XLDR\NAND\sources
BUILD: [01:0000000315:INFO  ] makefile.def: Including C:\WINCE600\public\common\oak\misc\Sources.CE
BUILD: [01:0000000316:INFO  ] Directory: C:\WINCE600\PLATFORM\Z2170P\SRC\BOOTLOADER\XLDR\NAND
BUILD: [01:0000000317:INFO  ] TARGETNAME: xldrnand
BUILD: [01:0000000318:INFO  ] makefile.def: Including C:\WINCE600\public\common\oak\misc\sources.ReleaseType_PLATFORM
BUILD: [01:0000000319:INFO  ] FULLLIBC.LIB found in TARGETLIBS; forcing NOLIBC=1
BUILD: [01:0000000320:INFO  ] FULLLIBC.LIB found in TARGETLIBS; forcing NOCRTDLL=1
BUILD: [01:0000000321:PROGC ] Compiling ..\main.c
BUILD: [01:0000000322:INFO  ] cl -nologo   /Gy -Foobj\ARMV4I\retail\main.obj -c -IARM\ -I. -IC:\WINCE600\platform\COMMON\src\inc -IC:\WINCE600\platform\Z2170P\src\inc -IC:\WINCE600\platform\COMMON\src\soc\COMMON_TI_V1\TRITON\inc -IC:\WINCE600\platform\COMMON\src\soc\COMMON_TI_V1\TPS659xx\inc -IC:\WINCE600\platform\COMMON\src\soc\COMMON_TI_V1\COMMON_TI\inc -IC:\WINCE600\platform\COMMON\src\soc\COMMON_TI_V1\OMAP3530\inc -IC:\WINCE600\platform\COMMON\src\soc\COMMON_TI_V1\COMMON_TI\DSS\inc -IC:\WINCE600\platform\COMMON\src\soc\COMMON_TI_V1\TPS659XX\keypad -IC:\WINCE600\public\common\sdk\inc -IC:\WINCE600\public\common\oak\inc -IC:\WINCE600\public\common\ddk\inc -IC:\WINCE600\sdk\CE\inc -I.\Resource\0409 -Ox -Os -GF -Zi -FdC:\WINCE600\platform\Z2170P\target\ARMV4I\retail\xldrnand.pdb -D_CRT_SECURE_NO_DEPRECATE -D_USE_32BIT_TIME_T -DUNICODE -D_UNICODE -DUNDER_CE=600 -D_WIN32_WCE=0x600 -DWINCEOEM -DWINCEINTERNAL -DWIN32 -DSTRICT -DARM -DARMV4I -D_ARM_ -DNDEBUG=1  -D_SOC_MODEL=OMAP3530 -D_TRITON_MODEL=TPS659xx -DCEDDK_USEDDKMACRO -D_WINCEOSVER=600 -DBSP_EVM2 -DBSP_OPM_SELECT_37XX=4 -DBSP_OPM_SELECT_35XX=5 -DBSP_RTC_WAKES_CPU -DBSP_SDRAM_BANK1_ENABLE -DFMD_NAND -DMEMORY_BOOT -DINTERNATIONAL -DINTLMSG_CODEPAGE=1252 -FAsc -Faobj\ARMV4I\retail\main.cod -WX -QRimplicit-import- -Zi  -Zc:wchar_t- -Zc:forScope- -wd4867 -wd4430 -MT -U_MT -W4 /analyze   /GR- -QRarch4T -DTHUMBSUPPORT -QRinterwork-return   C:\WINCE600\PLATFORM\Z2170P\SRC\BOOTLOADER\XLDR\NAND\..\main.c
BUILD: [01:0000000323:INFO  ] main.c
BUILD: [01:0000000324:PROGC ] Compiling ..\platform.c
BUILD: [01:0000000325:INFO  ] cl -nologo   /Gy -Foobj\ARMV4I\retail\platform.obj -c -IARM\ -I. -IC:\WINCE600\platform\COMMON\src\inc -IC:\WINCE600\platform\Z2170P\src\inc -IC:\WINCE600\platform\COMMON\src\soc\COMMON_TI_V1\TRITON\inc -IC:\WINCE600\platform\COMMON\src\soc\COMMON_TI_V1\TPS659xx\inc -IC:\WINCE600\platform\COMMON\src\soc\COMMON_TI_V1\COMMON_TI\inc -IC:\WINCE600\platform\COMMON\src\soc\COMMON_TI_V1\OMAP3530\inc -IC:\WINCE600\platform\COMMON\src\soc\COMMON_TI_V1\COMMON_TI\DSS\inc -IC:\WINCE600\platform\COMMON\src\soc\COMMON_TI_V1\TPS659XX\keypad -IC:\WINCE600\public\common\sdk\inc -IC:\WINCE600\public\common\oak\inc -IC:\WINCE600\public\common\ddk\inc -IC:\WINCE600\sdk\CE\inc -I.\Resource\0409 -Ox -Os -GF -Zi -FdC:\WINCE600\platform\Z2170P\target\ARMV4I\retail\xldrnand.pdb -D_CRT_SECURE_NO_DEPRECATE -D_USE_32BIT_TIME_T -DUNICODE -D_UNICODE -DUNDER_CE=600 -D_WIN32_WCE=0x600 -DWINCEOEM -DWINCEINTERNAL -DWIN32 -DSTRICT -DARM -DARMV4I -D_ARM_ -DNDEBUG=1  -D_SOC_MODEL=OMAP3530 -D_TRITON_MODEL=TPS659xx -DCEDDK_USEDDKMACRO -D_WINCEOSVER=600 -DBSP_EVM2 -DBSP_OPM_SELECT_37XX=4 -DBSP_OPM_SELECT_35XX=5 -DBSP_RTC_WAKES_CPU -DBSP_SDRAM_BANK1_ENABLE -DFMD_NAND -DMEMORY_BOOT -DINTERNATIONAL -DINTLMSG_CODEPAGE=1252 -FAsc -Faobj\ARMV4I\retail\platform.cod -WX -QRimplicit-import- -Zi  -Zc:wchar_t- -Zc:forScope- -wd4867 -wd4430 -MT -U_MT -W4 /analyze   /GR- -QRarch4T -DTHUMBSUPPORT -QRinterwork-return   C:\WINCE600\PLATFORM\Z2170P\SRC\BOOTLOADER\XLDR\NAND\..\platform.c
BUILD: [01:0000000326:INFO  ] platform.c
BUILD: [00:0000000327:INFO  ] Will Build C:\WINCE600\PLATFORM\Z2170P\SRC\BOOTLOADER\XLDR\main.c because target: obj\ARMV4I\retail\main.obj is out of date.
BUILD: [00:0000000328:INFO  ] Will Build C:\WINCE600\PLATFORM\Z2170P\SRC\BOOTLOADER\XLDR\UART\xldrmodem.c because target: obj\ARMV4I\retail\xldrmodem.obj is out of date.
BUILD: [00:0000000329:INFO  ] Will Build C:\WINCE600\PLATFORM\Z2170P\SRC\BOOTLOADER\XLDR\platform.c because target: obj\ARMV4I\retail\platform.obj is out of date.
BUILD: [00:0000000330:INFO  ] Will Build C:\WINCE600\PLATFORM\Z2170P\SRC\BOOTLOADER\XLDR\UART\ because target: xldr_romimage_raw is missing.
BUILD: [00:0000000331:PROGC ] Building COMPILE Pass in C:\WINCE600\PLATFORM\Z2170P\SRC\BOOTLOADER\XLDR\UART\ directory.
BUILD: [00:0000000332:PROG  ] 'NMAKE.EXE TargetCompilePass  -i -c BUILDMSG=Stop.  BUILDROOT=C:\WINCE600\PLATFORM\Z2170P NOLINK=1 NOPASS0=1'
BUILD: [01:0000000333:INFO  ] makefile.def: Including C:\WINCE600\public\common\oak\misc\Sources.default
BUILD: [01:0000000334:INFO  ] makefile.def: BUILDROOT is C:\WINCE600\PLATFORM\Z2170P
BUILD: [01:0000000335:INFO  ] makefile.def: Including C:\WINCE600\PLATFORM\Z2170P\sources.cmn
BUILD: [01:0000000336:INFO  ] makefile.def: Including C:\WINCE600\PLATFORM\Z2170P\SRC\BOOTLOADER\XLDR\UART\sources
BUILD: [01:0000000337:INFO  ] makefile.def: Including C:\WINCE600\public\common\oak\misc\Sources.CE
BUILD: [01:0000000338:INFO  ] Directory: C:\WINCE600\PLATFORM\Z2170P\SRC\BOOTLOADER\XLDR\UART
BUILD: [01:0000000339:INFO  ] TARGETNAME: xldruart
BUILD: [01:0000000340:INFO  ] makefile.def: Including C:\WINCE600\public\common\oak\misc\sources.ReleaseType_PLATFORM
BUILD: [01:0000000341:INFO  ] FULLLIBC.LIB found in TARGETLIBS; forcing NOLIBC=1
BUILD: [01:0000000342:INFO  ] FULLLIBC.LIB found in TARGETLIBS; forcing NOCRTDLL=1
BUILD: [01:0000000343:PROGC ] Compiling ..\main.c
BUILD: [01:0000000344:INFO  ] cl -nologo   /Gy -Foobj\ARMV4I\retail\main.obj -c -IARM\ -I. -IC:\WINCE600\platform\COMMON\src\inc -IC:\WINCE600\platform\Z2170P\src\inc -IC:\WINCE600\platform\COMMON\src\soc\COMMON_TI_V1\TRITON\inc -IC:\WINCE600\platform\COMMON\src\soc\COMMON_TI_V1\TPS659xx\inc -IC:\WINCE600\platform\COMMON\src\soc\COMMON_TI_V1\COMMON_TI\inc -IC:\WINCE600\platform\COMMON\src\soc\COMMON_TI_V1\OMAP3530\inc -IC:\WINCE600\platform\COMMON\src\soc\COMMON_TI_V1\COMMON_TI\DSS\inc -IC:\WINCE600\platform\COMMON\src\soc\COMMON_TI_V1\TPS659XX\keypad -IC:\WINCE600\public\common\oak\drivers\block\msflashfmd\inc -IC:\WINCE600\public\common\sdk\inc -IC:\WINCE600\public\common\oak\inc -IC:\WINCE600\public\common\ddk\inc -IC:\WINCE600\sdk\CE\inc -I.\Resource\0409 -Ox -Os -GF -Zi -FdC:\WINCE600\platform\Z2170P\target\ARMV4I\retail\xldruart.pdb -D_CRT_SECURE_NO_DEPRECATE -D_USE_32BIT_TIME_T -DUNICODE -D_UNICODE -DUNDER_CE=600 -D_WIN32_WCE=0x600 -DWINCEOEM -DWINCEINTERNAL -DWIN32 -DSTRICT -DARM -DARMV4I -D_ARM_ -DNDEBUG=1  -D_SOC_MODEL=OMAP3530 -D_TRITON_MODEL=TPS659xx -DCEDDK_USEDDKMACRO -D_WINCEOSVER=600 -DBSP_EVM2 -DBSP_OPM_SELECT_37XX=4 -DBSP_OPM_SELECT_35XX=5 -DBSP_RTC_WAKES_CPU -DBSP_SDRAM_BANK1_ENABLE -DCEDDK_USEDDKMACRO -DFMD_NAND -DUART_BOOT -DUART_DNLD_RAW_TO_NAND -DINTERNATIONAL -DINTLMSG_CODEPAGE=1252 -FAsc -Faobj\ARMV4I\retail\main.cod -WX -QRimplicit-import- -Zi  -Zc:wchar_t- -Zc:forScope- -wd4867 -wd4430 -MT -U_MT -W4 /analyze   /GR- -QRarch4T -DTHUMBSUPPORT -QRinterwork-return   C:\WINCE600\PLATFORM\Z2170P\SRC\BOOTLOADER\XLDR\UART\..\main.c
BUILD: [01:0000000345:INFO  ] main.c
BUILD: [01:0000000346:PROGC ] Compiling .\xldrmodem.c
BUILD: [01:0000000347:INFO  ] cl -nologo   /Gy -Foobj\ARMV4I\retail\xldrmodem.obj -c -IARM\ -I. -IC:\WINCE600\platform\COMMON\src\inc -IC:\WINCE600\platform\Z2170P\src\inc -IC:\WINCE600\platform\COMMON\src\soc\COMMON_TI_V1\TRITON\inc -IC:\WINCE600\platform\COMMON\src\soc\COMMON_TI_V1\TPS659xx\inc -IC:\WINCE600\platform\COMMON\src\soc\COMMON_TI_V1\COMMON_TI\inc -IC:\WINCE600\platform\COMMON\src\soc\COMMON_TI_V1\OMAP3530\inc -IC:\WINCE600\platform\COMMON\src\soc\COMMON_TI_V1\COMMON_TI\DSS\inc -IC:\WINCE600\platform\COMMON\src\soc\COMMON_TI_V1\TPS659XX\keypad -IC:\WINCE600\public\common\oak\drivers\block\msflashfmd\inc -IC:\WINCE600\public\common\sdk\inc -IC:\WINCE600\public\common\oak\inc -IC:\WINCE600\public\common\ddk\inc -IC:\WINCE600\sdk\CE\inc -I.\Resource\0409 -Ox -Os -GF -Zi -FdC:\WINCE600\platform\Z2170P\target\ARMV4I\retail\xldruart.pdb -D_CRT_SECURE_NO_DEPRECATE -D_USE_32BIT_TIME_T -DUNICODE -D_UNICODE -DUNDER_CE=600 -D_WIN32_WCE=0x600 -DWINCEOEM -DWINCEINTERNAL -DWIN32 -DSTRICT -DARM -DARMV4I -D_ARM_ -DNDEBUG=1  -D_SOC_MODEL=OMAP3530 -D_TRITON_MODEL=TPS659xx -DCEDDK_USEDDKMACRO -D_WINCEOSVER=600 -DBSP_EVM2 -DBSP_OPM_SELECT_37XX=4 -DBSP_OPM_SELECT_35XX=5 -DBSP_RTC_WAKES_CPU -DBSP_SDRAM_BANK1_ENABLE -DCEDDK_USEDDKMACRO -DFMD_NAND -DUART_BOOT -DUART_DNLD_RAW_TO_NAND -DINTERNATIONAL -DINTLMSG_CODEPAGE=1252 -FAsc -Faobj\ARMV4I\retail\xldrmodem.cod -WX -QRimplicit-import- -Zi  -Zc:wchar_t- -Zc:forScope- -wd4867 -wd4430 -MT -U_MT -W4 /analyze   /GR- -QRarch4T -DTHUMBSUPPORT -QRinterwork-return   C:\WINCE600\PLATFORM\Z2170P\SRC\BOOTLOADER\XLDR\UART\.\xldrmodem.c
BUILD: [01:0000000348:INFO  ] xldrmodem.c
BUILD: [01:0000000349:ERRORE] C:\WINCE600\PLATFORM\Z2170P\SRC\BOOTLOADER\XLDR\UART\.\xldrmodem.c(261) : error C2094: label 'DONE' was undefined
BUILD: [01:0000000350:PROGC ] Compiling ..\platform.c
BUILD: [01:0000000351:INFO  ] cl -nologo   /Gy -Foobj\ARMV4I\retail\platform.obj -c -IARM\ -I. -IC:\WINCE600\platform\COMMON\src\inc -IC:\WINCE600\platform\Z2170P\src\inc -IC:\WINCE600\platform\COMMON\src\soc\COMMON_TI_V1\TRITON\inc -IC:\WINCE600\platform\COMMON\src\soc\COMMON_TI_V1\TPS659xx\inc -IC:\WINCE600\platform\COMMON\src\soc\COMMON_TI_V1\COMMON_TI\inc -IC:\WINCE600\platform\COMMON\src\soc\COMMON_TI_V1\OMAP3530\inc -IC:\WINCE600\platform\COMMON\src\soc\COMMON_TI_V1\COMMON_TI\DSS\inc -IC:\WINCE600\platform\COMMON\src\soc\COMMON_TI_V1\TPS659XX\keypad -IC:\WINCE600\public\common\oak\drivers\block\msflashfmd\inc -IC:\WINCE600\public\common\sdk\inc -IC:\WINCE600\public\common\oak\inc -IC:\WINCE600\public\common\ddk\inc -IC:\WINCE600\sdk\CE\inc -I.\Resource\0409 -Ox -Os -GF -Zi -FdC:\WINCE600\platform\Z2170P\target\ARMV4I\retail\xldruart.pdb -D_CRT_SECURE_NO_DEPRECATE -D_USE_32BIT_TIME_T -DUNICODE -D_UNICODE -DUNDER_CE=600 -D_WIN32_WCE=0x600 -DWINCEOEM -DWINCEINTERNAL -DWIN32 -DSTRICT -DARM -DARMV4I -D_ARM_ -DNDEBUG=1  -D_SOC_MODEL=OMAP3530 -D_TRITON_MODEL=TPS659xx -DCEDDK_USEDDKMACRO -D_WINCEOSVER=600 -DBSP_EVM2 -DBSP_OPM_SELECT_37XX=4 -DBSP_OPM_SELECT_35XX=5 -DBSP_RTC_WAKES_CPU -DBSP_SDRAM_BANK1_ENABLE -DCEDDK_USEDDKMACRO -DFMD_NAND -DUART_BOOT -DUART_DNLD_RAW_TO_NAND -DINTERNATIONAL -DINTLMSG_CODEPAGE=1252 -FAsc -Faobj\ARMV4I\retail\platform.cod -WX -QRimplicit-import- -Zi  -Zc:wchar_t- -Zc:forScope- -wd4867 -wd4430 -MT -U_MT -W4 /analyze   /GR- -QRarch4T -DTHUMBSUPPORT -QRinterwork-return   C:\WINCE600\PLATFORM\Z2170P\SRC\BOOTLOADER\XLDR\UART\..\platform.c
BUILD: [01:0000000352:INFO  ] platform.c
BUILD: [00:0000000353:PROGC ]                        Files  Warnings  Errors
BUILD: [00:0000000354:PROGC ] Midl                       0         0       0
BUILD: [00:0000000355:PROGC ] Message                    0         0       0
BUILD: [00:0000000356:PROGC ] Precomp Header             0         0       0
BUILD: [00:0000000357:PROGC ] Resource                   0         0       0
BUILD: [00:0000000358:PROGC ] MASM                       0         0       0
BUILD: [00:0000000359:PROGC ] SHASM                      0         0       0
BUILD: [00:0000000360:PROGC ] ARMASM                     2         0       0
BUILD: [00:0000000361:PROGC ] MIPSASM                    0         0       0
BUILD: [00:0000000362:PROGC ] C++                        0         0       0
BUILD: [00:0000000363:PROGC ] C                         24         0       1
BUILD: [00:0000000364:PROGC ] Static Libraries           0         0       0
BUILD: [00:0000000365:PROGC ] Exe's                      0         0       0
BUILD: [00:0000000366:PROGC ] Dll's                      0         0       0
BUILD: [00:0000000367:PROGC ] Preprocess deffile         0         0       0
BUILD: [00:0000000368:PROGC ] Resx                       0         0       0
BUILD: [00:0000000369:PROGC ] CSharp Compile             0         0       0
BUILD: [00:0000000370:PROGC ] Other                      0         7       1
BUILD: [00:0000000371:PROGC ] 
BUILD: [00:0000000372:PROGC ] Total                     26         7       2
BUILD: [00:0000000373:PROGC ] 
BUILD: [00:0000000374:PROGC ] 7 Warnings,  2 Errors
BUILD: [00:0000000375:PROGC ] GetSystemTimes (seconds): Idle: 5     Kernel: 32    User: 34   
BUILD: [00:0000000376:PROGC ] Elapsed  time  (seconds): 33   
