BUILD: [Thrd:Sequence:Type  ] Message
BUILD: [00:0000000000:PROGC ] Build started with parameters:
BUILD: [00:0000000001:PROGC ] Build started in directory: C:\WINCE600\PLATFORM\Z2170P\SRC\BOOTLOADER\EBOOT\SDMEMORY
BUILD: [00:0000000002:PROGC ] Checking for C:\WINCE600\sdk\bin\i386\srccheck.exe.
BUILD: [00:0000000003:PROGC ] Running passes WCEFILES0, MIDL, MC, ASN, THUNK, PRECOMPHEADER, COMPILE, LIB, LINK, MANAGEDRESX, MANAGEDMOD, MANAGEDDLL, MANAGEDEXE, MANAGEDWIN for ARM.
BUILD: [00:0000000004:PROGC ] Loading database "C:\WINCE600\PLATFORM\Z2170P\Build.dat".
BUILD: [00:0000000005:PROGC ] Done.
BUILD: [00:0000000006:PROGC ] Computing include file dependencies:
BUILD: [00:0000000007:PROGC ] Checking for SDK include directory: C:\WINCE600\sdk\CE\inc.
BUILD: [00:0000000008:PROGC ] Scan C:\WINCE600\PLATFORM\Z2170P\SRC\BOOTLOADER\EBOOT\SDMEMORY\
BUILD: [00:0000000009:PROGC ] Saving C:\WINCE600\PLATFORM\Z2170P\Build.dat.
BUILD: [00:0000000010:INFO  ] Done.
BUILD: [00:0000000011:INFO  ] Will Build C:\WINCE600\PLATFORM\Z2170P\SRC\BOOTLOADER\EBOOT\SDMEMORY\ because target: BootImage is missing.
BUILD: [00:0000000012:WARNN ] C:\WINCE600\PLATFORM\Z2170P\SRC\BOOTLOADER\EBOOT\SDMEMORY\: Missing source file: C:\WINCE600\platform\Z2170P\lib\ARMV4I\retail\bspcfg.lib.
BUILD: [00:0000000013:WARNN ] C:\WINCE600\PLATFORM\Z2170P\SRC\BOOTLOADER\EBOOT\SDMEMORY\: Missing source file: C:\WINCE600\platform\Z2170P\lib\ARMV4I\retail\bsp_bootstubs.lib.
BUILD: [00:0000000014:WARNN ] C:\WINCE600\PLATFORM\Z2170P\SRC\BOOTLOADER\EBOOT\SDMEMORY\: Missing source file: C:\WINCE600\platform\Z2170P\lib\ARMV4I\retail\bsp_stall.lib.
BUILD: [00:0000000015:WARNN ] C:\WINCE600\PLATFORM\Z2170P\SRC\BOOTLOADER\EBOOT\SDMEMORY\: Missing source file: C:\WINCE600\platform\Z2170P\lib\ARMV4I\retail\bsp_boot_ethdrv_usbfn.lib.
BUILD: [00:0000000016:WARNN ] C:\WINCE600\PLATFORM\Z2170P\SRC\BOOTLOADER\EBOOT\SDMEMORY\: Missing source file: C:\WINCE600\platform\Z2170P\lib\ARMV4I\retail\bsp_display_init.lib.
BUILD: [00:0000000017:INFO  ] Will Build C:\WINCE600\platform\common\lib\ARMV4I\retail\oal_io.lib because target: C:\WINCE600\platform\Z2170P\target\ARMV4I\retail\ebootsd.exe is missing.
BUILD: [00:0000000018:INFO  ] Will Build C:\WINCE600\platform\common\lib\ARMV4I\retail\oal_kitl_boot.lib because target: C:\WINCE600\platform\Z2170P\target\ARMV4I\retail\ebootsd.exe is missing.
BUILD: [00:0000000019:INFO  ] Will Build C:\WINCE600\platform\common\lib\ARMV4I\retail\oal_log.lib because target: C:\WINCE600\platform\Z2170P\target\ARMV4I\retail\ebootsd.exe is missing.
BUILD: [00:0000000020:INFO  ] Will Build C:\WINCE600\platform\common\lib\ARMV4I\retail\oal_blmenu.lib because target: C:\WINCE600\platform\Z2170P\target\ARMV4I\retail\ebootsd.exe is missing.
BUILD: [00:0000000021:INFO  ] Will Build C:\WINCE600\platform\common\lib\ARMV4I\retail\oal_blnk.lib because target: C:\WINCE600\platform\Z2170P\target\ARMV4I\retail\ebootsd.exe is missing.
BUILD: [00:0000000022:INFO  ] Will Build C:\WINCE600\platform\common\lib\ARMV4I\retail\oal_blcommon.lib because target: C:\WINCE600\platform\Z2170P\target\ARMV4I\retail\ebootsd.exe is missing.
BUILD: [00:0000000023:INFO  ] Will Build C:\WINCE600\platform\common\lib\ARMV4I\retail\common_ti_cortexA8_cache.lib because target: C:\WINCE600\platform\Z2170P\target\ARMV4I\retail\ebootsd.exe is missing.
BUILD: [00:0000000024:INFO  ] Will Build C:\WINCE600\platform\common\lib\ARMV4I\retail\common_ti_oal_flashstore.lib because target: C:\WINCE600\platform\Z2170P\target\ARMV4I\retail\ebootsd.exe is missing.
BUILD: [00:0000000025:INFO  ] Will Build C:\WINCE600\platform\common\lib\ARMV4I\retail\common_ti_fmd_nand_boot.lib because target: C:\WINCE600\platform\Z2170P\target\ARMV4I\retail\ebootsd.exe is missing.
BUILD: [00:0000000026:INFO  ] Will Build C:\WINCE600\platform\common\lib\ARMV4I\retail\common_ti_oal_alloc.lib because target: C:\WINCE600\platform\Z2170P\target\ARMV4I\retail\ebootsd.exe is missing.
BUILD: [00:0000000027:INFO  ] Will Build C:\WINCE600\platform\common\lib\ARMV4I\retail\common_ti_debugserial.lib because target: C:\WINCE600\platform\Z2170P\target\ARMV4I\retail\ebootsd.exe is missing.
BUILD: [00:0000000028:INFO  ] Will Build C:\WINCE600\platform\common\lib\ARMV4I\retail\common_ti_oali2c.lib because target: C:\WINCE600\platform\Z2170P\target\ARMV4I\retail\ebootsd.exe is missing.
BUILD: [00:0000000029:INFO  ] Will Build C:\WINCE600\platform\common\lib\ARMV4I\retail\omap3530_oalcpuver.lib because target: C:\WINCE600\platform\Z2170P\target\ARMV4I\retail\ebootsd.exe is missing.
BUILD: [00:0000000030:INFO  ] Will Build C:\WINCE600\platform\common\lib\ARMV4I\retail\common_ti_devicesmap.lib because target: C:\WINCE600\platform\Z2170P\target\ARMV4I\retail\ebootsd.exe is missing.
BUILD: [00:0000000031:INFO  ] Will Build C:\WINCE600\platform\common\lib\ARMV4I\retail\common_ti_boot_fatfs.lib because target: C:\WINCE600\platform\Z2170P\target\ARMV4I\retail\ebootsd.exe is missing.
BUILD: [00:0000000032:INFO  ] Will Build C:\WINCE600\platform\common\lib\ARMV4I\retail\common_ti_boot_sdmemory.lib because target: C:\WINCE600\platform\Z2170P\target\ARMV4I\retail\ebootsd.exe is missing.
BUILD: [00:0000000033:INFO  ] Will Build C:\WINCE600\platform\common\lib\ARMV4I\retail\common_ti_boot_sdhc.lib because target: C:\WINCE600\platform\Z2170P\target\ARMV4I\retail\ebootsd.exe is missing.
BUILD: [00:0000000034:INFO  ] Will Build C:\WINCE600\platform\common\lib\ARMV4I\retail\common_ti_ethdrv_lan911x.lib because target: C:\WINCE600\platform\Z2170P\target\ARMV4I\retail\ebootsd.exe is missing.
BUILD: [00:0000000035:INFO  ] Will Build C:\WINCE600\platform\common\lib\ARMV4I\retail\common_ti_ethdrv_usbfn.lib because target: C:\WINCE600\platform\Z2170P\target\ARMV4I\retail\ebootsd.exe is missing.
BUILD: [00:0000000036:INFO  ] Will Build C:\WINCE600\platform\common\lib\ARMV4I\retail\common_ti_ethdrv_rndis.lib because target: C:\WINCE600\platform\Z2170P\target\ARMV4I\retail\ebootsd.exe is missing.
BUILD: [00:0000000037:INFO  ] Will Build C:\WINCE600\platform\common\lib\ARMV4I\retail\tps659xx_misc.lib because target: C:\WINCE600\platform\Z2170P\target\ARMV4I\retail\ebootsd.exe is missing.
BUILD: [00:0000000038:INFO  ] Will Build C:\WINCE600\platform\common\lib\ARMV4I\retail\common_ti_oal_gpiodispatch.lib because target: C:\WINCE600\platform\Z2170P\target\ARMV4I\retail\ebootsd.exe is missing.
BUILD: [00:0000000039:INFO  ] Will Build C:\WINCE600\platform\common\lib\ARMV4I\retail\common_ti_oal_omap_gpio.lib because target: C:\WINCE600\platform\Z2170P\target\ARMV4I\retail\ebootsd.exe is missing.
BUILD: [00:0000000040:INFO  ] Will Build C:\WINCE600\platform\common\lib\ARMV4I\retail\tps659xx_oal_gpio.lib because target: C:\WINCE600\platform\Z2170P\target\ARMV4I\retail\ebootsd.exe is missing.
BUILD: [00:0000000041:INFO  ] Will Build C:\WINCE600\platform\common\lib\ARMV4I\retail\triton_oal.lib because target: C:\WINCE600\platform\Z2170P\target\ARMV4I\retail\ebootsd.exe is missing.
BUILD: [00:0000000042:INFO  ] Will Build C:\WINCE600\platform\common\lib\ARMV4I\retail\omap3530_soccfg.lib because target: C:\WINCE600\platform\Z2170P\target\ARMV4I\retail\ebootsd.exe is missing.
BUILD: [00:0000000043:INFO  ] Will Build C:\WINCE600\platform\common\lib\ARMV4I\retail\omap3530_sdhc_boot.lib because target: C:\WINCE600\platform\Z2170P\target\ARMV4I\retail\ebootsd.exe is missing.
BUILD: [00:0000000044:INFO  ] Will Build C:\WINCE600\platform\common\lib\ARMV4I\retail\omap3530_oal_padcfg.lib because target: C:\WINCE600\platform\Z2170P\target\ARMV4I\retail\ebootsd.exe is missing.
BUILD: [00:0000000045:INFO  ] Will Build C:\WINCE600\platform\Z2170P\lib\ARMV4I\retail\bspcfg.lib because filename is missing from build database
BUILD: [00:0000000046:INFO  ] Will Build C:\WINCE600\platform\Z2170P\lib\ARMV4I\retail\bsp_bootstubs.lib because filename is missing from build database
BUILD: [00:0000000047:INFO  ] Will Build C:\WINCE600\platform\Z2170P\lib\ARMV4I\retail\bsp_stall.lib because filename is missing from build database
BUILD: [00:0000000048:INFO  ] Will Build C:\WINCE600\public\common\oak\lib\ARMV4I\retail\rne_mdd.lib because target: C:\WINCE600\platform\Z2170P\target\ARMV4I\retail\ebootsd.exe is missing.
BUILD: [00:0000000049:INFO  ] Will Build C:\WINCE600\public\common\oak\lib\ARMV4I\retail\gsnull.lib because target: C:\WINCE600\platform\Z2170P\target\ARMV4I\retail\ebootsd.exe is missing.
BUILD: [00:0000000050:INFO  ] Will Build C:\WINCE600\public\common\oak\lib\ARMV4I\retail\fulllibc.lib because target: C:\WINCE600\platform\Z2170P\target\ARMV4I\retail\ebootsd.exe is missing.
BUILD: [00:0000000051:INFO  ] Will Build C:\WINCE600\public\common\oak\lib\ARMV4I\retail\bootpart.lib because target: C:\WINCE600\platform\Z2170P\target\ARMV4I\retail\ebootsd.exe is missing.
BUILD: [00:0000000052:INFO  ] Will Build C:\WINCE600\public\common\oak\lib\ARMV4I\retail\eboot.lib because target: C:\WINCE600\platform\Z2170P\target\ARMV4I\retail\ebootsd.exe is missing.
BUILD: [00:0000000053:INFO  ] Will Build C:\WINCE600\platform\Z2170P\lib\ARMV4I\retail\bsp_boot_ethdrv_usbfn.lib because filename is missing from build database
BUILD: [00:0000000054:INFO  ] Will Build C:\WINCE600\platform\Z2170P\lib\ARMV4I\retail\bsp_display.lib because target: C:\WINCE600\platform\Z2170P\target\ARMV4I\retail\ebootsd.exe is missing.
BUILD: [00:0000000055:INFO  ] Will Build C:\WINCE600\platform\Z2170P\lib\ARMV4I\retail\bsp_display_init.lib because filename is missing from build database
BUILD: [00:0000000056:INFO  ] Will Build C:\WINCE600\platform\common\lib\ARMV4I\retail\ceddk_spi_lib.lib because target: C:\WINCE600\platform\Z2170P\target\ARMV4I\retail\ebootsd.exe is missing.
BUILD: [00:0000000057:INFO  ] Will Build C:\WINCE600\PLATFORM\Z2170P\SRC\BOOTLOADER\EBOOT\SDMEMORY\obj\ARMV4I\retail\main.obj because target: C:\WINCE600\platform\Z2170P\target\ARMV4I\retail\ebootsd.exe is missing.
BUILD: [00:0000000058:INFO  ] Will Build C:\WINCE600\PLATFORM\Z2170P\SRC\BOOTLOADER\EBOOT\SDMEMORY\obj\ARMV4I\retail\eth.obj because target: C:\WINCE600\platform\Z2170P\target\ARMV4I\retail\ebootsd.exe is missing.
BUILD: [00:0000000059:INFO  ] Will Build C:\WINCE600\PLATFORM\Z2170P\SRC\BOOTLOADER\EBOOT\SDMEMORY\obj\ARMV4I\retail\menu.obj because target: C:\WINCE600\platform\Z2170P\target\ARMV4I\retail\ebootsd.exe is missing.
BUILD: [00:0000000060:INFO  ] Will Build C:\WINCE600\PLATFORM\Z2170P\SRC\BOOTLOADER\EBOOT\SDMEMORY\obj\ARMV4I\retail\stub.obj because target: C:\WINCE600\platform\Z2170P\target\ARMV4I\retail\ebootsd.exe is missing.
BUILD: [00:0000000061:INFO  ] Will Build C:\WINCE600\PLATFORM\Z2170P\SRC\BOOTLOADER\EBOOT\SDMEMORY\obj\ARMV4I\retail\flashmenu.obj because target: C:\WINCE600\platform\Z2170P\target\ARMV4I\retail\ebootsd.exe is missing.
BUILD: [00:0000000062:INFO  ] Will Build C:\WINCE600\PLATFORM\Z2170P\SRC\BOOTLOADER\EBOOT\SDMEMORY\obj\ARMV4I\retail\mmu.obj because target: C:\WINCE600\platform\Z2170P\target\ARMV4I\retail\ebootsd.exe is missing.
BUILD: [00:0000000063:INFO  ] Will Build C:\WINCE600\PLATFORM\Z2170P\SRC\BOOTLOADER\EBOOT\SDMEMORY\obj\ARMV4I\retail\flash.obj because target: C:\WINCE600\platform\Z2170P\target\ARMV4I\retail\ebootsd.exe is missing.
BUILD: [00:0000000064:INFO  ] Will Build C:\WINCE600\PLATFORM\Z2170P\SRC\BOOTLOADER\EBOOT\SDMEMORY\obj\ARMV4I\retail\cfg.obj because target: C:\WINCE600\platform\Z2170P\target\ARMV4I\retail\ebootsd.exe is missing.
BUILD: [00:0000000065:INFO  ] Will Build C:\WINCE600\PLATFORM\Z2170P\SRC\BOOTLOADER\EBOOT\SDMEMORY\obj\ARMV4I\retail\startup.obj because target: C:\WINCE600\platform\Z2170P\target\ARMV4I\retail\ebootsd.exe is missing.
BUILD: [00:0000000066:INFO  ] Will Build C:\WINCE600\PLATFORM\Z2170P\SRC\BOOTLOADER\EBOOT\SDMEMORY\obj\ARMV4I\retail\jumpto.obj because target: C:\WINCE600\platform\Z2170P\target\ARMV4I\retail\ebootsd.exe is missing.
BUILD: [00:0000000067:INFO  ] Will Build C:\WINCE600\PLATFORM\Z2170P\SRC\BOOTLOADER\EBOOT\SDMEMORY\ because target: C:\WINCE600\platform\Z2170P\target\ARMV4I\retail\ebootsd.exe is missing.
BUILD: [00:0000000068:PROGC ] Building LINK Pass in C:\WINCE600\PLATFORM\Z2170P\SRC\BOOTLOADER\EBOOT\SDMEMORY\ directory.
BUILD: [00:0000000069:PROG  ] 'NMAKE.EXE TargetExeFiles  -i -c BUILDMSG=Stop.  BUILDROOT=C:\WINCE600\PLATFORM\Z2170P LINKONLY=1 NOPASS0=1'
BUILD: [01:0000000070:INFO  ] makefile.def: Including C:\WINCE600\public\common\oak\misc\Sources.default
BUILD: [01:0000000071:INFO  ] makefile.def: BUILDROOT is C:\WINCE600\PLATFORM\Z2170P
BUILD: [01:0000000072:INFO  ] makefile.def: Including C:\WINCE600\PLATFORM\Z2170P\sources.cmn
BUILD: [01:0000000073:INFO  ] makefile.def: Including C:\WINCE600\PLATFORM\Z2170P\SRC\BOOTLOADER\EBOOT\SDMEMORY\sources
BUILD: [01:0000000074:INFO  ] makefile.def: Including C:\WINCE600\public\common\oak\misc\Sources.CE
BUILD: [01:0000000075:INFO  ] Directory: C:\WINCE600\PLATFORM\Z2170P\SRC\BOOTLOADER\EBOOT\SDMEMORY
BUILD: [01:0000000076:INFO  ] TARGETNAME: ebootsd
BUILD: [01:0000000077:INFO  ] makefile.def: Including C:\WINCE600\public\common\oak\misc\sources.ReleaseType_PLATFORM
BUILD: [01:0000000078:INFO  ] FULLLIBC.LIB found in TARGETLIBS; forcing NOLIBC=1
BUILD: [01:0000000079:INFO  ] FULLLIBC.LIB found in TARGETLIBS; forcing NOCRTDLL=1
BUILD: [01:0000000080:ERRORE] NMAKE :  U1073: don't know how to make 'C:\WINCE600\platform\Z2170P\lib\ARMV4I\retail\bspcfg.lib'
BUILD: [01:0000000081:INFO  ] Stop.
BUILD: [01:0000000082:ERRORE] NMAKE.EXE TargetExeFiles  -i -c BUILDMSG=Stop.  BUILDROOT=C:\WINCE600\PLATFORM\Z2170P LINKONLY=1 NOPASS0=1 failed - rc = 2
BUILD: [00:0000000083:PROGC ]                        Files  Warnings  Errors
BUILD: [00:0000000084:PROGC ] Midl                       0         0       0
BUILD: [00:0000000085:PROGC ] Message                    0         0       0
BUILD: [00:0000000086:PROGC ] Precomp Header             0         0       0
BUILD: [00:0000000087:PROGC ] Resource                   0         0       0
BUILD: [00:0000000088:PROGC ] MASM                       0         0       0
BUILD: [00:0000000089:PROGC ] SHASM                      0         0       0
BUILD: [00:0000000090:PROGC ] ARMASM                     0         0       0
BUILD: [00:0000000091:PROGC ] MIPSASM                    0         0       0
BUILD: [00:0000000092:PROGC ] C++                        0         0       0
BUILD: [00:0000000093:PROGC ] C                          0         0       0
BUILD: [00:0000000094:PROGC ] Static Libraries           0         0       0
BUILD: [00:0000000095:PROGC ] Exe's                      0         0       0
BUILD: [00:0000000096:PROGC ] Dll's                      0         0       0
BUILD: [00:0000000097:PROGC ] Preprocess deffile         0         0       0
BUILD: [00:0000000098:PROGC ] Resx                       0         0       0
BUILD: [00:0000000099:PROGC ] CSharp Compile             0         0       0
BUILD: [00:0000000100:PROGC ] Other                      0         0       2
BUILD: [00:0000000101:PROGC ] 
BUILD: [00:0000000102:PROGC ] Total                      0         0       2
BUILD: [00:0000000103:PROGC ] 
BUILD: [00:0000000104:PROGC ] 0 Warnings,  2 Errors
BUILD: [00:0000000105:PROGC ] GetSystemTimes (seconds): Idle: 0     Kernel: 0     User: 0    
BUILD: [00:0000000106:PROGC ] Elapsed  time  (seconds): 0    
