BUILD: [Thrd:Sequence:Type  ] Message
BUILD: [00:0000000000:PROGC ] Build started with parameters:
BUILD: [00:0000000001:PROGC ] Build started in directory: C:\WINCE600\PLATFORM\Z2170P\SRC\DRIVERS\TPS659XX_KEYPAD
BUILD: [00:0000000002:PROGC ] Checking for C:\WINCE600\sdk\bin\i386\srccheck.exe.
BUILD: [00:0000000003:PROGC ] Running passes WCEFILES0, MIDL, MC, ASN, THUNK, PRECOMPHEADER, COMPILE, LIB, LINK, MANAGEDRESX, MANAGEDMOD, MANAGEDDLL, MANAGEDEXE, MANAGEDWIN for ARM.
BUILD: [00:0000000004:PROGC ] Loading database "C:\WINCE600\PLATFORM\Z2170P\Build.dat".
BUILD: [00:0000000005:PROGC ] Done.
BUILD: [00:0000000006:PROGC ] Computing include file dependencies:
BUILD: [00:0000000007:PROGC ] Checking for SDK include directory: C:\WINCE600\sdk\CE\inc.
BUILD: [00:0000000008:PROGC ] Scan C:\WINCE600\PLATFORM\Z2170P\SRC\DRIVERS\TPS659XX_KEYPAD\
BUILD: [00:0000000009:PROGC ] Saving C:\WINCE600\PLATFORM\Z2170P\Build.dat.
BUILD: [00:0000000010:INFO  ] Done.
BUILD: [00:0000000011:INFO  ] Will Build C:\WINCE600\PLATFORM\Z2170P\SRC\DRIVERS\TPS659XX_KEYPAD\keypad.c because target: obj\ARMV4I\retail\keypad.obj is missing.
BUILD: [00:0000000012:PROGC ] Building COMPILE Pass in C:\WINCE600\PLATFORM\Z2170P\SRC\DRIVERS\TPS659XX_KEYPAD\ directory.
BUILD: [00:0000000013:PROG  ] 'NMAKE.EXE TargetCompilePass  -i -c BUILDMSG=Stop.  BUILDROOT=C:\WINCE600\PLATFORM\Z2170P NOLINK=1 NOPASS0=1'
BUILD: [01:0000000014:INFO  ] makefile.def: Including C:\WINCE600\public\common\oak\misc\Sources.default
BUILD: [01:0000000015:INFO  ] makefile.def: BUILDROOT is C:\WINCE600\PLATFORM\Z2170P
BUILD: [01:0000000016:INFO  ] makefile.def: Including C:\WINCE600\PLATFORM\Z2170P\sources.cmn
BUILD: [01:0000000017:INFO  ] makefile.def: Including C:\WINCE600\PLATFORM\Z2170P\SRC\DRIVERS\TPS659XX_KEYPAD\sources
BUILD: [01:0000000018:INFO  ] makefile.def: Including C:\WINCE600\public\common\oak\misc\Sources.CE
BUILD: [01:0000000019:INFO  ] Directory: C:\WINCE600\PLATFORM\Z2170P\SRC\DRIVERS\TPS659XX_KEYPAD
BUILD: [01:0000000020:INFO  ] TARGETNAME: tps659xx_keypad
BUILD: [01:0000000021:INFO  ] makefile.def: Including C:\WINCE600\public\common\oak\misc\sources.ReleaseType_PLATFORM
BUILD: [01:0000000022:PROGC ] Compiling .\keypad.c
BUILD: [01:0000000023:INFO  ] cl -nologo   /Gy -Foobj\ARMV4I\retail\keypad.obj -c -IARM\ -I. -IC:\WINCE600\platform\COMMON\src\inc -IC:\WINCE600\platform\Z2170P\src\inc -IC:\WINCE600\platform\COMMON\src\soc\COMMON_TI_V1\TRITON\inc -IC:\WINCE600\platform\COMMON\src\soc\COMMON_TI_V1\TPS659xx\inc -IC:\WINCE600\platform\COMMON\src\soc\COMMON_TI_V1\COMMON_TI\inc -IC:\WINCE600\platform\COMMON\src\soc\COMMON_TI_V1\OMAP3530\inc -IC:\WINCE600\platform\COMMON\src\soc\COMMON_TI_V1\COMMON_TI\DSS\inc -IC:\WINCE600\platform\COMMON\src\soc\COMMON_TI_V1\TPS659XX\keypad -IC:\WINCE600\public\common\sdk\inc -IC:\WINCE600\public\common\oak\inc -IC:\WINCE600\public\common\ddk\inc -IC:\WINCE600\sdk\CE\inc -I.\Resource\0409 -Ox -Os -GF -Zi -FdC:\WINCE600\platform\Z2170P\target\ARMV4I\retail\tps659xx_keypad.pdb -D_CRT_SECURE_NO_DEPRECATE -D_USE_32BIT_TIME_T -DUNICODE -D_UNICODE -DUNDER_CE=600 -D_WIN32_WCE=0x600 -DWINCEOEM -DWINCEINTERNAL -DWIN32 -DSTRICT -DARM -DARMV4I -D_ARM_ -DNDEBUG=1  -D_SOC_MODEL=OMAP3530 -D_TRITON_MODEL=TPS659xx -DCEDDK_USEDDKMACRO -D_WINCEOSVER=600 -DBSP_EVM2 -DBSP_OPM_SELECT_37XX=4 -DBSP_OPM_SELECT_35XX=5 -DBSP_RTC_WAKES_CPU -DBSP_SDRAM_BANK1_ENABLE -DINTERNATIONAL -DINTLMSG_CODEPAGE=1252 -FAsc -Faobj\ARMV4I\retail\keypad.cod -WX -QRimplicit-import- -Zi  -Zc:wchar_t- -Zc:forScope- -wd4867 -wd4430 -MT -U_MT -W4 /analyze   /GR- -QRarch4T -DTHUMBSUPPORT -QRinterwork-return  /GS C:\WINCE600\PLATFORM\Z2170P\SRC\DRIVERS\TPS659XX_KEYPAD\.\keypad.c
BUILD: [01:0000000024:INFO  ] keypad.c
BUILD: [00:0000000025:INFO  ] Will Build C:\WINCE600\platform\common\lib\ARMV4I\retail\triton_device.lib because target: C:\WINCE600\platform\Z2170P\lib\ARMV4I\retail\tps659xx_keypad.lib is missing.
BUILD: [00:0000000026:INFO  ] Will Build C:\WINCE600\PLATFORM\Z2170P\SRC\DRIVERS\TPS659XX_KEYPAD\obj\ARMV4I\retail\keypad.obj because target: C:\WINCE600\platform\Z2170P\lib\ARMV4I\retail\tps659xx_keypad.lib is missing.
BUILD: [00:0000000027:INFO  ] Will Build C:\WINCE600\PLATFORM\Z2170P\SRC\DRIVERS\TPS659XX_KEYPAD\obj\ARMV4I\retail\vk_map.obj because target: C:\WINCE600\platform\Z2170P\lib\ARMV4I\retail\tps659xx_keypad.lib is missing.
BUILD: [00:0000000028:INFO  ] Will Build C:\WINCE600\PLATFORM\Z2170P\SRC\DRIVERS\TPS659XX_KEYPAD\ because target: C:\WINCE600\platform\Z2170P\lib\ARMV4I\retail\tps659xx_keypad.lib is missing.
BUILD: [00:0000000029:PROGC ] Building LIB Pass in C:\WINCE600\PLATFORM\Z2170P\SRC\DRIVERS\TPS659XX_KEYPAD\ directory.
BUILD: [00:0000000030:PROG  ] 'NMAKE.EXE TargetLibFiles  -i -c BUILDMSG=Stop.  BUILDROOT=C:\WINCE600\PLATFORM\Z2170P LINKONLY=1 NOPASS0=1'
BUILD: [01:0000000031:INFO  ] makefile.def: Including C:\WINCE600\public\common\oak\misc\Sources.default
BUILD: [01:0000000032:INFO  ] makefile.def: BUILDROOT is C:\WINCE600\PLATFORM\Z2170P
BUILD: [01:0000000033:INFO  ] makefile.def: Including C:\WINCE600\PLATFORM\Z2170P\sources.cmn
BUILD: [01:0000000034:INFO  ] makefile.def: Including C:\WINCE600\PLATFORM\Z2170P\SRC\DRIVERS\TPS659XX_KEYPAD\sources
BUILD: [01:0000000035:INFO  ] makefile.def: Including C:\WINCE600\public\common\oak\misc\Sources.CE
BUILD: [01:0000000036:INFO  ] Directory: C:\WINCE600\PLATFORM\Z2170P\SRC\DRIVERS\TPS659XX_KEYPAD
BUILD: [01:0000000037:INFO  ] TARGETNAME: tps659xx_keypad
BUILD: [01:0000000038:INFO  ] makefile.def: Including C:\WINCE600\public\common\oak\misc\sources.ReleaseType_PLATFORM
BUILD: [01:0000000039:PROGC ] Linking C:\WINCE600\platform\Z2170P\lib\ARMV4I\retail\tps659xx_keypad.lib
BUILD: [01:0000000040:INFO  ] 	link -lib -out:C:\WINCE600\platform\Z2170P\lib\ARMV4I\retail\tps659xx_keypad.lib -def:tps659xx_keypad.def -machine:thumb @C:\DOCUME~1\RAY~1.HUA\LOCALS~1\Temp\nm21D.tmp
BUILD: [01:0000000041:INFO  ] Microsoft (R) Library Manager Version 8.00.50727.42
BUILD: [01:0000000042:INFO  ] Copyright (C) Microsoft Corporation.  All rights reserved.
BUILD: [01:0000000043:INFO  ] 
BUILD: [01:0000000044:INFO  ] -nodefaultlib 
BUILD: [01:0000000045:INFO  ] -ignore:4001 
BUILD: [01:0000000046:INFO  ] /subsystem:windowsce,6.00 
BUILD: [01:0000000047:INFO  ] obj\ARMV4I\retail\keypad.obj obj\ARMV4I\retail\vk_map.obj 
BUILD: [01:0000000048:INFO  ] C:\WINCE600\platform\common\lib\ARMV4I\retail\triton_device.lib 
BUILD: [01:0000000049:INFO  ]    Creating library C:\WINCE600\platform\Z2170P\lib\ARMV4I\retail\tps659xx_keypad.lib and object C:\WINCE600\platform\Z2170P\lib\ARMV4I\retail\tps659xx_keypad.exp
BUILD: [00:0000000050:WARNN ] C:\WINCE600\PLATFORM\Z2170P\SRC\DRIVERS\TPS659XX_KEYPAD\: Missing source file: C:\WINCE600\platform\Z2170P\lib\ARMV4I\retail\ceddk.lib.
BUILD: [00:0000000051:WARNN ] C:\WINCE600\PLATFORM\Z2170P\SRC\DRIVERS\TPS659XX_KEYPAD\: Missing source file: C:\WINCE600\public\common\sdk\lib\ARMV4I\retail\coredll.lib.
BUILD: [00:0000000052:INFO  ] Will Build C:\WINCE600\platform\common\lib\ARMV4I\retail\triton_device.lib because target: C:\WINCE600\platform\Z2170P\target\ARMV4I\retail\tps659xx_keypad.dll is missing.
BUILD: [00:0000000053:INFO  ] Will Build C:\WINCE600\PLATFORM\Z2170P\SRC\DRIVERS\TPS659XX_KEYPAD\tps659xx_keypad.def because target: C:\WINCE600\platform\Z2170P\target\ARMV4I\retail\tps659xx_keypad.dll is missing.
BUILD: [00:0000000054:INFO  ] Will Build C:\WINCE600\platform\Z2170P\lib\ARMV4I\retail\ceddk.lib because filename is missing from build database
BUILD: [00:0000000055:INFO  ] Will Build C:\WINCE600\public\common\sdk\lib\ARMV4I\retail\coredll.lib because filename is missing from build database
BUILD: [00:0000000056:INFO  ] Will Build C:\WINCE600\PLATFORM\Z2170P\SRC\DRIVERS\TPS659XX_KEYPAD\obj\ARMV4I\retail\keypad.obj because target: C:\WINCE600\platform\Z2170P\target\ARMV4I\retail\tps659xx_keypad.dll is missing.
BUILD: [00:0000000057:INFO  ] Will Build C:\WINCE600\PLATFORM\Z2170P\SRC\DRIVERS\TPS659XX_KEYPAD\obj\ARMV4I\retail\vk_map.obj because target: C:\WINCE600\platform\Z2170P\target\ARMV4I\retail\tps659xx_keypad.dll is missing.
BUILD: [00:0000000058:INFO  ] Will Build C:\WINCE600\PLATFORM\Z2170P\SRC\DRIVERS\TPS659XX_KEYPAD\ because target: C:\WINCE600\platform\Z2170P\target\ARMV4I\retail\tps659xx_keypad.dll is missing.
BUILD: [00:0000000059:PROGC ] Building LINK Pass in C:\WINCE600\PLATFORM\Z2170P\SRC\DRIVERS\TPS659XX_KEYPAD\ directory.
BUILD: [00:0000000060:PROG  ] 'NMAKE.EXE TargetExeFiles  -i -c BUILDMSG=Stop.  BUILDROOT=C:\WINCE600\PLATFORM\Z2170P LINKONLY=1 NOPASS0=1MAKEDLL=1'
BUILD: [01:0000000061:INFO  ] makefile.def: Including C:\WINCE600\public\common\oak\misc\Sources.default
BUILD: [01:0000000062:INFO  ] makefile.def: BUILDROOT is C:\WINCE600\PLATFORM\Z2170P
BUILD: [01:0000000063:INFO  ] makefile.def: Including C:\WINCE600\PLATFORM\Z2170P\sources.cmn
BUILD: [01:0000000064:INFO  ] makefile.def: Including C:\WINCE600\PLATFORM\Z2170P\SRC\DRIVERS\TPS659XX_KEYPAD\sources
BUILD: [01:0000000065:INFO  ] makefile.def: Including C:\WINCE600\public\common\oak\misc\Sources.CE
BUILD: [01:0000000066:INFO  ] Directory: C:\WINCE600\PLATFORM\Z2170P\SRC\DRIVERS\TPS659XX_KEYPAD
BUILD: [01:0000000067:INFO  ] TARGETNAME: tps659xx_keypad
BUILD: [01:0000000068:INFO  ] makefile.def: Including C:\WINCE600\public\common\oak\misc\sources.ReleaseType_PLATFORM
BUILD: [01:0000000069:ERRORE] NMAKE :  U1073: don't know how to make 'C:\WINCE600\platform\Z2170P\lib\ARMV4I\retail\ceddk.lib'
BUILD: [01:0000000070:INFO  ] Stop.
BUILD: [01:0000000071:ERRORE] NMAKE.EXE TargetExeFiles  -i -c BUILDMSG=Stop.  BUILDROOT=C:\WINCE600\PLATFORM\Z2170P LINKONLY=1 NOPASS0=1MAKEDLL=1 failed - rc = 2
BUILD: [00:0000000072:PROGC ]                        Files  Warnings  Errors
BUILD: [00:0000000073:PROGC ] Midl                       0         0       0
BUILD: [00:0000000074:PROGC ] Message                    0         0       0
BUILD: [00:0000000075:PROGC ] Precomp Header             0         0       0
BUILD: [00:0000000076:PROGC ] Resource                   0         0       0
BUILD: [00:0000000077:PROGC ] MASM                       0         0       0
BUILD: [00:0000000078:PROGC ] SHASM                      0         0       0
BUILD: [00:0000000079:PROGC ] ARMASM                     0         0       0
BUILD: [00:0000000080:PROGC ] MIPSASM                    0         0       0
BUILD: [00:0000000081:PROGC ] C++                        0         0       0
BUILD: [00:0000000082:PROGC ] C                          1         0       0
BUILD: [00:0000000083:PROGC ] Static Libraries           0         0       0
BUILD: [00:0000000084:PROGC ] Exe's                      0         0       0
BUILD: [00:0000000085:PROGC ] Dll's                      1         0       0
BUILD: [00:0000000086:PROGC ] Preprocess deffile         0         0       0
BUILD: [00:0000000087:PROGC ] Resx                       0         0       0
BUILD: [00:0000000088:PROGC ] CSharp Compile             0         0       0
BUILD: [00:0000000089:PROGC ] Other                      0         0       2
BUILD: [00:0000000090:PROGC ] 
BUILD: [00:0000000091:PROGC ] Total                      2         0       2
BUILD: [00:0000000092:PROGC ] 
BUILD: [00:0000000093:PROGC ] 0 Warnings,  2 Errors
BUILD: [00:0000000094:PROGC ] GetSystemTimes (seconds): Idle: 2     Kernel: 3     User: 0    
BUILD: [00:0000000095:PROGC ] Elapsed  time  (seconds): 2    
