BUILD: [Thrd:Sequence:Type  ] Message
BUILD: [00:0000000000:PROGC ] Build started with parameters: -c
BUILD: [00:0000000001:PROGC ] Build started in directory: C:\WINCE600\PLATFORM\EVM_OMAP3530
BUILD: [00:0000000002:PROGC ] Checking for C:\WINCE600\sdk\bin\i386\srccheck.exe.
BUILD: [00:0000000003:PROGC ] Running passes WCEFILES0, MIDL, MC, ASN, THUNK, PRECOMPHEADER, COMPILE, LIB, LINK, MANAGEDRESX, MANAGEDMOD, MANAGEDDLL, MANAGEDEXE, MANAGEDWIN for ARM.
BUILD: [00:0000000004:PROGC ] Ignoring build database (-c specified).
BUILD: [00:0000000005:PROGC ] Computing include file dependencies:
BUILD: [00:0000000006:PROGC ] Checking for SDK include directory: C:\WINCE600\sdk\CE\inc.
BUILD: [00:0000000007:WARNS ] COMMON is not a subdirectory of C:\WINCE600\PLATFORM\EVM_OMAP3530\SRC\.
BUILD: [00:0000000008:PROGC ] Scan C:\WINCE600\PLATFORM\EVM_OMAP3530\SRC\BSP_COMMON\BSPCFG\
BUILD: [00:0000000009:PROGC ] Scan C:\WINCE600\PLATFORM\EVM_OMAP3530\SRC\BSP_COMMON\STALL\
BUILD: [00:0000000010:PROGC ] Scan C:\WINCE600\PLATFORM\EVM_OMAP3530\SRC\BSP_COMMON\ARGS\
BUILD: [00:0000000011:PROGC ] Scan C:\WINCE600\PLATFORM\EVM_OMAP3530\SRC\BSP_COMMON\DISPLAY\
BUILD: [00:0000000012:PROGC ] Scan C:\WINCE600\PLATFORM\EVM_OMAP3530\SRC\BSP_COMMON\BSP_PADCFG\
BUILD: [00:0000000013:PROGC ] Scan C:\WINCE600\PLATFORM\EVM_OMAP3530\SRC\BSP_COMMON\TPS659XX\
BUILD: [00:0000000014:PROGC ] Scan C:\WINCE600\PLATFORM\EVM_OMAP3530\SRC\BSP_COMMON\USBFN\BOOT\
BUILD: [00:0000000015:PROGC ] Scan C:\WINCE600\PLATFORM\EVM_OMAP3530\SRC\BSP_COMMON\USBFN\KITL\
BUILD: [00:0000000016:PROGC ] Scan C:\WINCE600\PLATFORM\EVM_OMAP3530\SRC\BOOTLOADER\EBOOT\NAND\
BUILD: [00:0000000017:PROGC ] Scan C:\WINCE600\PLATFORM\EVM_OMAP3530\SRC\BOOTLOADER\EBOOT\SDMEMORY\
BUILD: [00:0000000018:PROGC ] Scan C:\WINCE600\PLATFORM\EVM_OMAP3530\SRC\BOOTLOADER\STUB\EBOOT\
BUILD: [00:0000000019:PROGC ] Scan C:\WINCE600\PLATFORM\EVM_OMAP3530\SRC\BOOTLOADER\STUB\XLDR\
BUILD: [00:0000000020:PROGC ] Scan C:\WINCE600\PLATFORM\EVM_OMAP3530\SRC\BOOTLOADER\DISPLAY\
BUILD: [00:0000000021:PROGC ] Scan C:\WINCE600\PLATFORM\EVM_OMAP3530\SRC\BOOTLOADER\XLDR\NAND\
BUILD: [00:0000000022:PROGC ] Scan C:\WINCE600\PLATFORM\EVM_OMAP3530\SRC\BOOTLOADER\XLDR\UART\
BUILD: [00:0000000023:PROGC ] Scan C:\WINCE600\PLATFORM\EVM_OMAP3530\SRC\BOOTLOADER\XLDR\SDMEMORY\
BUILD: [00:0000000024:WARNS ] PWRKEY is not a subdirectory of C:\WINCE600\PLATFORM\EVM_OMAP3530\SRC\DRIVERS\.
BUILD: [00:0000000025:WARNS ] HEAD is not a subdirectory of C:\WINCE600\PLATFORM\EVM_OMAP3530\SRC\DRIVERS\.
BUILD: [00:0000000026:WARNS ] KEYPAD is not a subdirectory of C:\WINCE600\PLATFORM\EVM_OMAP3530\SRC\DRIVERS\.
BUILD: [00:0000000027:WARNS ] WAVEDEV2 is not a subdirectory of C:\WINCE600\PLATFORM\EVM_OMAP3530\SRC\DRIVERS\.
BUILD: [00:0000000028:PROGC ] Scan C:\WINCE600\PLATFORM\EVM_OMAP3530\SRC\DRIVERS\CEDDK\DLL\
BUILD: [00:0000000029:PROGC ] Scan C:\WINCE600\PLATFORM\EVM_OMAP3530\SRC\DRIVERS\BLOCK\NAND\
BUILD: [00:0000000030:PROGC ] Scan C:\WINCE600\PLATFORM\EVM_OMAP3530\SRC\DRIVERS\GPIO\
BUILD: [00:0000000031:PROGC ] Scan C:\WINCE600\PLATFORM\EVM_OMAP3530\SRC\DRIVERS\MCSPI\
BUILD: [00:0000000032:PROGC ] Scan C:\WINCE600\PLATFORM\EVM_OMAP3530\SRC\DRIVERS\DISPLAY\DSS\
BUILD: [00:0000000033:PROGC ] Scan C:\WINCE600\PLATFORM\EVM_OMAP3530\SRC\DRIVERS\DMA\
BUILD: [00:0000000034:PROGC ] Scan C:\WINCE600\PLATFORM\EVM_OMAP3530\SRC\DRIVERS\UART\
BUILD: [00:0000000035:PROGC ] Scan C:\WINCE600\PLATFORM\EVM_OMAP3530\SRC\DRIVERS\SMSC9118\
BUILD: [00:0000000036:PROGC ] Scan C:\WINCE600\PLATFORM\EVM_OMAP3530\SRC\DRIVERS\BUS\
BUILD: [00:0000000037:PROGC ] Scan C:\WINCE600\PLATFORM\EVM_OMAP3530\SRC\DRIVERS\MCBSP\
BUILD: [00:0000000038:PROGC ] Scan C:\WINCE600\PLATFORM\EVM_OMAP3530\SRC\DRIVERS\SDMEMORY\
BUILD: [00:0000000039:PROGC ] Scan C:\WINCE600\PLATFORM\EVM_OMAP3530\SRC\DRIVERS\TOUCH\
BUILD: [00:0000000040:PROGC ] Scan C:\WINCE600\PLATFORM\EVM_OMAP3530\SRC\DRIVERS\TPS659XX\
BUILD: [00:0000000041:PROGC ] Scan C:\WINCE600\PLATFORM\EVM_OMAP3530\SRC\DRIVERS\TPS659XX_GPIO\
BUILD: [00:0000000042:PROGC ] Scan C:\WINCE600\PLATFORM\EVM_OMAP3530\SRC\DRIVERS\TPS659xx_MADC\
BUILD: [00:0000000043:PROGC ] Scan C:\WINCE600\PLATFORM\EVM_OMAP3530\SRC\DRIVERS\TPS659XX_WAVE\
BUILD: [00:0000000044:PROGC ] Scan C:\WINCE600\PLATFORM\EVM_OMAP3530\SRC\DRIVERS\TPS659XX_PWRKEY\
BUILD: [00:0000000045:PROGC ] Scan C:\WINCE600\PLATFORM\EVM_OMAP3530\SRC\DRIVERS\TPS659XX_KEYPAD\
BUILD: [00:0000000046:PROGC ] Scan C:\WINCE600\PLATFORM\EVM_OMAP3530\SRC\DRIVERS\BACKLIGHT\
BUILD: [00:0000000047:PROGC ] Scan C:\WINCE600\PLATFORM\EVM_OMAP3530\SRC\DRIVERS\SDBUS\
BUILD: [00:0000000048:PROGC ] Scan C:\WINCE600\PLATFORM\EVM_OMAP3530\SRC\DRIVERS\SDHC\IMPL\
BUILD: [00:0000000049:PROGC ] Scan C:\WINCE600\PLATFORM\EVM_OMAP3530\SRC\DRIVERS\USBHS\
BUILD: [00:0000000050:PROGC ] Scan C:\WINCE600\PLATFORM\EVM_OMAP3530\SRC\DRIVERS\CAMERA\MDD\
BUILD: [00:0000000051:WARNS ] Directory: C:\WINCE600\platform\COMMON\src\soc\COMMON_TI_V1\OMAP3530\inc C:\WINCE600\public\directx\sdk\inc\ does not exist.
BUILD: [00:0000000052:PROGC ] Scan C:\WINCE600\PLATFORM\EVM_OMAP3530\SRC\DRIVERS\CAMERA\PDD\
BUILD: [00:0000000053:PROGC ] Scan C:\WINCE600\PLATFORM\EVM_OMAP3530\SRC\DRIVERS\CAMERA\DLL\
BUILD: [00:0000000054:WARNS ] Directory: C:\WINCE600\platform\COMMON\src\soc\COMMON_TI_V1\OMAP3530\inc C:\WINCE600\public\directx\sdk\inc\ does not exist.
BUILD: [00:0000000055:PROGC ] Scan C:\WINCE600\PLATFORM\EVM_OMAP3530\SRC\DRIVERS\VRFB\
BUILD: [00:0000000056:PROGC ] Scan C:\WINCE600\PLATFORM\EVM_OMAP3530\SRC\DRIVERS\PM\DLL\
BUILD: [00:0000000057:PROGC ] Scan C:\WINCE600\PLATFORM\EVM_OMAP3530\SRC\DRIVERS\PM\CONSTRAINTADAPTERS\DLL\
BUILD: [00:0000000058:PROGC ] Scan C:\WINCE600\PLATFORM\EVM_OMAP3530\SRC\DRIVERS\PM\PMEXT\
BUILD: [00:0000000059:PROGC ] Scan C:\WINCE600\PLATFORM\EVM_OMAP3530\SRC\DRIVERS\PM\PMXPROXY\
BUILD: [00:0000000060:PROGC ] Scan C:\WINCE600\PLATFORM\EVM_OMAP3530\SRC\DRIVERS\PM\POLICYADAPTERS\CPULOAD\
BUILD: [00:0000000061:PROGC ] Scan C:\WINCE600\PLATFORM\EVM_OMAP3530\SRC\DRIVERS\PM\POLICYADAPTERS\DLL\
BUILD: [00:0000000062:PROGC ] Scan C:\WINCE600\PLATFORM\EVM_OMAP3530\SRC\DRIVERS\PM\POLICYADAPTERS\SYSTEMSTATE\
BUILD: [00:0000000063:PROGC ] Scan C:\WINCE600\PLATFORM\EVM_OMAP3530\SRC\DRIVERS\TPS659xx_LED\
BUILD: [00:0000000064:PROGC ] Scan C:\WINCE600\PLATFORM\EVM_OMAP3530\SRC\DRIVERS\MUSB\MUSBFN\
BUILD: [00:0000000065:PROGC ] Scan C:\WINCE600\PLATFORM\EVM_OMAP3530\SRC\DRIVERS\MUSB\MUSBHCD\
BUILD: [00:0000000066:PROGC ] Scan C:\WINCE600\PLATFORM\EVM_OMAP3530\SRC\DRIVERS\MUSB\MUSBOTG\
BUILD: [00:0000000067:PROGC ] Scan C:\WINCE600\PLATFORM\EVM_OMAP3530\SRC\DRIVERS\TPS659XX_RTC\
BUILD: [00:0000000068:PROGC ] Scan C:\WINCE600\PLATFORM\EVM_OMAP3530\SRC\DRIVERS\SDMAPROXY\
BUILD: [00:0000000069:PROGC ] Scan C:\WINCE600\PLATFORM\EVM_OMAP3530\SRC\DRIVERS\NLED\
BUILD: [00:0000000070:PROGC ] Scan C:\WINCE600\PLATFORM\EVM_OMAP3530\SRC\DRIVERS\HEADSET\
BUILD: [00:0000000071:PROGC ] Scan C:\WINCE600\PLATFORM\EVM_OMAP3530\SRC\DRIVERS\BATTERY\NULL\
BUILD: [00:0000000072:PROGC ] Scan C:\WINCE600\PLATFORM\EVM_OMAP3530\SRC\DRIVERS\BATTERY\BQ27000\
BUILD: [00:0000000073:PROGC ] Scan C:\WINCE600\PLATFORM\EVM_OMAP3530\SRC\DRIVERS\HDQ\
BUILD: [00:0000000074:PROGC ] Scan C:\WINCE600\PLATFORM\EVM_OMAP3530\SRC\DRIVERS\ISP_RESIZER\
BUILD: [00:0000000075:PROGC ] Scan C:\WINCE600\PLATFORM\EVM_OMAP3530\SRC\KITL\KITLDLL\
BUILD: [00:0000000076:PROGC ] Scan C:\WINCE600\PLATFORM\EVM_OMAP3530\SRC\KITL\KITLREG\
BUILD: [00:0000000077:PROGC ] Scan C:\WINCE600\PLATFORM\EVM_OMAP3530\SRC\OAL\OALLIB\
BUILD: [00:0000000078:PROGC ] Scan C:\WINCE600\PLATFORM\EVM_OMAP3530\SRC\OAL\OALEXE\
BUILD: [00:0000000079:PROGC ] Scan C:\WINCE600\PLATFORM\EVM_OMAP3530\SRC\OAL\OALIOCTL\
BUILD: [00:0000000080:PROGC ] Scan C:\WINCE600\PLATFORM\EVM_OMAP3530\SRC\APP\BSPVERSION\EXE\
BUILD: [00:0000000081:PROGC ] Scan C:\WINCE600\PLATFORM\EVM_OMAP3530\SRC\APP\BSPVERSION\PNL\
BUILD: [00:0000000082:PROGC ] Scan C:\WINCE600\PLATFORM\EVM_OMAP3530\SRC\APP\SHELL\
BUILD: [00:0000000083:PROGC ] Scan C:\WINCE600\PLATFORM\EVM_OMAP3530\SRC\APP\DOCMD\
BUILD: [00:0000000084:PROGC ] Scan C:\WINCE600\PLATFORM\EVM_OMAP3530\SRC\APP\PROXYDRIVER\
BUILD: [00:0000000085:PROGC ] Scan C:\WINCE600\PLATFORM\EVM_OMAP3530\SRC\APP\COMMON\
BUILD: [00:0000000086:PROGC ] Scan C:\WINCE600\PLATFORM\EVM_OMAP3530\SRC\APP\I2CPROXY\
BUILD: [00:0000000087:PROGC ] Scan C:\WINCE600\PLATFORM\EVM_OMAP3530\SRC\APP\SIMPLE\DLL\
BUILD: [00:0000000088:PROGC ] Scan C:\WINCE600\PLATFORM\EVM_OMAP3530\SRC\APP\SIMPLE\EXE\
BUILD: [00:0000000089:PROGC ] Scan C:\WINCE600\PLATFORM\EVM_OMAP3530\SRC\APP\NullSink\
BUILD: [00:0000000090:PROGC ] Scan C:\WINCE600\PLATFORM\EVM_OMAP3530\SRC\APP\SampleGrabber\
BUILD: [00:0000000091:PROGC ] Scan C:\WINCE600\PLATFORM\EVM_OMAP3530\SRC\APP\CaptureTest\
BUILD: [00:0000000092:PROGC ] Scan C:\WINCE600\PLATFORM\EVM_OMAP3530\SRC\APP\WAVMIXER\
BUILD: [00:0000000093:PROGC ] Scan C:\WINCE600\PLATFORM\EVM_OMAP3530\SRC\test\testGPIO\
BUILD: [00:0000000094:PROGC ] Scan C:\WINCE600\PLATFORM\EVM_OMAP3530\SRC\test\testSerial\
BUILD: [00:0000000095:PROGC ] Scan C:\WINCE600\PLATFORM\EVM_OMAP3530\SRC\test\testSerialPerf\
BUILD: [00:0000000096:PROGC ] Scan C:\WINCE600\PLATFORM\EVM_OMAP3530\SRC\test\PMTEST\PMGET\
BUILD: [00:0000000097:PROGC ] Scan C:\WINCE600\PLATFORM\EVM_OMAP3530\SRC\test\PMTEST\PMGETD\
BUILD: [00:0000000098:PROGC ] Scan C:\WINCE600\PLATFORM\EVM_OMAP3530\SRC\test\PMTEST\PMMON\
BUILD: [00:0000000099:PROGC ] Scan C:\WINCE600\PLATFORM\EVM_OMAP3530\SRC\test\PMTEST\PMREQ\
BUILD: [00:0000000100:PROGC ] Scan C:\WINCE600\PLATFORM\EVM_OMAP3530\SRC\test\PMTEST\PMSET\
BUILD: [00:0000000101:PROGC ] Scan C:\WINCE600\PLATFORM\EVM_OMAP3530\SRC\test\PMTEST\PMSETD\
BUILD: [00:0000000102:PROGC ] Scan C:\WINCE600\PLATFORM\EVM_OMAP3530\SRC\test\wakeme\
BUILD: [00:0000000103:PROGC ] Scan C:\WINCE600\PLATFORM\EVM_OMAP3530\SRC\test\testNAND\Driver\
BUILD: [00:0000000104:PROGC ] Scan C:\WINCE600\PLATFORM\EVM_OMAP3530\SRC\test\testNAND\testapp\
BUILD: [00:0000000105:PROGC ] Scan C:\WINCE600\PLATFORM\EVM_OMAP3530\SRC\test\testRTC\
BUILD: [00:0000000106:PROGC ] Scan C:\WINCE600\PLATFORM\EVM_OMAP3530\SRC\test\testKeypad\
BUILD: [00:0000000107:PROGC ] Scan C:\WINCE600\PLATFORM\EVM_OMAP3530\SRC\test\Tux_I2C\
BUILD: [00:0000000108:PROGC ] Scan C:\WINCE600\PLATFORM\EVM_OMAP3530\SRC\test\Tux_SPI\
BUILD: [00:0000000109:PROGC ] Scan C:\WINCE600\PLATFORM\EVM_OMAP3530\SRC\test\Tux_PowerManagement\
BUILD: [00:0000000110:PROGC ] Scan C:\WINCE600\PLATFORM\EVM_OMAP3530\SRC\test\FSTEST\
BUILD: [00:0000000111:PROGC ] Saving C:\WINCE600\PLATFORM\EVM_OMAP3530\Build.dat.
BUILD: [00:0000000112:INFO  ] Done.
BUILD: [00:0000000113:INFO  ] Will Build C:\WINCE600\PLATFORM\EVM_OMAP3530\SRC\APP\NullSink\StdAfx.h because target: obj\ARMV4I\retail\StdAfx.pch is missing.
BUILD: [00:0000000114:INFO  ] Will Build C:\WINCE600\PLATFORM\EVM_OMAP3530\SRC\APP\NullSink\ because target: obj\ARMV4I\retail\StdAfx.pch is missing.
BUILD: [00:0000000115:PROGC ] Building PRECOMPHEADER Pass in C:\WINCE600\PLATFORM\EVM_OMAP3530\SRC\APP\NullSink\ directory.
BUILD: [00:0000000116:PROG  ] 'NMAKE.EXE TargetPCHPass  -i -c BUILDMSG=Stop.  BUILDROOT=C:\WINCE600\PLATFORM\EVM_OMAP3530 CLEANBUILD=1 NOLINK=1 PASS0ONLY=1 PASSPCH=1'
BUILD: [01:0000000117:INFO  ] makefile.def: Including C:\WINCE600\public\common\oak\misc\Sources.default
BUILD: [01:0000000118:INFO  ] makefile.def: BUILDROOT is C:\WINCE600\PLATFORM\EVM_OMAP3530
BUILD: [01:0000000119:INFO  ] makefile.def: Including C:\WINCE600\PLATFORM\EVM_OMAP3530\sources.cmn
BUILD: [01:0000000120:INFO  ] makefile.def: Including C:\WINCE600\PLATFORM\EVM_OMAP3530\SRC\APP\NullSink\sources
BUILD: [01:0000000121:INFO  ] makefile.def: Including C:\WINCE600\public\common\oak\misc\Sources.CE
BUILD: [01:0000000122:INFO  ] Directory: C:\WINCE600\PLATFORM\EVM_OMAP3530\SRC\APP\NullSink
BUILD: [01:0000000123:INFO  ] TARGETNAME: NullSink
BUILD: [01:0000000124:INFO  ] makefile.def: Including C:\WINCE600\public\common\oak\misc\sources.ReleaseType_PLATFORM
BUILD: [01:0000000125:PROGC ] Create precompiled header StdAfx.h obj\ARMV4I\retail\StdAfx.obj C:\WINCE600\PLATFORM\EVM_OMAP3530\SRC\APP\NullSink\obj\ARMV4I\retail\StdAfx.pch
BUILD: [01:0000000126:INFO  ] cl -nologo  /Tp  /Gy -c -IARM\ -I. -IC:\WINCE600\platform\COMMON\src\inc -IC:\WINCE600\platform\Z2170P\src\inc -IC:\WINCE600\platform\COMMON\src\soc\COMMON_TI_V1\TRITON\inc -IC:\WINCE600\platform\COMMON\src\soc\COMMON_TI_V1\TPS659xx\inc -IC:\WINCE600\platform\COMMON\src\soc\COMMON_TI_V1\COMMON_TI\inc -IC:\WINCE600\platform\COMMON\src\soc\COMMON_TI_V1\OMAP3530\inc -IC:\WINCE600\PUBLIC\DIRECTX\SDK\SAMPLES\DSHOW\BASECLASSES -IC:\WINCE600\PUBLIC\DIRECTX\SDK\INC -IC:\WINCE600\public\common\sdk\inc -IC:\WINCE600\public\common\oak\inc -IC:\WINCE600\public\common\ddk\inc -IC:\WINCE600\sdk\CE\inc -I.\Resource\0409 -Ox -Os -GF -Zi -FdC:\WINCE600\platform\Z2170P\target\ARMV4I\retail\NullSink.pdb -D_CRT_SECURE_NO_DEPRECATE -D_USE_32BIT_TIME_T -DUNICODE -D_UNICODE -DUNDER_CE=600 -D_WIN32_WCE=0x600 -DWINCEOEM -DWINCEINTERNAL -DWIN32 -DSTRICT -DARM -DARMV4I -D_ARM_ -DNDEBUG=1  -D_SOC_MODEL=OMAP3530 -D_TRITON_MODEL=TPS659xx -DCEDDK_USEDDKMACRO -D_WINCEOSVER=600 -DBSP_EVM2 -DBSP_OPM_SELECT_37XX=4 -DBSP_OPM_SELECT_35XX=5 -DBSP_RTC_WAKES_CPU -DBSP_SDRAM_BANK1_ENABLE -DNullSink_EXPORTS -DINTERNATIONAL -DINTLMSG_CODEPAGE=1252 -FAsc -FaC:\WINCE600\PLATFORM\EVM_OMAP3530\SRC\APP\NullSink\obj\ARMV4I\retail\StdAfx.cod -WX -QRimplicit-import- -Zi -c -IARM\ -I. -IC:\WINCE600\platform\COMMON\src\inc -IC:\WINCE600\platform\Z2170P\src\inc -IC:\WINCE600\platform\COMMON\src\soc\COMMON_TI_V1\TRITON\inc -IC:\WINCE600\platform\COMMON\src\soc\COMMON_TI_V1\TPS659xx\inc -IC:\WINCE600\platform\COMMON\src\soc\COMMON_TI_V1\COMMON_TI\inc -IC:\WINCE600\platform\COMMON\src\soc\COMMON_TI_V1\OMAP3530\inc -IC:\WINCE600\PUBLIC\DIRECTX\SDK\SAMPLES\DSHOW\BASECLASSES -IC:\WINCE600\PUBLIC\DIRECTX\SDK\INC -IC:\WINCE600\public\common\sdk\inc -IC:\WINCE600\public\common\oak\inc -IC:\WINCE600\public\common\ddk\inc -IC:\WINCE600\sdk\CE\inc -I.\Resource\0409 -Ox -Os -GF -Zi -FdC:\WINCE600\platform\Z2170P\target\ARMV4I\retail\NullSink.pdb -D_CRT_SECURE_NO_DEPRECATE -D_USE_32BIT_TIME_T -DUNICODE -D_UNICODE -DUNDER_CE=600 -D_WIN32_WCE=0x600 -DWINCEOEM -DWINCEINTERNAL -DWIN32 -DSTRICT -DARM -DARMV4I -D_ARM_ -DNDEBUG=1  -D_SOC_MODEL=OMAP3530 -D_TRITON_MODEL=TPS659xx -DCEDDK_USEDDKMACRO -D_WINCEOSVER=600 -DBSP_EVM2 -DBSP_OPM_SELECT_37XX=4 -DBSP_OPM_SELECT_35XX=5 -DBSP_RTC_WAKES_CPU -DBSP_SDRAM_BANK1_ENABLE -DNullSink_EXPORTS -DINTERNATIONAL -DINTLMSG_CODEPAGE=1252 -FAsc -FaC:\WINCE600\PLATFORM\EVM_OMAP3530\SRC\APP\NullSink\obj\ARMV4I\retail\StdAfx.cod -WX -QRimplicit-import- -Zi  -Zc:wchar_t- -Zc:forScope- -wd4867 -wd4430 -MT -U_MT -W4 /analyze   /GR- -QRarch4T -DTHUMBSUPPORT -QRinterwork-return  /GS /YlNullSink /YcStdAfx.h /FpC:\WINCE600\PLATFORM\EVM_OMAP3530\SRC\APP\NullSink\obj\ARMV4I\retail\StdAfx.pch /FoC:\WINCE600\PLATFORM\EVM_OMAP3530\SRC\APP\NullSink\obj\ARMV4I\retail\StdAfx.obj
BUILD: [01:0000000127:INFO  ] nm6C.tmp
BUILD: [00:0000000128:INFO  ] Will Build C:\WINCE600\PLATFORM\EVM_OMAP3530\SRC\test\testSerial\StdAfx.h because target: obj\ARMV4I\retail\StdAfx.pch is missing.
BUILD: [00:0000000129:INFO  ] Will Build C:\WINCE600\PLATFORM\EVM_OMAP3530\SRC\test\testSerial\ because target: obj\ARMV4I\retail\StdAfx.pch is missing.
BUILD: [00:0000000130:PROGC ] Building PRECOMPHEADER Pass in C:\WINCE600\PLATFORM\EVM_OMAP3530\SRC\test\testSerial\ directory.
BUILD: [00:0000000131:PROG  ] 'NMAKE.EXE TargetPCHPass  -i -c BUILDMSG=Stop.  BUILDROOT=C:\WINCE600\PLATFORM\EVM_OMAP3530 CLEANBUILD=1 NOLINK=1 PASS0ONLY=1 PASSPCH=1'
BUILD: [01:0000000132:INFO  ] makefile.def: Including C:\WINCE600\public\common\oak\misc\Sources.default
BUILD: [01:0000000133:INFO  ] makefile.def: BUILDROOT is C:\WINCE600\PLATFORM\EVM_OMAP3530
BUILD: [01:0000000134:INFO  ] makefile.def: Including C:\WINCE600\PLATFORM\EVM_OMAP3530\sources.cmn
BUILD: [01:0000000135:INFO  ] makefile.def: Including C:\WINCE600\PLATFORM\EVM_OMAP3530\SRC\test\testSerial\sources
BUILD: [01:0000000136:INFO  ] makefile.def: Including C:\WINCE600\public\common\oak\misc\Sources.CE
BUILD: [01:0000000137:INFO  ] Directory: C:\WINCE600\PLATFORM\EVM_OMAP3530\SRC\test\testSerial
BUILD: [01:0000000138:INFO  ] TARGETNAME: testSerial
BUILD: [01:0000000139:INFO  ] makefile.def: Including C:\WINCE600\public\common\oak\misc\sources.ReleaseType_PLATFORM
BUILD: [01:0000000140:PROGC ] Create precompiled header StdAfx.h obj\ARMV4I\retail\StdAfx.obj C:\WINCE600\PLATFORM\EVM_OMAP3530\SRC\test\testSerial\obj\ARMV4I\retail\StdAfx.pch
BUILD: [01:0000000141:INFO  ] cl -nologo  /Tp  /Gy -c -IARM\ -I. -IC:\WINCE600\platform\COMMON\src\inc -IC:\WINCE600\platform\Z2170P\src\inc -IC:\WINCE600\platform\COMMON\src\soc\COMMON_TI_V1\TRITON\inc -IC:\WINCE600\platform\COMMON\src\soc\COMMON_TI_V1\TPS659xx\inc -IC:\WINCE600\platform\COMMON\src\soc\COMMON_TI_V1\COMMON_TI\inc -IC:\WINCE600\platform\COMMON\src\soc\COMMON_TI_V1\OMAP3530\inc -IC:\WINCE600\public\common\sdk\inc -IC:\WINCE600\public\common\oak\inc -IC:\WINCE600\public\common\ddk\inc -IC:\WINCE600\sdk\CE\inc -I.\Resource\0409 -Ox -Os -GF -Zi -FdC:\WINCE600\platform\Z2170P\target\ARMV4I\retail\testSerial.pdb -D_CRT_SECURE_NO_DEPRECATE -D_USE_32BIT_TIME_T -DUNICODE -D_UNICODE -DUNDER_CE=600 -D_WIN32_WCE=0x600 -DWINCEOEM -DWINCEINTERNAL -DWIN32 -DSTRICT -DARM -DARMV4I -D_ARM_ -DNDEBUG=1  -D_SOC_MODEL=OMAP3530 -D_TRITON_MODEL=TPS659xx -DCEDDK_USEDDKMACRO -D_WINCEOSVER=600 -DBSP_EVM2 -DBSP_OPM_SELECT_37XX=4 -DBSP_OPM_SELECT_35XX=5 -DBSP_RTC_WAKES_CPU -DBSP_SDRAM_BANK1_ENABLE -DINTERNATIONAL -DINTLMSG_CODEPAGE=1252 -FAsc -FaC:\WINCE600\PLATFORM\EVM_OMAP3530\SRC\test\testSerial\obj\ARMV4I\retail\StdAfx.cod -WX -QRimplicit-import- -Zi -c -IARM\ -I. -IC:\WINCE600\platform\COMMON\src\inc -IC:\WINCE600\platform\Z2170P\src\inc -IC:\WINCE600\platform\COMMON\src\soc\COMMON_TI_V1\TRITON\inc -IC:\WINCE600\platform\COMMON\src\soc\COMMON_TI_V1\TPS659xx\inc -IC:\WINCE600\platform\COMMON\src\soc\COMMON_TI_V1\COMMON_TI\inc -IC:\WINCE600\platform\COMMON\src\soc\COMMON_TI_V1\OMAP3530\inc -IC:\WINCE600\public\common\sdk\inc -IC:\WINCE600\public\common\oak\inc -IC:\WINCE600\public\common\ddk\inc -IC:\WINCE600\sdk\CE\inc -I.\Resource\0409 -Ox -Os -GF -Zi -FdC:\WINCE600\platform\Z2170P\target\ARMV4I\retail\testSerial.pdb -D_CRT_SECURE_NO_DEPRECATE -D_USE_32BIT_TIME_T -DUNICODE -D_UNICODE -DUNDER_CE=600 -D_WIN32_WCE=0x600 -DWINCEOEM -DWINCEINTERNAL -DWIN32 -DSTRICT -DARM -DARMV4I -D_ARM_ -DNDEBUG=1  -D_SOC_MODEL=OMAP3530 -D_TRITON_MODEL=TPS659xx -DCEDDK_USEDDKMACRO -D_WINCEOSVER=600 -DBSP_EVM2 -DBSP_OPM_SELECT_37XX=4 -DBSP_OPM_SELECT_35XX=5 -DBSP_RTC_WAKES_CPU -DBSP_SDRAM_BANK1_ENABLE -DINTERNATIONAL -DINTLMSG_CODEPAGE=1252 -FAsc -FaC:\WINCE600\PLATFORM\EVM_OMAP3530\SRC\test\testSerial\obj\ARMV4I\retail\StdAfx.cod -WX -QRimplicit-import- -Zi  -Zc:wchar_t- -Zc:forScope- -wd4867 -wd4430 -MT -U_MT -W3 /analyze   /GR- -QRarch4T -DTHUMBSUPPORT -QRinterwork-return  /GS /YltestSerial /YcStdAfx.h /FpC:\WINCE600\PLATFORM\EVM_OMAP3530\SRC\test\testSerial\obj\ARMV4I\retail\StdAfx.pch /FoC:\WINCE600\PLATFORM\EVM_OMAP3530\SRC\test\testSerial\obj\ARMV4I\retail\StdAfx.obj
BUILD: [01:0000000142:INFO  ] nm6F.tmp
BUILD: [00:0000000143:INFO  ] Will Build C:\WINCE600\PLATFORM\EVM_OMAP3530\SRC\test\testSerialPerf\StdAfx.h because target: obj\ARMV4I\retail\StdAfx.pch is missing.
BUILD: [00:0000000144:INFO  ] Will Build C:\WINCE600\PLATFORM\EVM_OMAP3530\SRC\test\testSerialPerf\ because target: obj\ARMV4I\retail\StdAfx.pch is missing.
BUILD: [00:0000000145:PROGC ] Building PRECOMPHEADER Pass in C:\WINCE600\PLATFORM\EVM_OMAP3530\SRC\test\testSerialPerf\ directory.
BUILD: [00:0000000146:PROG  ] 'NMAKE.EXE TargetPCHPass  -i -c BUILDMSG=Stop.  BUILDROOT=C:\WINCE600\PLATFORM\EVM_OMAP3530 CLEANBUILD=1 NOLINK=1 PASS0ONLY=1 PASSPCH=1'
BUILD: [01:0000000147:INFO  ] makefile.def: Including C:\WINCE600\public\common\oak\misc\Sources.default
BUILD: [01:0000000148:INFO  ] makefile.def: BUILDROOT is C:\WINCE600\PLATFORM\EVM_OMAP3530
BUILD: [01:0000000149:INFO  ] makefile.def: Including C:\WINCE600\PLATFORM\EVM_OMAP3530\sources.cmn
BUILD: [01:0000000150:INFO  ] makefile.def: Including C:\WINCE600\PLATFORM\EVM_OMAP3530\SRC\test\testSerialPerf\sources
BUILD: [01:0000000151:INFO  ] makefile.def: Including C:\WINCE600\public\common\oak\misc\Sources.CE
BUILD: [01:0000000152:INFO  ] Directory: C:\WINCE600\PLATFORM\EVM_OMAP3530\SRC\test\testSerialPerf
BUILD: [01:0000000153:INFO  ] TARGETNAME: testSerialPerf
BUILD: [01:0000000154:INFO  ] makefile.def: Including C:\WINCE600\public\common\oak\misc\sources.ReleaseType_PLATFORM
BUILD: [01:0000000155:PROGC ] Create precompiled header StdAfx.h obj\ARMV4I\retail\StdAfx.obj C:\WINCE600\PLATFORM\EVM_OMAP3530\SRC\test\testSerialPerf\obj\ARMV4I\retail\StdAfx.pch
BUILD: [01:0000000156:INFO  ] cl -nologo  /Tp  /Gy -c -IARM\ -I. -IC:\WINCE600\platform\COMMON\src\inc -IC:\WINCE600\platform\Z2170P\src\inc -IC:\WINCE600\platform\COMMON\src\soc\COMMON_TI_V1\TRITON\inc -IC:\WINCE600\platform\COMMON\src\soc\COMMON_TI_V1\TPS659xx\inc -IC:\WINCE600\platform\COMMON\src\soc\COMMON_TI_V1\COMMON_TI\inc -IC:\WINCE600\platform\COMMON\src\soc\COMMON_TI_V1\OMAP3530\inc -IC:\WINCE600\public\common\sdk\inc -IC:\WINCE600\public\common\oak\inc -IC:\WINCE600\public\common\ddk\inc -IC:\WINCE600\sdk\CE\inc -I.\Resource\0409 -Ox -Os -GF -Zi -FdC:\WINCE600\platform\Z2170P\target\ARMV4I\retail\testSerialPerf.pdb -D_CRT_SECURE_NO_DEPRECATE -D_USE_32BIT_TIME_T -DUNICODE -D_UNICODE -DUNDER_CE=600 -D_WIN32_WCE=0x600 -DWINCEOEM -DWINCEINTERNAL -DWIN32 -DSTRICT -DARM -DARMV4I -D_ARM_ -DNDEBUG=1  -D_SOC_MODEL=OMAP3530 -D_TRITON_MODEL=TPS659xx -DCEDDK_USEDDKMACRO -D_WINCEOSVER=600 -DBSP_EVM2 -DBSP_OPM_SELECT_37XX=4 -DBSP_OPM_SELECT_35XX=5 -DBSP_RTC_WAKES_CPU -DBSP_SDRAM_BANK1_ENABLE -DINTERNATIONAL -DINTLMSG_CODEPAGE=1252 -FAsc -FaC:\WINCE600\PLATFORM\EVM_OMAP3530\SRC\test\testSerialPerf\obj\ARMV4I\retail\StdAfx.cod -WX -QRimplicit-import- -Zi -c -IARM\ -I. -IC:\WINCE600\platform\COMMON\src\inc -IC:\WINCE600\platform\Z2170P\src\inc -IC:\WINCE600\platform\COMMON\src\soc\COMMON_TI_V1\TRITON\inc -IC:\WINCE600\platform\COMMON\src\soc\COMMON_TI_V1\TPS659xx\inc -IC:\WINCE600\platform\COMMON\src\soc\COMMON_TI_V1\COMMON_TI\inc -IC:\WINCE600\platform\COMMON\src\soc\COMMON_TI_V1\OMAP3530\inc -IC:\WINCE600\public\common\sdk\inc -IC:\WINCE600\public\common\oak\inc -IC:\WINCE600\public\common\ddk\inc -IC:\WINCE600\sdk\CE\inc -I.\Resource\0409 -Ox -Os -GF -Zi -FdC:\WINCE600\platform\Z2170P\target\ARMV4I\retail\testSerialPerf.pdb -D_CRT_SECURE_NO_DEPRECATE -D_USE_32BIT_TIME_T -DUNICODE -D_UNICODE -DUNDER_CE=600 -D_WIN32_WCE=0x600 -DWINCEOEM -DWINCEINTERNAL -DWIN32 -DSTRICT -DARM -DARMV4I -D_ARM_ -DNDEBUG=1  -D_SOC_MODEL=OMAP3530 -D_TRITON_MODEL=TPS659xx -DCEDDK_USEDDKMACRO -D_WINCEOSVER=600 -DBSP_EVM2 -DBSP_OPM_SELECT_37XX=4 -DBSP_OPM_SELECT_35XX=5 -DBSP_RTC_WAKES_CPU -DBSP_SDRAM_BANK1_ENABLE -DINTERNATIONAL -DINTLMSG_CODEPAGE=1252 -FAsc -FaC:\WINCE600\PLATFORM\EVM_OMAP3530\SRC\test\testSerialPerf\obj\ARMV4I\retail\StdAfx.cod -WX -QRimplicit-import- -Zi  -Zc:wchar_t- -Zc:forScope- -wd4867 -wd4430 -MT -U_MT -W4 /analyze   /GR- -QRarch4T -DTHUMBSUPPORT -QRinterwork-return  /GS /YltestSerialPerf /YcStdAfx.h /FpC:\WINCE600\PLATFORM\EVM_OMAP3530\SRC\test\testSerialPerf\obj\ARMV4I\retail\StdAfx.pch /FoC:\WINCE600\PLATFORM\EVM_OMAP3530\SRC\test\testSerialPerf\obj\ARMV4I\retail\StdAfx.obj
BUILD: [01:0000000157:INFO  ] nm72.tmp
BUILD: [00:0000000158:INFO  ] Will Build C:\WINCE600\PLATFORM\EVM_OMAP3530\SRC\test\wakeme\StdAfx.h because target: obj\ARMV4I\retail\StdAfx.pch is missing.
BUILD: [00:0000000159:INFO  ] Will Build C:\WINCE600\PLATFORM\EVM_OMAP3530\SRC\test\wakeme\ because target: obj\ARMV4I\retail\StdAfx.pch is missing.
BUILD: [00:0000000160:PROGC ] Building PRECOMPHEADER Pass in C:\WINCE600\PLATFORM\EVM_OMAP3530\SRC\test\wakeme\ directory.
BUILD: [00:0000000161:PROG  ] 'NMAKE.EXE TargetPCHPass  -i -c BUILDMSG=Stop.  BUILDROOT=C:\WINCE600\PLATFORM\EVM_OMAP3530 CLEANBUILD=1 NOLINK=1 PASS0ONLY=1 PASSPCH=1'
BUILD: [01:0000000162:INFO  ] makefile.def: Including C:\WINCE600\public\common\oak\misc\Sources.default
BUILD: [01:0000000163:INFO  ] makefile.def: BUILDROOT is C:\WINCE600\PLATFORM\EVM_OMAP3530
BUILD: [01:0000000164:INFO  ] makefile.def: Including C:\WINCE600\PLATFORM\EVM_OMAP3530\sources.cmn
BUILD: [01:0000000165:INFO  ] makefile.def: Including C:\WINCE600\PLATFORM\EVM_OMAP3530\SRC\test\wakeme\sources
BUILD: [01:0000000166:INFO  ] makefile.def: Including C:\WINCE600\public\common\oak\misc\Sources.CE
BUILD: [01:0000000167:INFO  ] Directory: C:\WINCE600\PLATFORM\EVM_OMAP3530\SRC\test\wakeme
BUILD: [01:0000000168:INFO  ] TARGETNAME: wakeme
BUILD: [01:0000000169:INFO  ] makefile.def: Including C:\WINCE600\public\common\oak\misc\sources.ReleaseType_PLATFORM
BUILD: [01:0000000170:PROGC ] Create precompiled header StdAfx.h obj\ARMV4I\retail\StdAfx.obj C:\WINCE600\PLATFORM\EVM_OMAP3530\SRC\test\wakeme\obj\ARMV4I\retail\StdAfx.pch
BUILD: [01:0000000171:INFO  ] cl -nologo  /Tp  /Gy -c -IARM\ -I. -IC:\WINCE600\platform\COMMON\src\inc -IC:\WINCE600\platform\Z2170P\src\inc -IC:\WINCE600\platform\COMMON\src\soc\COMMON_TI_V1\TRITON\inc -IC:\WINCE600\platform\COMMON\src\soc\COMMON_TI_V1\TPS659xx\inc -IC:\WINCE600\platform\COMMON\src\soc\COMMON_TI_V1\COMMON_TI\inc -IC:\WINCE600\platform\COMMON\src\soc\COMMON_TI_V1\OMAP3530\inc -IC:\WINCE600\public\common\sdk\inc -IC:\WINCE600\public\common\oak\inc -IC:\WINCE600\public\common\ddk\inc -IC:\WINCE600\sdk\CE\inc -I.\Resource\0409 -Ox -Os -GF -Zi -FdC:\WINCE600\platform\Z2170P\target\ARMV4I\retail\wakeme.pdb -D_CRT_SECURE_NO_DEPRECATE -D_USE_32BIT_TIME_T -DUNICODE -D_UNICODE -DUNDER_CE=600 -D_WIN32_WCE=0x600 -DWINCEOEM -DWINCEINTERNAL -DWIN32 -DSTRICT -DARM -DARMV4I -D_ARM_ -DNDEBUG=1  -D_SOC_MODEL=OMAP3530 -D_TRITON_MODEL=TPS659xx -DCEDDK_USEDDKMACRO -D_WINCEOSVER=600 -DBSP_EVM2 -DBSP_OPM_SELECT_37XX=4 -DBSP_OPM_SELECT_35XX=5 -DBSP_RTC_WAKES_CPU -DBSP_SDRAM_BANK1_ENABLE -DINTERNATIONAL -DINTLMSG_CODEPAGE=1252 -FAsc -FaC:\WINCE600\PLATFORM\EVM_OMAP3530\SRC\test\wakeme\obj\ARMV4I\retail\StdAfx.cod -WX -QRimplicit-import- -Zi -c -IARM\ -I. -IC:\WINCE600\platform\COMMON\src\inc -IC:\WINCE600\platform\Z2170P\src\inc -IC:\WINCE600\platform\COMMON\src\soc\COMMON_TI_V1\TRITON\inc -IC:\WINCE600\platform\COMMON\src\soc\COMMON_TI_V1\TPS659xx\inc -IC:\WINCE600\platform\COMMON\src\soc\COMMON_TI_V1\COMMON_TI\inc -IC:\WINCE600\platform\COMMON\src\soc\COMMON_TI_V1\OMAP3530\inc -IC:\WINCE600\public\common\sdk\inc -IC:\WINCE600\public\common\oak\inc -IC:\WINCE600\public\common\ddk\inc -IC:\WINCE600\sdk\CE\inc -I.\Resource\0409 -Ox -Os -GF -Zi -FdC:\WINCE600\platform\Z2170P\target\ARMV4I\retail\wakeme.pdb -D_CRT_SECURE_NO_DEPRECATE -D_USE_32BIT_TIME_T -DUNICODE -D_UNICODE -DUNDER_CE=600 -D_WIN32_WCE=0x600 -DWINCEOEM -DWINCEINTERNAL -DWIN32 -DSTRICT -DARM -DARMV4I -D_ARM_ -DNDEBUG=1  -D_SOC_MODEL=OMAP3530 -D_TRITON_MODEL=TPS659xx -DCEDDK_USEDDKMACRO -D_WINCEOSVER=600 -DBSP_EVM2 -DBSP_OPM_SELECT_37XX=4 -DBSP_OPM_SELECT_35XX=5 -DBSP_RTC_WAKES_CPU -DBSP_SDRAM_BANK1_ENABLE -DINTERNATIONAL -DINTLMSG_CODEPAGE=1252 -FAsc -FaC:\WINCE600\PLATFORM\EVM_OMAP3530\SRC\test\wakeme\obj\ARMV4I\retail\StdAfx.cod -WX -QRimplicit-import- -Zi  -Zc:wchar_t- -Zc:forScope- -wd4867 -wd4430 -MT -U_MT -W4 /analyze   /GR- -QRarch4T -DTHUMBSUPPORT -QRinterwork-return  /GS /Ylwakeme /YcStdAfx.h /FpC:\WINCE600\PLATFORM\EVM_OMAP3530\SRC\test\wakeme\obj\ARMV4I\retail\StdAfx.pch /FoC:\WINCE600\PLATFORM\EVM_OMAP3530\SRC\test\wakeme\obj\ARMV4I\retail\StdAfx.obj
BUILD: [01:0000000172:INFO  ] nm75.tmp
BUILD: [00:0000000173:INFO  ] Will Build C:\WINCE600\PLATFORM\EVM_OMAP3530\SRC\test\testRTC\StdAfx.h because target: obj\ARMV4I\retail\StdAfx.pch is missing.
BUILD: [00:0000000174:INFO  ] Will Build C:\WINCE600\PLATFORM\EVM_OMAP3530\SRC\test\testRTC\ because target: obj\ARMV4I\retail\StdAfx.pch is missing.
BUILD: [00:0000000175:PROGC ] Building PRECOMPHEADER Pass in C:\WINCE600\PLATFORM\EVM_OMAP3530\SRC\test\testRTC\ directory.
BUILD: [00:0000000176:PROG  ] 'NMAKE.EXE TargetPCHPass  -i -c BUILDMSG=Stop.  BUILDROOT=C:\WINCE600\PLATFORM\EVM_OMAP3530 CLEANBUILD=1 NOLINK=1 PASS0ONLY=1 PASSPCH=1'
BUILD: [01:0000000177:INFO  ] makefile.def: Including C:\WINCE600\public\common\oak\misc\Sources.default
BUILD: [01:0000000178:INFO  ] makefile.def: BUILDROOT is C:\WINCE600\PLATFORM\EVM_OMAP3530
BUILD: [01:0000000179:INFO  ] makefile.def: Including C:\WINCE600\PLATFORM\EVM_OMAP3530\sources.cmn
BUILD: [01:0000000180:INFO  ] makefile.def: Including C:\WINCE600\PLATFORM\EVM_OMAP3530\SRC\test\testRTC\sources
BUILD: [01:0000000181:INFO  ] makefile.def: Including C:\WINCE600\public\common\oak\misc\Sources.CE
BUILD: [01:0000000182:INFO  ] Directory: C:\WINCE600\PLATFORM\EVM_OMAP3530\SRC\test\testRTC
BUILD: [01:0000000183:INFO  ] TARGETNAME: testRTC
BUILD: [01:0000000184:INFO  ] makefile.def: Including C:\WINCE600\public\common\oak\misc\sources.ReleaseType_PLATFORM
BUILD: [01:0000000185:PROGC ] Create precompiled header StdAfx.h obj\ARMV4I\retail\StdAfx.obj C:\WINCE600\PLATFORM\EVM_OMAP3530\SRC\test\testRTC\obj\ARMV4I\retail\StdAfx.pch
BUILD: [01:0000000186:INFO  ] cl -nologo  /Tp  /Gy -c -IARM\ -I. -IC:\WINCE600\platform\COMMON\src\inc -IC:\WINCE600\platform\Z2170P\src\inc -IC:\WINCE600\platform\COMMON\src\soc\COMMON_TI_V1\TRITON\inc -IC:\WINCE600\platform\COMMON\src\soc\COMMON_TI_V1\TPS659xx\inc -IC:\WINCE600\platform\COMMON\src\soc\COMMON_TI_V1\COMMON_TI\inc -IC:\WINCE600\platform\COMMON\src\soc\COMMON_TI_V1\OMAP3530\inc -IC:\WINCE600\public\common\sdk\inc -IC:\WINCE600\public\common\oak\inc -IC:\WINCE600\public\common\ddk\inc -IC:\WINCE600\sdk\CE\inc -I.\Resource\0409 -Ox -Os -GF -Zi -FdC:\WINCE600\platform\Z2170P\target\ARMV4I\retail\testRTC.pdb -D_CRT_SECURE_NO_DEPRECATE -D_USE_32BIT_TIME_T -DUNICODE -D_UNICODE -DUNDER_CE=600 -D_WIN32_WCE=0x600 -DWINCEOEM -DWINCEINTERNAL -DWIN32 -DSTRICT -DARM -DARMV4I -D_ARM_ -DNDEBUG=1  -D_SOC_MODEL=OMAP3530 -D_TRITON_MODEL=TPS659xx -DCEDDK_USEDDKMACRO -D_WINCEOSVER=600 -DBSP_EVM2 -DBSP_OPM_SELECT_37XX=4 -DBSP_OPM_SELECT_35XX=5 -DBSP_RTC_WAKES_CPU -DBSP_SDRAM_BANK1_ENABLE -DINTERNATIONAL -DINTLMSG_CODEPAGE=1252 -FAsc -FaC:\WINCE600\PLATFORM\EVM_OMAP3530\SRC\test\testRTC\obj\ARMV4I\retail\StdAfx.cod -WX -QRimplicit-import- -Zi -c -IARM\ -I. -IC:\WINCE600\platform\COMMON\src\inc -IC:\WINCE600\platform\Z2170P\src\inc -IC:\WINCE600\platform\COMMON\src\soc\COMMON_TI_V1\TRITON\inc -IC:\WINCE600\platform\COMMON\src\soc\COMMON_TI_V1\TPS659xx\inc -IC:\WINCE600\platform\COMMON\src\soc\COMMON_TI_V1\COMMON_TI\inc -IC:\WINCE600\platform\COMMON\src\soc\COMMON_TI_V1\OMAP3530\inc -IC:\WINCE600\public\common\sdk\inc -IC:\WINCE600\public\common\oak\inc -IC:\WINCE600\public\common\ddk\inc -IC:\WINCE600\sdk\CE\inc -I.\Resource\0409 -Ox -Os -GF -Zi -FdC:\WINCE600\platform\Z2170P\target\ARMV4I\retail\testRTC.pdb -D_CRT_SECURE_NO_DEPRECATE -D_USE_32BIT_TIME_T -DUNICODE -D_UNICODE -DUNDER_CE=600 -D_WIN32_WCE=0x600 -DWINCEOEM -DWINCEINTERNAL -DWIN32 -DSTRICT -DARM -DARMV4I -D_ARM_ -DNDEBUG=1  -D_SOC_MODEL=OMAP3530 -D_TRITON_MODEL=TPS659xx -DCEDDK_USEDDKMACRO -D_WINCEOSVER=600 -DBSP_EVM2 -DBSP_OPM_SELECT_37XX=4 -DBSP_OPM_SELECT_35XX=5 -DBSP_RTC_WAKES_CPU -DBSP_SDRAM_BANK1_ENABLE -DINTERNATIONAL -DINTLMSG_CODEPAGE=1252 -FAsc -FaC:\WINCE600\PLATFORM\EVM_OMAP3530\SRC\test\testRTC\obj\ARMV4I\retail\StdAfx.cod -WX -QRimplicit-import- -Zi  -Zc:wchar_t- -Zc:forScope- -wd4867 -wd4430 -MT -U_MT -W4 /analyze   /GR- -QRarch4T -DTHUMBSUPPORT -QRinterwork-return  /GS /YltestRTC /YcStdAfx.h /FpC:\WINCE600\PLATFORM\EVM_OMAP3530\SRC\test\testRTC\obj\ARMV4I\retail\StdAfx.pch /FoC:\WINCE600\PLATFORM\EVM_OMAP3530\SRC\test\testRTC\obj\ARMV4I\retail\StdAfx.obj
BUILD: [01:0000000187:INFO  ] nm78.tmp
BUILD: [00:0000000188:INFO  ] Will Build C:\WINCE600\PLATFORM\EVM_OMAP3530\SRC\test\testKeypad\StdAfx.h because target: obj\ARMV4I\retail\StdAfx.pch is missing.
BUILD: [00:0000000189:INFO  ] Will Build C:\WINCE600\PLATFORM\EVM_OMAP3530\SRC\test\testKeypad\ because target: obj\ARMV4I\retail\StdAfx.pch is missing.
BUILD: [00:0000000190:PROGC ] Building PRECOMPHEADER Pass in C:\WINCE600\PLATFORM\EVM_OMAP3530\SRC\test\testKeypad\ directory.
BUILD: [00:0000000191:PROG  ] 'NMAKE.EXE TargetPCHPass  -i -c BUILDMSG=Stop.  BUILDROOT=C:\WINCE600\PLATFORM\EVM_OMAP3530 CLEANBUILD=1 NOLINK=1 PASS0ONLY=1 PASSPCH=1'
BUILD: [01:0000000192:INFO  ] makefile.def: Including C:\WINCE600\public\common\oak\misc\Sources.default
BUILD: [01:0000000193:INFO  ] makefile.def: BUILDROOT is C:\WINCE600\PLATFORM\EVM_OMAP3530
BUILD: [01:0000000194:INFO  ] makefile.def: Including C:\WINCE600\PLATFORM\EVM_OMAP3530\sources.cmn
BUILD: [01:0000000195:INFO  ] makefile.def: Including C:\WINCE600\PLATFORM\EVM_OMAP3530\SRC\test\testKeypad\sources
BUILD: [01:0000000196:INFO  ] makefile.def: Including C:\WINCE600\public\common\oak\misc\Sources.CE
BUILD: [01:0000000197:INFO  ] Directory: C:\WINCE600\PLATFORM\EVM_OMAP3530\SRC\test\testKeypad
BUILD: [01:0000000198:INFO  ] TARGETNAME: testKeypad
BUILD: [01:0000000199:INFO  ] makefile.def: Including C:\WINCE600\public\common\oak\misc\sources.ReleaseType_PLATFORM
BUILD: [01:0000000200:PROGC ] Create precompiled header StdAfx.h obj\ARMV4I\retail\StdAfx.obj C:\WINCE600\PLATFORM\EVM_OMAP3530\SRC\test\testKeypad\obj\ARMV4I\retail\StdAfx.pch
BUILD: [01:0000000201:INFO  ] cl -nologo  /Tp  /Gy -c -IARM\ -I. -IC:\WINCE600\platform\COMMON\src\inc -IC:\WINCE600\platform\Z2170P\src\inc -IC:\WINCE600\platform\COMMON\src\soc\COMMON_TI_V1\TRITON\inc -IC:\WINCE600\platform\COMMON\src\soc\COMMON_TI_V1\TPS659xx\inc -IC:\WINCE600\platform\COMMON\src\soc\COMMON_TI_V1\COMMON_TI\inc -IC:\WINCE600\platform\COMMON\src\soc\COMMON_TI_V1\OMAP3530\inc -IC:\WINCE600\public\common\oak\inc -IC:\WINCE600\public\common\sdk\inc -IC:\WINCE600\sdk\CE\inc -I.\Resource\0409 -Ox -Os -GF -Zi -FdC:\WINCE600\platform\Z2170P\target\ARMV4I\retail\testKeypad.pdb -D_CRT_SECURE_NO_DEPRECATE -D_USE_32BIT_TIME_T -DUNICODE -D_UNICODE -DUNDER_CE=600 -D_WIN32_WCE=0x600 -DWINCEOEM -DWINCEINTERNAL -DWIN32 -DSTRICT -DARM -DARMV4I -D_ARM_ -DNDEBUG=1  -D_SOC_MODEL=OMAP3530 -D_TRITON_MODEL=TPS659xx -DCEDDK_USEDDKMACRO -D_WINCEOSVER=600 -DBSP_EVM2 -DBSP_OPM_SELECT_37XX=4 -DBSP_OPM_SELECT_35XX=5 -DBSP_RTC_WAKES_CPU -DBSP_SDRAM_BANK1_ENABLE -DINTERNATIONAL -DINTLMSG_CODEPAGE=1252 -FAsc -FaC:\WINCE600\PLATFORM\EVM_OMAP3530\SRC\test\testKeypad\obj\ARMV4I\retail\StdAfx.cod -QRimplicit-import- -Zi -c -IARM\ -I. -IC:\WINCE600\platform\COMMON\src\inc -IC:\WINCE600\platform\Z2170P\src\inc -IC:\WINCE600\platform\COMMON\src\soc\COMMON_TI_V1\TRITON\inc -IC:\WINCE600\platform\COMMON\src\soc\COMMON_TI_V1\TPS659xx\inc -IC:\WINCE600\platform\COMMON\src\soc\COMMON_TI_V1\COMMON_TI\inc -IC:\WINCE600\platform\COMMON\src\soc\COMMON_TI_V1\OMAP3530\inc -IC:\WINCE600\public\common\oak\inc -IC:\WINCE600\public\common\sdk\inc -IC:\WINCE600\sdk\CE\inc -I.\Resource\0409 -Ox -Os -GF -Zi -FdC:\WINCE600\platform\Z2170P\target\ARMV4I\retail\testKeypad.pdb -D_CRT_SECURE_NO_DEPRECATE -D_USE_32BIT_TIME_T -DUNICODE -D_UNICODE -DUNDER_CE=600 -D_WIN32_WCE=0x600 -DWINCEOEM -DWINCEINTERNAL -DWIN32 -DSTRICT -DARM -DARMV4I -D_ARM_ -DNDEBUG=1  -D_SOC_MODEL=OMAP3530 -D_TRITON_MODEL=TPS659xx -DCEDDK_USEDDKMACRO -D_WINCEOSVER=600 -DBSP_EVM2 -DBSP_OPM_SELECT_37XX=4 -DBSP_OPM_SELECT_35XX=5 -DBSP_RTC_WAKES_CPU -DBSP_SDRAM_BANK1_ENABLE -DINTERNATIONAL -DINTLMSG_CODEPAGE=1252 -FAsc -FaC:\WINCE600\PLATFORM\EVM_OMAP3530\SRC\test\testKeypad\obj\ARMV4I\retail\StdAfx.cod -QRimplicit-import- -Zi  -Zc:wchar_t- -Zc:forScope- -wd4867 -wd4430 -MT -U_MT -W3    /GR- -QRarch4T -DTHUMBSUPPORT -QRinterwork-return  /GS /YltestKeypad /YcStdAfx.h /FpC:\WINCE600\PLATFORM\EVM_OMAP3530\SRC\test\testKeypad\obj\ARMV4I\retail\StdAfx.pch /FoC:\WINCE600\PLATFORM\EVM_OMAP3530\SRC\test\testKeypad\obj\ARMV4I\retail\StdAfx.obj
BUILD: [01:0000000202:INFO  ] nm7B.tmp
BUILD: [00:0000000203:INFO  ] Will Build C:\WINCE600\PLATFORM\EVM_OMAP3530\SRC\BSP_COMMON\BSPCFG\bspcfg.c because target: obj\ARMV4I\retail\bspcfg.obj is missing.
BUILD: [00:0000000204:PROGC ] Building COMPILE Pass in C:\WINCE600\PLATFORM\EVM_OMAP3530\SRC\BSP_COMMON\BSPCFG\ directory.
BUILD: [00:0000000205:PROG  ] 'NMAKE.EXE TargetCompilePass  -i -c BUILDMSG=Stop.  BUILDROOT=C:\WINCE600\PLATFORM\EVM_OMAP3530 CLEANBUILD=1 NOLINK=1 NOPASS0=1'
BUILD: [01:0000000206:INFO  ] makefile.def: Including C:\WINCE600\public\common\oak\misc\Sources.default
BUILD: [01:0000000207:INFO  ] makefile.def: BUILDROOT is C:\WINCE600\PLATFORM\EVM_OMAP3530
BUILD: [01:0000000208:INFO  ] makefile.def: Including C:\WINCE600\PLATFORM\EVM_OMAP3530\sources.cmn
BUILD: [01:0000000209:INFO  ] makefile.def: Including C:\WINCE600\PLATFORM\EVM_OMAP3530\SRC\BSP_COMMON\BSPCFG\sources
BUILD: [01:0000000210:INFO  ] makefile.def: Including C:\WINCE600\public\common\oak\misc\Sources.CE
BUILD: [01:0000000211:INFO  ] Directory: C:\WINCE600\PLATFORM\EVM_OMAP3530\SRC\BSP_COMMON\BSPCFG
BUILD: [01:0000000212:INFO  ] TARGETNAME: BSPCFG
BUILD: [01:0000000213:INFO  ] makefile.def: Including C:\WINCE600\public\common\oak\misc\sources.ReleaseType_PLATFORM
BUILD: [01:0000000214:PROGC ] Compiling .\bspcfg.c
BUILD: [01:0000000215:INFO  ] cl -nologo   /Gy -Foobj\ARMV4I\retail\bspcfg.obj -c -IARM\ -I. -IC:\WINCE600\platform\COMMON\src\inc -IC:\WINCE600\platform\Z2170P\src\inc -IC:\WINCE600\platform\COMMON\src\soc\COMMON_TI_V1\TRITON\inc -IC:\WINCE600\platform\COMMON\src\soc\COMMON_TI_V1\TPS659xx\inc -IC:\WINCE600\platform\COMMON\src\soc\COMMON_TI_V1\COMMON_TI\inc -IC:\WINCE600\platform\COMMON\src\soc\COMMON_TI_V1\OMAP3530\inc -IC:\WINCE600\public\common\sdk\inc -IC:\WINCE600\public\common\oak\inc -IC:\WINCE600\public\common\ddk\inc -IC:\WINCE600\sdk\CE\inc -I.\Resource\0409 -Ox -Os -GF -Zi -FdC:\WINCE600\platform\Z2170P\lib\ARMV4I\retail\BSPCFG.pdb -D_CRT_SECURE_NO_DEPRECATE -D_USE_32BIT_TIME_T -DUNICODE -D_UNICODE -DUNDER_CE=600 -D_WIN32_WCE=0x600 -DWINCEOEM -DWINCEINTERNAL -DWIN32 -DSTRICT -DARM -DARMV4I -D_ARM_ -DNDEBUG=1  -D_SOC_MODEL=OMAP3530 -D_TRITON_MODEL=TPS659xx -DCEDDK_USEDDKMACRO -D_WINCEOSVER=600 -DBSP_EVM2 -DBSP_OPM_SELECT_37XX=4 -DBSP_OPM_SELECT_35XX=5 -DBSP_RTC_WAKES_CPU -DBSP_SDRAM_BANK1_ENABLE -DINTERNATIONAL -DINTLMSG_CODEPAGE=1252 -FAsc -Faobj\ARMV4I\retail\bspcfg.cod -WX -QRimplicit-import- -Zi  -Zc:wchar_t- -Zc:forScope- -wd4867 -wd4430 -MT -U_MT -W4 /analyze   /GR- -QRarch4T -DTHUMBSUPPORT -QRinterwork-return  /GS C:\WINCE600\PLATFORM\EVM_OMAP3530\SRC\BSP_COMMON\BSPCFG\.\bspcfg.c
BUILD: [01:0000000216:INFO  ] bspcfg.c
BUILD: [00:0000000217:INFO  ] Will Build C:\WINCE600\PLATFORM\EVM_OMAP3530\SRC\BSP_COMMON\STALL\stall.s because target: obj\ARMV4I\retail\stall.obj is missing.
BUILD: [00:0000000218:PROGC ] Building COMPILE Pass in C:\WINCE600\PLATFORM\EVM_OMAP3530\SRC\BSP_COMMON\STALL\ directory.
BUILD: [00:0000000219:PROG  ] 'NMAKE.EXE TargetCompilePass  -i -c BUILDMSG=Stop.  BUILDROOT=C:\WINCE600\PLATFORM\EVM_OMAP3530 CLEANBUILD=1 NOLINK=1 NOPASS0=1'
BUILD: [01:0000000220:INFO  ] makefile.def: Including C:\WINCE600\public\common\oak\misc\Sources.default
BUILD: [01:0000000221:INFO  ] makefile.def: BUILDROOT is C:\WINCE600\PLATFORM\EVM_OMAP3530
BUILD: [01:0000000222:INFO  ] makefile.def: Including C:\WINCE600\PLATFORM\EVM_OMAP3530\sources.cmn
BUILD: [01:0000000223:INFO  ] makefile.def: Including C:\WINCE600\PLATFORM\EVM_OMAP3530\SRC\BSP_COMMON\STALL\sources
BUILD: [01:0000000224:INFO  ] makefile.def: Including C:\WINCE600\public\common\oak\misc\Sources.CE
BUILD: [01:0000000225:INFO  ] Directory: C:\WINCE600\PLATFORM\EVM_OMAP3530\SRC\BSP_COMMON\STALL
BUILD: [01:0000000226:INFO  ] TARGETNAME: bsp_stall
BUILD: [01:0000000227:INFO  ] makefile.def: Including C:\WINCE600\public\common\oak\misc\sources.ReleaseType_PLATFORM
BUILD: [01:0000000228:PROGC ] Assembling .\stall.s
BUILD: [01:0000000229:INFO  ] 	armasm -coff  -list obj\ARMV4I\retail\stall.lst -wi 150 -l 0 -cr -pd "BSP_SDRAM_BANK1_ENABLE SETL {TRUE}"  -i C:\WINCE600\platform\COMMON\src\inc,C:\WINCE600\platform\Z2170P\src\inc,C:\WINCE600\platform\COMMON\src\soc\COMMON_TI_V1\TRITON\inc,C:\WINCE600\platform\COMMON\src\soc\COMMON_TI_V1\TPS659xx\inc,C:\WINCE600\platform\COMMON\src\soc\COMMON_TI_V1\COMMON_TI\inc,C:\WINCE600\platform\COMMON\src\soc\COMMON_TI_V1\OMAP3530\inc,C:\WINCE600\public\common\sdk\inc,C:\WINCE600\public\common\oak\inc,C:\WINCE600\public\common\ddk\inc,C:\WINCE600\sdk\CE\inc -i arm -arch 4t -pd "Thumbing SETL {FALSE}" -pd "Interworking SETL {TRUE}"  C:\WINCE600\PLATFORM\EVM_OMAP3530\SRC\BSP_COMMON\STALL\.\stall.s obj\ARMV4I\retail\stall.obj
BUILD: [01:0000000230:INFO  ] Microsoft (R) ARM Macro Assembler Version 14.01.60511
BUILD: [01:0000000231:INFO  ] Copyright (C) Microsoft Corporation.  All rights reserved.
BUILD: [01:0000000232:INFO  ] 
BUILD: [00:0000000233:INFO  ] Will Build C:\WINCE600\PLATFORM\EVM_OMAP3530\SRC\BSP_COMMON\ARGS\args.c because target: obj\ARMV4I\retail\args.obj is missing.
BUILD: [00:0000000234:PROGC ] Building COMPILE Pass in C:\WINCE600\PLATFORM\EVM_OMAP3530\SRC\BSP_COMMON\ARGS\ directory.
BUILD: [00:0000000235:PROG  ] 'NMAKE.EXE TargetCompilePass  -i -c BUILDMSG=Stop.  BUILDROOT=C:\WINCE600\PLATFORM\EVM_OMAP3530 CLEANBUILD=1 NOLINK=1 NOPASS0=1'
BUILD: [01:0000000236:INFO  ] makefile.def: Including C:\WINCE600\public\common\oak\misc\Sources.default
BUILD: [01:0000000237:INFO  ] makefile.def: BUILDROOT is C:\WINCE600\PLATFORM\EVM_OMAP3530
BUILD: [01:0000000238:INFO  ] makefile.def: Including C:\WINCE600\PLATFORM\EVM_OMAP3530\sources.cmn
BUILD: [01:0000000239:INFO  ] makefile.def: Including C:\WINCE600\PLATFORM\EVM_OMAP3530\SRC\BSP_COMMON\ARGS\sources
BUILD: [01:0000000240:INFO  ] makefile.def: Including C:\WINCE600\public\common\oak\misc\Sources.CE
BUILD: [01:0000000241:INFO  ] Directory: C:\WINCE600\PLATFORM\EVM_OMAP3530\SRC\BSP_COMMON\ARGS
BUILD: [01:0000000242:INFO  ] TARGETNAME: bsp_args
BUILD: [01:0000000243:INFO  ] makefile.def: Including C:\WINCE600\public\common\oak\misc\sources.ReleaseType_PLATFORM
BUILD: [01:0000000244:PROGC ] Compiling .\args.c
BUILD: [01:0000000245:INFO  ] cl -nologo   /Gy -Foobj\ARMV4I\retail\args.obj -c -IARM\ -I. -IC:\WINCE600\platform\COMMON\src\inc -IC:\WINCE600\platform\Z2170P\src\inc -IC:\WINCE600\platform\COMMON\src\soc\COMMON_TI_V1\TRITON\inc -IC:\WINCE600\platform\COMMON\src\soc\COMMON_TI_V1\TPS659xx\inc -IC:\WINCE600\platform\COMMON\src\soc\COMMON_TI_V1\COMMON_TI\inc -IC:\WINCE600\platform\COMMON\src\soc\COMMON_TI_V1\OMAP3530\inc -IC:\WINCE600\public\common\sdk\inc -IC:\WINCE600\public\common\oak\inc -IC:\WINCE600\public\common\ddk\inc -IC:\WINCE600\sdk\CE\inc -I.\Resource\0409 -Ox -Os -GF -Zi -FdC:\WINCE600\platform\Z2170P\lib\ARMV4I\retail\bsp_args.pdb -D_CRT_SECURE_NO_DEPRECATE -D_USE_32BIT_TIME_T -DUNICODE -D_UNICODE -DUNDER_CE=600 -D_WIN32_WCE=0x600 -DWINCEOEM -DWINCEINTERNAL -DWIN32 -DSTRICT -DARM -DARMV4I -D_ARM_ -DNDEBUG=1  -D_SOC_MODEL=OMAP3530 -D_TRITON_MODEL=TPS659xx -DCEDDK_USEDDKMACRO -D_WINCEOSVER=600 -DBSP_EVM2 -DBSP_OPM_SELECT_37XX=4 -DBSP_OPM_SELECT_35XX=5 -DBSP_RTC_WAKES_CPU -DBSP_SDRAM_BANK1_ENABLE -DINTERNATIONAL -DINTLMSG_CODEPAGE=1252 -FAsc -Faobj\ARMV4I\retail\args.cod -WX -QRimplicit-import- -Zi  -Zc:wchar_t- -Zc:forScope- -wd4867 -wd4430 -MT -U_MT -W4 /analyze   /GR- -QRarch4T -DTHUMBSUPPORT -QRinterwork-return  /GS C:\WINCE600\PLATFORM\EVM_OMAP3530\SRC\BSP_COMMON\ARGS\.\args.c
BUILD: [01:0000000246:INFO  ] args.c
BUILD: [00:0000000247:INFO  ] Will Build C:\WINCE600\PLATFORM\EVM_OMAP3530\SRC\BSP_COMMON\DISPLAY\lcd_vga.c because target: obj\ARMV4I\retail\lcd_vga.obj is missing.
BUILD: [00:0000000248:INFO  ] Will Build C:\WINCE600\PLATFORM\EVM_OMAP3530\SRC\BSP_COMMON\DISPLAY\lcd_support.c because target: obj\ARMV4I\retail\lcd_support.obj is missing.
BUILD: [00:0000000249:PROGC ] Building COMPILE Pass in C:\WINCE600\PLATFORM\EVM_OMAP3530\SRC\BSP_COMMON\DISPLAY\ directory.
BUILD: [00:0000000250:PROG  ] 'NMAKE.EXE TargetCompilePass  -i -c BUILDMSG=Stop.  BUILDROOT=C:\WINCE600\PLATFORM\EVM_OMAP3530 CLEANBUILD=1 NOLINK=1 NOPASS0=1'
BUILD: [01:0000000251:INFO  ] makefile.def: Including C:\WINCE600\public\common\oak\misc\Sources.default
BUILD: [01:0000000252:INFO  ] makefile.def: BUILDROOT is C:\WINCE600\PLATFORM\EVM_OMAP3530
BUILD: [01:0000000253:INFO  ] makefile.def: Including C:\WINCE600\PLATFORM\EVM_OMAP3530\sources.cmn
BUILD: [01:0000000254:INFO  ] makefile.def: Including C:\WINCE600\PLATFORM\EVM_OMAP3530\SRC\BSP_COMMON\DISPLAY\sources
BUILD: [01:0000000255:INFO  ] makefile.def: Including C:\WINCE600\public\common\oak\misc\Sources.CE
BUILD: [01:0000000256:INFO  ] Directory: C:\WINCE600\PLATFORM\EVM_OMAP3530\SRC\BSP_COMMON\DISPLAY
BUILD: [01:0000000257:INFO  ] TARGETNAME: bsp_display_init
BUILD: [01:0000000258:INFO  ] makefile.def: Including C:\WINCE600\public\common\oak\misc\sources.ReleaseType_PLATFORM
BUILD: [01:0000000259:PROGC ] Compiling .\lcd_vga.c
BUILD: [01:0000000260:INFO  ] cl -nologo   /Gy -Foobj\ARMV4I\retail\lcd_vga.obj -c -IARM\ -I. -IC:\WINCE600\platform\COMMON\src\inc -IC:\WINCE600\platform\Z2170P\src\inc -IC:\WINCE600\platform\COMMON\src\soc\COMMON_TI_V1\TRITON\inc -IC:\WINCE600\platform\COMMON\src\soc\COMMON_TI_V1\TPS659xx\inc -IC:\WINCE600\platform\COMMON\src\soc\COMMON_TI_V1\COMMON_TI\inc -IC:\WINCE600\platform\COMMON\src\soc\COMMON_TI_V1\OMAP3530\inc -IC:\WINCE600\public\common\sdk\inc -IC:\WINCE600\public\common\oak\inc -IC:\WINCE600\public\common\ddk\inc -IC:\WINCE600\sdk\CE\inc -I.\Resource\0409 -Ox -Os -GF -Zi -FdC:\WINCE600\platform\Z2170P\lib\ARMV4I\retail\bsp_display_init.pdb -D_CRT_SECURE_NO_DEPRECATE -D_USE_32BIT_TIME_T -DUNICODE -D_UNICODE -DUNDER_CE=600 -D_WIN32_WCE=0x600 -DWINCEOEM -DWINCEINTERNAL -DWIN32 -DSTRICT -DARM -DARMV4I -D_ARM_ -DNDEBUG=1  -D_SOC_MODEL=OMAP3530 -D_TRITON_MODEL=TPS659xx -DCEDDK_USEDDKMACRO -D_WINCEOSVER=600 -DBSP_EVM2 -DBSP_OPM_SELECT_37XX=4 -DBSP_OPM_SELECT_35XX=5 -DBSP_RTC_WAKES_CPU -DBSP_SDRAM_BANK1_ENABLE -DINTERNATIONAL -DINTLMSG_CODEPAGE=1252 -FAsc -Faobj\ARMV4I\retail\lcd_vga.cod -WX -QRimplicit-import- -Zi  -Zc:wchar_t- -Zc:forScope- -wd4867 -wd4430 -MT -U_MT -W4 /analyze   /GR- -QRarch4T -DTHUMBSUPPORT -QRinterwork-return  /GS C:\WINCE600\PLATFORM\EVM_OMAP3530\SRC\BSP_COMMON\DISPLAY\.\lcd_vga.c
BUILD: [01:0000000261:INFO  ] lcd_vga.c
BUILD: [01:0000000262:PROGC ] Compiling .\lcd_support.c
BUILD: [01:0000000263:INFO  ] cl -nologo   /Gy -Foobj\ARMV4I\retail\lcd_support.obj -c -IARM\ -I. -IC:\WINCE600\platform\COMMON\src\inc -IC:\WINCE600\platform\Z2170P\src\inc -IC:\WINCE600\platform\COMMON\src\soc\COMMON_TI_V1\TRITON\inc -IC:\WINCE600\platform\COMMON\src\soc\COMMON_TI_V1\TPS659xx\inc -IC:\WINCE600\platform\COMMON\src\soc\COMMON_TI_V1\COMMON_TI\inc -IC:\WINCE600\platform\COMMON\src\soc\COMMON_TI_V1\OMAP3530\inc -IC:\WINCE600\public\common\sdk\inc -IC:\WINCE600\public\common\oak\inc -IC:\WINCE600\public\common\ddk\inc -IC:\WINCE600\sdk\CE\inc -I.\Resource\0409 -Ox -Os -GF -Zi -FdC:\WINCE600\platform\Z2170P\lib\ARMV4I\retail\bsp_display_init.pdb -D_CRT_SECURE_NO_DEPRECATE -D_USE_32BIT_TIME_T -DUNICODE -D_UNICODE -DUNDER_CE=600 -D_WIN32_WCE=0x600 -DWINCEOEM -DWINCEINTERNAL -DWIN32 -DSTRICT -DARM -DARMV4I -D_ARM_ -DNDEBUG=1  -D_SOC_MODEL=OMAP3530 -D_TRITON_MODEL=TPS659xx -DCEDDK_USEDDKMACRO -D_WINCEOSVER=600 -DBSP_EVM2 -DBSP_OPM_SELECT_37XX=4 -DBSP_OPM_SELECT_35XX=5 -DBSP_RTC_WAKES_CPU -DBSP_SDRAM_BANK1_ENABLE -DINTERNATIONAL -DINTLMSG_CODEPAGE=1252 -FAsc -Faobj\ARMV4I\retail\lcd_support.cod -WX -QRimplicit-import- -Zi  -Zc:wchar_t- -Zc:forScope- -wd4867 -wd4430 -MT -U_MT -W4 /analyze   /GR- -QRarch4T -DTHUMBSUPPORT -QRinterwork-return  /GS C:\WINCE600\PLATFORM\EVM_OMAP3530\SRC\BSP_COMMON\DISPLAY\.\lcd_support.c
BUILD: [01:0000000264:INFO  ] lcd_support.c
BUILD: [01:0000000265:ERRORE] C:\WINCE600\PLATFORM\EVM_OMAP3530\SRC\BSP_COMMON\DISPLAY\.\lcd_support.c(24) : error C2065: 'BSP_LCD_INI_GPIO' : undeclared identifier
BUILD: [01:0000000266:ERRORE] C:\WINCE600\PLATFORM\EVM_OMAP3530\SRC\BSP_COMMON\DISPLAY\.\lcd_support.c(26) : error C2065: 'BSP_LCD_LCD_QVGA_nVGA' : undeclared identifier
BUILD: [00:0000000267:PROGC ]                        Files  Warnings  Errors
BUILD: [00:0000000268:PROGC ] Midl                       0         0       0
BUILD: [00:0000000269:PROGC ] Message                    0         0       0
BUILD: [00:0000000270:PROGC ] Precomp Header             6         0       0
BUILD: [00:0000000271:PROGC ] Resource                   0         0       0
BUILD: [00:0000000272:PROGC ] MASM                       0         0       0
BUILD: [00:0000000273:PROGC ] SHASM                      0         0       0
BUILD: [00:0000000274:PROGC ] ARMASM                     1         0       0
BUILD: [00:0000000275:PROGC ] MIPSASM                    0         0       0
BUILD: [00:0000000276:PROGC ] C++                        0         0       0
BUILD: [00:0000000277:PROGC ] C                          4         0       2
BUILD: [00:0000000278:PROGC ] Static Libraries           0         0       0
BUILD: [00:0000000279:PROGC ] Exe's                      0         0       0
BUILD: [00:0000000280:PROGC ] Dll's                      0         0       0
BUILD: [00:0000000281:PROGC ] Preprocess deffile         0         0       0
BUILD: [00:0000000282:PROGC ] Resx                       0         0       0
BUILD: [00:0000000283:PROGC ] CSharp Compile             0         0       0
BUILD: [00:0000000284:PROGC ] Other                      0         7       1
BUILD: [00:0000000285:PROGC ] 
BUILD: [00:0000000286:PROGC ] Total                     11         7       3
BUILD: [00:0000000287:PROGC ] 
BUILD: [00:0000000288:PROGC ] 7 Warnings,  3 Errors
BUILD: [00:0000000289:PROGC ] GetSystemTimes (seconds): Idle: 21    Kernel: 37    User: 11   
BUILD: [00:0000000290:PROGC ] Elapsed  time  (seconds): 24   
