BUILD: [Thrd:Sequence:Type  ] Message
BUILD: [00:0000000000:PROGC ] Build started with parameters: -c
BUILD: [00:0000000001:PROGC ] Build started in directory: C:\WINCE600\PLATFORM\Z2170P\SRC
BUILD: [00:0000000002:PROGC ] Checking for C:\WINCE600\sdk\bin\i386\srccheck.exe.
BUILD: [00:0000000003:PROGC ] Running passes WCEFILES0, MIDL, MC, ASN, THUNK, PRECOMPHEADER, COMPILE, LIB, LINK, MANAGEDRESX, MANAGEDMOD, MANAGEDDLL, MANAGEDEXE, MANAGEDWIN for ARM.
BUILD: [00:0000000004:PROGC ] Ignoring build database (-c specified).
BUILD: [00:0000000005:PROGC ] Computing include file dependencies:
BUILD: [00:0000000006:PROGC ] Checking for SDK include directory: C:\WINCE600\sdk\CE\inc.
BUILD: [00:0000000007:WARNS ] COMMON is not a subdirectory of C:\WINCE600\PLATFORM\Z2170P\SRC\.
BUILD: [00:0000000008:PROGC ] Scan C:\WINCE600\PLATFORM\Z2170P\SRC\BSP_COMMON\BSPCFG\
BUILD: [00:0000000009:PROGC ] Scan C:\WINCE600\PLATFORM\Z2170P\SRC\BSP_COMMON\STALL\
BUILD: [00:0000000010:PROGC ] Scan C:\WINCE600\PLATFORM\Z2170P\SRC\BSP_COMMON\ARGS\
BUILD: [00:0000000011:PROGC ] Scan C:\WINCE600\PLATFORM\Z2170P\SRC\BSP_COMMON\DISPLAY\
BUILD: [00:0000000012:PROGC ] Scan C:\WINCE600\PLATFORM\Z2170P\SRC\BSP_COMMON\BSP_PADCFG\
BUILD: [00:0000000013:PROGC ] Scan C:\WINCE600\PLATFORM\Z2170P\SRC\BSP_COMMON\TPS659XX\
BUILD: [00:0000000014:PROGC ] Scan C:\WINCE600\PLATFORM\Z2170P\SRC\BSP_COMMON\USBFN\BOOT\
BUILD: [00:0000000015:PROGC ] Scan C:\WINCE600\PLATFORM\Z2170P\SRC\BSP_COMMON\USBFN\KITL\
BUILD: [00:0000000016:PROGC ] Scan C:\WINCE600\PLATFORM\Z2170P\SRC\BOOTLOADER\EBOOT\NAND\
BUILD: [00:0000000017:PROGC ] Scan C:\WINCE600\PLATFORM\Z2170P\SRC\BOOTLOADER\EBOOT\SDMEMORY\
BUILD: [00:0000000018:PROGC ] Scan C:\WINCE600\PLATFORM\Z2170P\SRC\BOOTLOADER\STUB\EBOOT\
BUILD: [00:0000000019:PROGC ] Scan C:\WINCE600\PLATFORM\Z2170P\SRC\BOOTLOADER\STUB\XLDR\
BUILD: [00:0000000020:PROGC ] Scan C:\WINCE600\PLATFORM\Z2170P\SRC\BOOTLOADER\DISPLAY\
BUILD: [00:0000000021:PROGC ] Scan C:\WINCE600\PLATFORM\Z2170P\SRC\BOOTLOADER\XLDR\NAND\
BUILD: [00:0000000022:PROGC ] Scan C:\WINCE600\PLATFORM\Z2170P\SRC\BOOTLOADER\XLDR\UART\
BUILD: [00:0000000023:PROGC ] Scan C:\WINCE600\PLATFORM\Z2170P\SRC\BOOTLOADER\XLDR\SDMEMORY\
BUILD: [00:0000000024:WARNS ] PWRKEY is not a subdirectory of C:\WINCE600\PLATFORM\Z2170P\SRC\DRIVERS\.
BUILD: [00:0000000025:WARNS ] HEAD is not a subdirectory of C:\WINCE600\PLATFORM\Z2170P\SRC\DRIVERS\.
BUILD: [00:0000000026:WARNS ] KEYPAD is not a subdirectory of C:\WINCE600\PLATFORM\Z2170P\SRC\DRIVERS\.
BUILD: [00:0000000027:WARNS ] WAVEDEV2 is not a subdirectory of C:\WINCE600\PLATFORM\Z2170P\SRC\DRIVERS\.
BUILD: [00:0000000028:PROGC ] Scan C:\WINCE600\PLATFORM\Z2170P\SRC\DRIVERS\CEDDK\DLL\
BUILD: [00:0000000029:PROGC ] Scan C:\WINCE600\PLATFORM\Z2170P\SRC\DRIVERS\BLOCK\NAND\
BUILD: [00:0000000030:PROGC ] Scan C:\WINCE600\PLATFORM\Z2170P\SRC\DRIVERS\GPIO\
BUILD: [00:0000000031:PROGC ] Scan C:\WINCE600\PLATFORM\Z2170P\SRC\DRIVERS\MCSPI\
BUILD: [00:0000000032:PROGC ] Scan C:\WINCE600\PLATFORM\Z2170P\SRC\DRIVERS\DISPLAY\DSS\
BUILD: [00:0000000033:PROGC ] Scan C:\WINCE600\PLATFORM\Z2170P\SRC\DRIVERS\DMA\
BUILD: [00:0000000034:PROGC ] Scan C:\WINCE600\PLATFORM\Z2170P\SRC\DRIVERS\UART\
BUILD: [00:0000000035:PROGC ] Scan C:\WINCE600\PLATFORM\Z2170P\SRC\DRIVERS\SMSC9118\
BUILD: [00:0000000036:PROGC ] Scan C:\WINCE600\PLATFORM\Z2170P\SRC\DRIVERS\BUS\
BUILD: [00:0000000037:PROGC ] Scan C:\WINCE600\PLATFORM\Z2170P\SRC\DRIVERS\MCBSP\
BUILD: [00:0000000038:PROGC ] Scan C:\WINCE600\PLATFORM\Z2170P\SRC\DRIVERS\SDMEMORY\
BUILD: [00:0000000039:PROGC ] Scan C:\WINCE600\PLATFORM\Z2170P\SRC\DRIVERS\TOUCH\
BUILD: [00:0000000040:PROGC ] Scan C:\WINCE600\PLATFORM\Z2170P\SRC\DRIVERS\TPS659XX\
BUILD: [00:0000000041:PROGC ] Scan C:\WINCE600\PLATFORM\Z2170P\SRC\DRIVERS\TPS659XX_GPIO\
BUILD: [00:0000000042:PROGC ] Scan C:\WINCE600\PLATFORM\Z2170P\SRC\DRIVERS\TPS659xx_MADC\
BUILD: [00:0000000043:PROGC ] Scan C:\WINCE600\PLATFORM\Z2170P\SRC\DRIVERS\TPS659XX_WAVE\
BUILD: [00:0000000044:PROGC ] Scan C:\WINCE600\PLATFORM\Z2170P\SRC\DRIVERS\TPS659XX_PWRKEY\
BUILD: [00:0000000045:PROGC ] Scan C:\WINCE600\PLATFORM\Z2170P\SRC\DRIVERS\TPS659XX_KEYPAD\
BUILD: [00:0000000046:PROGC ] Scan C:\WINCE600\PLATFORM\Z2170P\SRC\DRIVERS\BACKLIGHT\
BUILD: [00:0000000047:PROGC ] Scan C:\WINCE600\PLATFORM\Z2170P\SRC\DRIVERS\SDBUS\
BUILD: [00:0000000048:PROGC ] Scan C:\WINCE600\PLATFORM\Z2170P\SRC\DRIVERS\SDHC\IMPL\
BUILD: [00:0000000049:PROGC ] Scan C:\WINCE600\PLATFORM\Z2170P\SRC\DRIVERS\USBHS\
BUILD: [00:0000000050:PROGC ] Scan C:\WINCE600\PLATFORM\Z2170P\SRC\DRIVERS\CAMERA\MDD\
BUILD: [00:0000000051:WARNS ] Directory: C:\WINCE600\platform\COMMON\src\soc\COMMON_TI_V1\TPS659XX\keypad C:\WINCE600\public\directx\sdk\inc\ does not exist.
BUILD: [00:0000000052:PROGC ] Scan C:\WINCE600\PLATFORM\Z2170P\SRC\DRIVERS\CAMERA\PDD\
BUILD: [00:0000000053:PROGC ] Scan C:\WINCE600\PLATFORM\Z2170P\SRC\DRIVERS\CAMERA\DLL\
BUILD: [00:0000000054:WARNS ] Directory: C:\WINCE600\platform\COMMON\src\soc\COMMON_TI_V1\TPS659XX\keypad C:\WINCE600\public\directx\sdk\inc\ does not exist.
BUILD: [00:0000000055:PROGC ] Scan C:\WINCE600\PLATFORM\Z2170P\SRC\DRIVERS\VRFB\
BUILD: [00:0000000056:PROGC ] Scan C:\WINCE600\PLATFORM\Z2170P\SRC\DRIVERS\PM\DLL\
BUILD: [00:0000000057:PROGC ] Scan C:\WINCE600\PLATFORM\Z2170P\SRC\DRIVERS\PM\CONSTRAINTADAPTERS\DLL\
BUILD: [00:0000000058:PROGC ] Scan C:\WINCE600\PLATFORM\Z2170P\SRC\DRIVERS\PM\PMEXT\
BUILD: [00:0000000059:PROGC ] Scan C:\WINCE600\PLATFORM\Z2170P\SRC\DRIVERS\PM\PMXPROXY\
BUILD: [00:0000000060:PROGC ] Scan C:\WINCE600\PLATFORM\Z2170P\SRC\DRIVERS\PM\POLICYADAPTERS\CPULOAD\
BUILD: [00:0000000061:PROGC ] Scan C:\WINCE600\PLATFORM\Z2170P\SRC\DRIVERS\PM\POLICYADAPTERS\DLL\
BUILD: [00:0000000062:PROGC ] Scan C:\WINCE600\PLATFORM\Z2170P\SRC\DRIVERS\PM\POLICYADAPTERS\SYSTEMSTATE\
BUILD: [00:0000000063:PROGC ] Scan C:\WINCE600\PLATFORM\Z2170P\SRC\DRIVERS\TPS659xx_LED\
BUILD: [00:0000000064:PROGC ] Scan C:\WINCE600\PLATFORM\Z2170P\SRC\DRIVERS\MUSB\MUSBFN\
BUILD: [00:0000000065:PROGC ] Scan C:\WINCE600\PLATFORM\Z2170P\SRC\DRIVERS\MUSB\MUSBHCD\
BUILD: [00:0000000066:PROGC ] Scan C:\WINCE600\PLATFORM\Z2170P\SRC\DRIVERS\MUSB\MUSBOTG\
BUILD: [00:0000000067:PROGC ] Scan C:\WINCE600\PLATFORM\Z2170P\SRC\DRIVERS\TPS659XX_RTC\
BUILD: [00:0000000068:PROGC ] Scan C:\WINCE600\PLATFORM\Z2170P\SRC\DRIVERS\SDMAPROXY\
BUILD: [00:0000000069:PROGC ] Scan C:\WINCE600\PLATFORM\Z2170P\SRC\DRIVERS\NLED\
BUILD: [00:0000000070:PROGC ] Scan C:\WINCE600\PLATFORM\Z2170P\SRC\DRIVERS\HEADSET\
BUILD: [00:0000000071:PROGC ] Scan C:\WINCE600\PLATFORM\Z2170P\SRC\DRIVERS\BATTERY\NULL\
BUILD: [00:0000000072:PROGC ] Scan C:\WINCE600\PLATFORM\Z2170P\SRC\DRIVERS\BATTERY\BQ27410\
BUILD: [00:0000000073:PROGC ] Scan C:\WINCE600\PLATFORM\Z2170P\SRC\DRIVERS\HDQ\
BUILD: [00:0000000074:PROGC ] Scan C:\WINCE600\PLATFORM\Z2170P\SRC\DRIVERS\ISP_RESIZER\
BUILD: [00:0000000075:PROGC ] Scan C:\WINCE600\PLATFORM\Z2170P\SRC\DRIVERS\sysctrl\
BUILD: [00:0000000076:PROGC ] Scan C:\WINCE600\PLATFORM\Z2170P\SRC\KITL\KITLDLL\
BUILD: [00:0000000077:PROGC ] Scan C:\WINCE600\PLATFORM\Z2170P\SRC\KITL\KITLREG\
BUILD: [00:0000000078:PROGC ] Scan C:\WINCE600\PLATFORM\Z2170P\SRC\OAL\OALLIB\
BUILD: [00:0000000079:PROGC ] Scan C:\WINCE600\PLATFORM\Z2170P\SRC\OAL\OALEXE\
BUILD: [00:0000000080:PROGC ] Scan C:\WINCE600\PLATFORM\Z2170P\SRC\OAL\OALIOCTL\
BUILD: [00:0000000081:PROGC ] Scan C:\WINCE600\PLATFORM\Z2170P\SRC\APP\BSPVERSION\EXE\
BUILD: [00:0000000082:PROGC ] Scan C:\WINCE600\PLATFORM\Z2170P\SRC\APP\BSPVERSION\PNL\
BUILD: [00:0000000083:PROGC ] Scan C:\WINCE600\PLATFORM\Z2170P\SRC\APP\SHELL\
BUILD: [00:0000000084:PROGC ] Scan C:\WINCE600\PLATFORM\Z2170P\SRC\APP\DOCMD\
BUILD: [00:0000000085:PROGC ] Scan C:\WINCE600\PLATFORM\Z2170P\SRC\APP\PROXYDRIVER\
BUILD: [00:0000000086:PROGC ] Scan C:\WINCE600\platform\Z2170P\src\APP\common\
BUILD: [00:0000000087:PROGC ] Scan C:\WINCE600\PLATFORM\Z2170P\SRC\APP\I2CPROXY\
BUILD: [00:0000000088:PROGC ] Scan C:\WINCE600\PLATFORM\Z2170P\SRC\APP\SIMPLE\DLL\
BUILD: [00:0000000089:PROGC ] Scan C:\WINCE600\PLATFORM\Z2170P\SRC\APP\SIMPLE\EXE\
BUILD: [00:0000000090:PROGC ] Scan C:\WINCE600\PLATFORM\Z2170P\SRC\APP\NullSink\
BUILD: [00:0000000091:PROGC ] Scan C:\WINCE600\PLATFORM\Z2170P\SRC\APP\SampleGrabber\
BUILD: [00:0000000092:PROGC ] Scan C:\WINCE600\PLATFORM\Z2170P\SRC\APP\CaptureTest\
BUILD: [00:0000000093:PROGC ] Scan C:\WINCE600\PLATFORM\Z2170P\SRC\APP\WAVMIXER\
BUILD: [00:0000000094:PROGC ] Scan C:\WINCE600\PLATFORM\Z2170P\SRC\APP\KeyHook\
BUILD: [00:0000000095:PROGC ] Scan C:\WINCE600\PLATFORM\Z2170P\SRC\test\testGPIO\
BUILD: [00:0000000096:PROGC ] Scan C:\WINCE600\PLATFORM\Z2170P\SRC\test\testSerial\
BUILD: [00:0000000097:PROGC ] Scan C:\WINCE600\PLATFORM\Z2170P\SRC\test\testSerialPerf\
BUILD: [00:0000000098:PROGC ] Scan C:\WINCE600\PLATFORM\Z2170P\SRC\test\PMTEST\PMGET\
BUILD: [00:0000000099:PROGC ] Scan C:\WINCE600\PLATFORM\Z2170P\SRC\test\PMTEST\PMGETD\
BUILD: [00:0000000100:PROGC ] Scan C:\WINCE600\PLATFORM\Z2170P\SRC\test\PMTEST\PMMON\
BUILD: [00:0000000101:PROGC ] Scan C:\WINCE600\PLATFORM\Z2170P\SRC\test\PMTEST\PMREQ\
BUILD: [00:0000000102:PROGC ] Scan C:\WINCE600\PLATFORM\Z2170P\SRC\test\PMTEST\PMSET\
BUILD: [00:0000000103:PROGC ] Scan C:\WINCE600\PLATFORM\Z2170P\SRC\test\PMTEST\PMSETD\
BUILD: [00:0000000104:PROGC ] Scan C:\WINCE600\PLATFORM\Z2170P\SRC\test\wakeme\
BUILD: [00:0000000105:PROGC ] Scan C:\WINCE600\PLATFORM\Z2170P\SRC\test\testRTC\
BUILD: [00:0000000106:PROGC ] Scan C:\WINCE600\PLATFORM\Z2170P\SRC\test\testKeypad\
BUILD: [00:0000000107:PROGC ] Scan C:\WINCE600\PLATFORM\Z2170P\SRC\test\Tux_I2C\
BUILD: [00:0000000108:PROGC ] Scan C:\WINCE600\PLATFORM\Z2170P\SRC\test\Tux_SPI\
BUILD: [00:0000000109:PROGC ] Scan C:\WINCE600\PLATFORM\Z2170P\SRC\test\Tux_PowerManagement\
BUILD: [00:0000000110:PROGC ] Scan C:\WINCE600\PLATFORM\Z2170P\SRC\test\FSTEST\
BUILD: [00:0000000111:PROGC ] Saving C:\WINCE600\PLATFORM\Z2170P\Build.dat.
BUILD: [00:0000000112:INFO  ] Done.
BUILD: [00:0000000113:INFO  ] Will Build C:\WINCE600\PLATFORM\Z2170P\SRC\APP\NullSink\StdAfx.h because target: obj\ARMV4I\retail\StdAfx.pch is missing.
BUILD: [00:0000000114:INFO  ] Will Build C:\WINCE600\PLATFORM\Z2170P\SRC\APP\NullSink\ because target: obj\ARMV4I\retail\StdAfx.pch is missing.
BUILD: [00:0000000115:PROGC ] Building PRECOMPHEADER Pass in C:\WINCE600\PLATFORM\Z2170P\SRC\APP\NullSink\ directory.
BUILD: [00:0000000116:PROG  ] 'NMAKE.EXE TargetPCHPass  -i -c BUILDMSG=Stop.  BUILDROOT=C:\WINCE600\PLATFORM\Z2170P CLEANBUILD=1 NOLINK=1 PASS0ONLY=1 PASSPCH=1'
BUILD: [01:0000000117:INFO  ] makefile.def: Including C:\WINCE600\public\common\oak\misc\Sources.default
BUILD: [01:0000000118:INFO  ] makefile.def: BUILDROOT is C:\WINCE600\PLATFORM\Z2170P
BUILD: [01:0000000119:INFO  ] makefile.def: Including C:\WINCE600\PLATFORM\Z2170P\sources.cmn
BUILD: [01:0000000120:INFO  ] makefile.def: Including C:\WINCE600\PLATFORM\Z2170P\SRC\APP\NullSink\sources
BUILD: [01:0000000121:INFO  ] makefile.def: Including C:\WINCE600\public\common\oak\misc\Sources.CE
BUILD: [01:0000000122:INFO  ] Directory: C:\WINCE600\PLATFORM\Z2170P\SRC\APP\NullSink
BUILD: [01:0000000123:INFO  ] TARGETNAME: NullSink
BUILD: [01:0000000124:INFO  ] makefile.def: Including C:\WINCE600\public\common\oak\misc\sources.ReleaseType_PLATFORM
BUILD: [01:0000000125:PROGC ] Create precompiled header StdAfx.h obj\ARMV4I\retail\StdAfx.obj C:\WINCE600\PLATFORM\Z2170P\SRC\APP\NullSink\obj\ARMV4I\retail\StdAfx.pch
BUILD: [01:0000000126:INFO  ] cl -nologo  /Tp  /Gy -c -IARM\ -I. -IC:\WINCE600\platform\COMMON\src\inc -IC:\WINCE600\platform\Z2170P\src\inc -IC:\WINCE600\platform\COMMON\src\soc\COMMON_TI_V1\TRITON\inc -IC:\WINCE600\platform\COMMON\src\soc\COMMON_TI_V1\TPS659xx\inc -IC:\WINCE600\platform\COMMON\src\soc\COMMON_TI_V1\COMMON_TI\inc -IC:\WINCE600\platform\COMMON\src\soc\COMMON_TI_V1\OMAP3530\inc -IC:\WINCE600\platform\COMMON\src\soc\COMMON_TI_V1\COMMON_TI\DSS\inc -IC:\WINCE600\platform\COMMON\src\soc\COMMON_TI_V1\TPS659XX\keypad -IC:\WINCE600\PUBLIC\DIRECTX\SDK\SAMPLES\DSHOW\BASECLASSES -IC:\WINCE600\PUBLIC\DIRECTX\SDK\INC -IC:\WINCE600\public\common\sdk\inc -IC:\WINCE600\public\common\oak\inc -IC:\WINCE600\public\common\ddk\inc -IC:\WINCE600\sdk\CE\inc -I.\Resource\0409 -Ox -Os -GF -Zi -FdC:\WINCE600\platform\Z2170P\target\ARMV4I\retail\NullSink.pdb -D_CRT_SECURE_NO_DEPRECATE -D_USE_32BIT_TIME_T -DUNICODE -D_UNICODE -DUNDER_CE=600 -D_WIN32_WCE=0x600 -DWINCEOEM -DWINCEINTERNAL -DWIN32 -DSTRICT -DARM -DARMV4I -D_ARM_ -DNDEBUG=1  -D_SOC_MODEL=OMAP3530 -D_TRITON_MODEL=TPS659xx -DCEDDK_USEDDKMACRO -D_WINCEOSVER=600 -DBSP_EVM2 -DBSP_OPM_SELECT_37XX=4 -DBSP_OPM_SELECT_35XX=5 -DBSP_RTC_WAKES_CPU -DBSP_SDRAM_BANK1_ENABLE -DNullSink_EXPORTS -DINTERNATIONAL -DINTLMSG_CODEPAGE=1252 -FAsc -FaC:\WINCE600\PLATFORM\Z2170P\SRC\APP\NullSink\obj\ARMV4I\retail\StdAfx.cod -WX -QRimplicit-import- -Zi -c -IARM\ -I. -IC:\WINCE600\platform\COMMON\src\inc -IC:\WINCE600\platform\Z2170P\src\inc -IC:\WINCE600\platform\COMMON\src\soc\COMMON_TI_V1\TRITON\inc -IC:\WINCE600\platform\COMMON\src\soc\COMMON_TI_V1\TPS659xx\inc -IC:\WINCE600\platform\COMMON\src\soc\COMMON_TI_V1\COMMON_TI\inc -IC:\WINCE600\platform\COMMON\src\soc\COMMON_TI_V1\OMAP3530\inc -IC:\WINCE600\platform\COMMON\src\soc\COMMON_TI_V1\COMMON_TI\DSS\inc -IC:\WINCE600\platform\COMMON\src\soc\COMMON_TI_V1\TPS659XX\keypad -IC:\WINCE600\PUBLIC\DIRECTX\SDK\SAMPLES\DSHOW\BASECLASSES -IC:\WINCE600\PUBLIC\DIRECTX\SDK\INC -IC:\WINCE600\public\common\sdk\inc -IC:\WINCE600\public\common\oak\inc -IC:\WINCE600\public\common\ddk\inc -IC:\WINCE600\sdk\CE\inc -I.\Resource\0409 -Ox -Os -GF -Zi -FdC:\WINCE600\platform\Z2170P\target\ARMV4I\retail\NullSink.pdb -D_CRT_SECURE_NO_DEPRECATE -D_USE_32BIT_TIME_T -DUNICODE -D_UNICODE -DUNDER_CE=600 -D_WIN32_WCE=0x600 -DWINCEOEM -DWINCEINTERNAL -DWIN32 -DSTRICT -DARM -DARMV4I -D_ARM_ -DNDEBUG=1  -D_SOC_MODEL=OMAP3530 -D_TRITON_MODEL=TPS659xx -DCEDDK_USEDDKMACRO -D_WINCEOSVER=600 -DBSP_EVM2 -DBSP_OPM_SELECT_37XX=4 -DBSP_OPM_SELECT_35XX=5 -DBSP_RTC_WAKES_CPU -DBSP_SDRAM_BANK1_ENABLE -DNullSink_EXPORTS -DINTERNATIONAL -DINTLMSG_CODEPAGE=1252 -FAsc -FaC:\WINCE600\PLATFORM\Z2170P\SRC\APP\NullSink\obj\ARMV4I\retail\StdAfx.cod -WX -QRimplicit-import- -Zi  -Zc:wchar_t- -Zc:forScope- -wd4867 -wd4430 -MT -U_MT -W4 /analyze   /GR- -QRarch4T -DTHUMBSUPPORT -QRinterwork-return  /GS /YlNullSink /YcStdAfx.h /FpC:\WINCE600\PLATFORM\Z2170P\SRC\APP\NullSink\obj\ARMV4I\retail\StdAfx.pch /FoC:\WINCE600\PLATFORM\Z2170P\SRC\APP\NullSink\obj\ARMV4I\retail\StdAfx.obj
BUILD: [01:0000000127:INFO  ] nm502.tmp
BUILD: [00:0000000128:INFO  ] Will Build C:\WINCE600\PLATFORM\Z2170P\SRC\test\testSerial\StdAfx.h because target: obj\ARMV4I\retail\StdAfx.pch is missing.
BUILD: [00:0000000129:INFO  ] Will Build C:\WINCE600\PLATFORM\Z2170P\SRC\test\testSerial\ because target: obj\ARMV4I\retail\StdAfx.pch is missing.
BUILD: [00:0000000130:PROGC ] Building PRECOMPHEADER Pass in C:\WINCE600\PLATFORM\Z2170P\SRC\test\testSerial\ directory.
BUILD: [00:0000000131:PROG  ] 'NMAKE.EXE TargetPCHPass  -i -c BUILDMSG=Stop.  BUILDROOT=C:\WINCE600\PLATFORM\Z2170P CLEANBUILD=1 NOLINK=1 PASS0ONLY=1 PASSPCH=1'
BUILD: [01:0000000132:INFO  ] makefile.def: Including C:\WINCE600\public\common\oak\misc\Sources.default
BUILD: [01:0000000133:INFO  ] makefile.def: BUILDROOT is C:\WINCE600\PLATFORM\Z2170P
BUILD: [01:0000000134:INFO  ] makefile.def: Including C:\WINCE600\PLATFORM\Z2170P\sources.cmn
BUILD: [01:0000000135:INFO  ] makefile.def: Including C:\WINCE600\PLATFORM\Z2170P\SRC\test\testSerial\sources
BUILD: [01:0000000136:INFO  ] makefile.def: Including C:\WINCE600\public\common\oak\misc\Sources.CE
BUILD: [01:0000000137:INFO  ] Directory: C:\WINCE600\PLATFORM\Z2170P\SRC\test\testSerial
BUILD: [01:0000000138:INFO  ] TARGETNAME: testSerial
BUILD: [01:0000000139:INFO  ] makefile.def: Including C:\WINCE600\public\common\oak\misc\sources.ReleaseType_PLATFORM
BUILD: [01:0000000140:PROGC ] Create precompiled header StdAfx.h obj\ARMV4I\retail\StdAfx.obj C:\WINCE600\PLATFORM\Z2170P\SRC\test\testSerial\obj\ARMV4I\retail\StdAfx.pch
BUILD: [01:0000000141:INFO  ] cl -nologo  /Tp  /Gy -c -IARM\ -I. -IC:\WINCE600\platform\COMMON\src\inc -IC:\WINCE600\platform\Z2170P\src\inc -IC:\WINCE600\platform\COMMON\src\soc\COMMON_TI_V1\TRITON\inc -IC:\WINCE600\platform\COMMON\src\soc\COMMON_TI_V1\TPS659xx\inc -IC:\WINCE600\platform\COMMON\src\soc\COMMON_TI_V1\COMMON_TI\inc -IC:\WINCE600\platform\COMMON\src\soc\COMMON_TI_V1\OMAP3530\inc -IC:\WINCE600\platform\COMMON\src\soc\COMMON_TI_V1\COMMON_TI\DSS\inc -IC:\WINCE600\platform\COMMON\src\soc\COMMON_TI_V1\TPS659XX\keypad -IC:\WINCE600\public\common\sdk\inc -IC:\WINCE600\public\common\oak\inc -IC:\WINCE600\public\common\ddk\inc -IC:\WINCE600\sdk\CE\inc -I.\Resource\0409 -Ox -Os -GF -Zi -FdC:\WINCE600\platform\Z2170P\target\ARMV4I\retail\testSerial.pdb -D_CRT_SECURE_NO_DEPRECATE -D_USE_32BIT_TIME_T -DUNICODE -D_UNICODE -DUNDER_CE=600 -D_WIN32_WCE=0x600 -DWINCEOEM -DWINCEINTERNAL -DWIN32 -DSTRICT -DARM -DARMV4I -D_ARM_ -DNDEBUG=1  -D_SOC_MODEL=OMAP3530 -D_TRITON_MODEL=TPS659xx -DCEDDK_USEDDKMACRO -D_WINCEOSVER=600 -DBSP_EVM2 -DBSP_OPM_SELECT_37XX=4 -DBSP_OPM_SELECT_35XX=5 -DBSP_RTC_WAKES_CPU -DBSP_SDRAM_BANK1_ENABLE -DINTERNATIONAL -DINTLMSG_CODEPAGE=1252 -FAsc -FaC:\WINCE600\PLATFORM\Z2170P\SRC\test\testSerial\obj\ARMV4I\retail\StdAfx.cod -WX -QRimplicit-import- -Zi -c -IARM\ -I. -IC:\WINCE600\platform\COMMON\src\inc -IC:\WINCE600\platform\Z2170P\src\inc -IC:\WINCE600\platform\COMMON\src\soc\COMMON_TI_V1\TRITON\inc -IC:\WINCE600\platform\COMMON\src\soc\COMMON_TI_V1\TPS659xx\inc -IC:\WINCE600\platform\COMMON\src\soc\COMMON_TI_V1\COMMON_TI\inc -IC:\WINCE600\platform\COMMON\src\soc\COMMON_TI_V1\OMAP3530\inc -IC:\WINCE600\platform\COMMON\src\soc\COMMON_TI_V1\COMMON_TI\DSS\inc -IC:\WINCE600\platform\COMMON\src\soc\COMMON_TI_V1\TPS659XX\keypad -IC:\WINCE600\public\common\sdk\inc -IC:\WINCE600\public\common\oak\inc -IC:\WINCE600\public\common\ddk\inc -IC:\WINCE600\sdk\CE\inc -I.\Resource\0409 -Ox -Os -GF -Zi -FdC:\WINCE600\platform\Z2170P\target\ARMV4I\retail\testSerial.pdb -D_CRT_SECURE_NO_DEPRECATE -D_USE_32BIT_TIME_T -DUNICODE -D_UNICODE -DUNDER_CE=600 -D_WIN32_WCE=0x600 -DWINCEOEM -DWINCEINTERNAL -DWIN32 -DSTRICT -DARM -DARMV4I -D_ARM_ -DNDEBUG=1  -D_SOC_MODEL=OMAP3530 -D_TRITON_MODEL=TPS659xx -DCEDDK_USEDDKMACRO -D_WINCEOSVER=600 -DBSP_EVM2 -DBSP_OPM_SELECT_37XX=4 -DBSP_OPM_SELECT_35XX=5 -DBSP_RTC_WAKES_CPU -DBSP_SDRAM_BANK1_ENABLE -DINTERNATIONAL -DINTLMSG_CODEPAGE=1252 -FAsc -FaC:\WINCE600\PLATFORM\Z2170P\SRC\test\testSerial\obj\ARMV4I\retail\StdAfx.cod -WX -QRimplicit-import- -Zi  -Zc:wchar_t- -Zc:forScope- -wd4867 -wd4430 -MT -U_MT -W3 /analyze   /GR- -QRarch4T -DTHUMBSUPPORT -QRinterwork-return  /GS /YltestSerial /YcStdAfx.h /FpC:\WINCE600\PLATFORM\Z2170P\SRC\test\testSerial\obj\ARMV4I\retail\StdAfx.pch /FoC:\WINCE600\PLATFORM\Z2170P\SRC\test\testSerial\obj\ARMV4I\retail\StdAfx.obj
BUILD: [01:0000000142:INFO  ] nm505.tmp
BUILD: [01:0000000143:ERRORE] C:\DOCUME~1\RAY~1.HUA\LOCALS~1\Temp\nm505.tmp : fatal error C1083: Cannot open compiler generated file: 'C:\WINCE600\PLATFORM\Z2170P\SRC\test\testSerial\obj\ARMV4I\retail\StdAfx.obj': Permission denied
BUILD: [00:0000000144:PROGC ]                        Files  Warnings  Errors
BUILD: [00:0000000145:PROGC ] Midl                       0         0       0
BUILD: [00:0000000146:PROGC ] Message                    0         0       0
BUILD: [00:0000000147:PROGC ] Precomp Header             2         0       1
BUILD: [00:0000000148:PROGC ] Resource                   0         0       0
BUILD: [00:0000000149:PROGC ] MASM                       0         0       0
BUILD: [00:0000000150:PROGC ] SHASM                      0         0       0
BUILD: [00:0000000151:PROGC ] ARMASM                     0         0       0
BUILD: [00:0000000152:PROGC ] MIPSASM                    0         0       0
BUILD: [00:0000000153:PROGC ] C++                        0         0       0
BUILD: [00:0000000154:PROGC ] C                          0         0       0
BUILD: [00:0000000155:PROGC ] Static Libraries           0         0       0
BUILD: [00:0000000156:PROGC ] Exe's                      0         0       0
BUILD: [00:0000000157:PROGC ] Dll's                      0         0       0
BUILD: [00:0000000158:PROGC ] Preprocess deffile         0         0       0
BUILD: [00:0000000159:PROGC ] Resx                       0         0       0
BUILD: [00:0000000160:PROGC ] CSharp Compile             0         0       0
BUILD: [00:0000000161:PROGC ] Other                      0         7       1
BUILD: [00:0000000162:PROGC ] 
BUILD: [00:0000000163:PROGC ] Total                      2         7       2
BUILD: [00:0000000164:PROGC ] 
BUILD: [00:0000000165:PROGC ] 7 Warnings,  2 Errors
BUILD: [00:0000000166:PROGC ] GetSystemTimes (seconds): Idle: 3     Kernel: 5     User: 3    
BUILD: [00:0000000167:PROGC ] Elapsed  time  (seconds): 4    
