BUILD: [Thrd:Sequence:Type  ] Message
BUILD: [00:0000000000:PROGC ] Build started with parameters: -c
BUILD: [00:0000000001:PROGC ] Build started in directory: C:\WINCE600\PLATFORM\Z2170P\SRC\BOOTLOADER\XLDR\UART
BUILD: [00:0000000002:PROGC ] Checking for C:\WINCE600\sdk\bin\i386\srccheck.exe.
BUILD: [00:0000000003:PROGC ] Running passes WCEFILES0, MIDL, MC, ASN, THUNK, PRECOMPHEADER, COMPILE, LIB, LINK, MANAGEDRESX, MANAGEDMOD, MANAGEDDLL, MANAGEDEXE, MANAGEDWIN for ARM.
BUILD: [00:0000000004:PROGC ] Ignoring build database (-c specified).
BUILD: [00:0000000005:PROGC ] Computing include file dependencies:
BUILD: [00:0000000006:PROGC ] Checking for SDK include directory: C:\WINCE600\sdk\CE\inc.
BUILD: [00:0000000007:PROGC ] Scan C:\WINCE600\PLATFORM\Z2170P\SRC\BOOTLOADER\XLDR\UART\
BUILD: [00:0000000008:PROGC ] Saving C:\WINCE600\PLATFORM\Z2170P\Build.dat.
BUILD: [00:0000000009:INFO  ] Done.
BUILD: [00:0000000010:INFO  ] Will Build C:\WINCE600\PLATFORM\Z2170P\SRC\BOOTLOADER\XLDR\main.c because target: obj\ARMV4I\retail\main.obj is missing.
BUILD: [00:0000000011:INFO  ] Will Build C:\WINCE600\PLATFORM\Z2170P\SRC\BOOTLOADER\XLDR\UART\xldrmodem.c because target: obj\ARMV4I\retail\xldrmodem.obj is missing.
BUILD: [00:0000000012:INFO  ] Will Build C:\WINCE600\PLATFORM\Z2170P\SRC\BOOTLOADER\XLDR\platform.c because target: obj\ARMV4I\retail\platform.obj is missing.
BUILD: [00:0000000013:INFO  ] Will Build C:\WINCE600\PLATFORM\Z2170P\SRC\BOOTLOADER\XLDR\startup.s because target: obj\ARMV4I\retail\startup.obj is missing.
BUILD: [00:0000000014:INFO  ] Will Build C:\WINCE600\PLATFORM\Z2170P\SRC\BOOTLOADER\XLDR\jumpto.s because target: obj\ARMV4I\retail\jumpto.obj is missing.
BUILD: [00:0000000015:INFO  ] Will Build C:\WINCE600\PLATFORM\Z2170P\SRC\BOOTLOADER\XLDR\UART\ because target: xldr_romimage_raw is missing.
BUILD: [00:0000000016:PROGC ] Building COMPILE Pass in C:\WINCE600\PLATFORM\Z2170P\SRC\BOOTLOADER\XLDR\UART\ directory.
BUILD: [00:0000000017:PROG  ] 'NMAKE.EXE TargetCompilePass  -i -c BUILDMSG=Stop.  BUILDROOT=C:\WINCE600\PLATFORM\Z2170P CLEANBUILD=1 NOLINK=1 NOPASS0=1'
BUILD: [01:0000000018:INFO  ] makefile.def: Including C:\WINCE600\public\common\oak\misc\Sources.default
BUILD: [01:0000000019:INFO  ] makefile.def: BUILDROOT is C:\WINCE600\PLATFORM\Z2170P
BUILD: [01:0000000020:INFO  ] makefile.def: Including C:\WINCE600\PLATFORM\Z2170P\sources.cmn
BUILD: [01:0000000021:INFO  ] makefile.def: Including C:\WINCE600\PLATFORM\Z2170P\SRC\BOOTLOADER\XLDR\UART\sources
BUILD: [01:0000000022:INFO  ] makefile.def: Including C:\WINCE600\public\common\oak\misc\Sources.CE
BUILD: [01:0000000023:INFO  ] Directory: C:\WINCE600\PLATFORM\Z2170P\SRC\BOOTLOADER\XLDR\UART
BUILD: [01:0000000024:INFO  ] TARGETNAME: xldruart
BUILD: [01:0000000025:INFO  ] makefile.def: Including C:\WINCE600\public\common\oak\misc\sources.ReleaseType_PLATFORM
BUILD: [01:0000000026:INFO  ] FULLLIBC.LIB found in TARGETLIBS; forcing NOLIBC=1
BUILD: [01:0000000027:INFO  ] FULLLIBC.LIB found in TARGETLIBS; forcing NOCRTDLL=1
BUILD: [01:0000000028:PROGC ] Compiling ..\main.c
BUILD: [01:0000000029:INFO  ] cl -nologo   /Gy -Foobj\ARMV4I\retail\main.obj -c -IARM\ -I. -IC:\WINCE600\platform\COMMON\src\inc -IC:\WINCE600\platform\Z2170P\src\inc -IC:\WINCE600\platform\COMMON\src\soc\COMMON_TI_V1\TRITON\inc -IC:\WINCE600\platform\COMMON\src\soc\COMMON_TI_V1\TPS659xx\inc -IC:\WINCE600\platform\COMMON\src\soc\COMMON_TI_V1\COMMON_TI\inc -IC:\WINCE600\platform\COMMON\src\soc\COMMON_TI_V1\OMAP3530\inc -IC:\WINCE600\platform\COMMON\src\soc\COMMON_TI_V1\COMMON_TI\DSS\inc -IC:\WINCE600\platform\COMMON\src\soc\COMMON_TI_V1\TPS659XX\keypad -IC:\WINCE600\public\common\oak\drivers\block\msflashfmd\inc -IC:\WINCE600\public\common\sdk\inc -IC:\WINCE600\public\common\oak\inc -IC:\WINCE600\public\common\ddk\inc -IC:\WINCE600\sdk\CE\inc -I.\Resource\0409 -Ox -Os -GF -Zi -FdC:\WINCE600\platform\Z2170P\target\ARMV4I\retail\xldruart.pdb -D_CRT_SECURE_NO_DEPRECATE -D_USE_32BIT_TIME_T -DUNICODE -D_UNICODE -DUNDER_CE=600 -D_WIN32_WCE=0x600 -DWINCEOEM -DWINCEINTERNAL -DWIN32 -DSTRICT -DARM -DARMV4I -D_ARM_ -DNDEBUG=1  -D_SOC_MODEL=OMAP3530 -D_TRITON_MODEL=TPS659xx -DCEDDK_USEDDKMACRO -D_WINCEOSVER=600 -DBSP_EVM2 -DBSP_OPM_SELECT_37XX=4 -DBSP_OPM_SELECT_35XX=5 -DBSP_RTC_WAKES_CPU -DBSP_SDRAM_BANK1_ENABLE -DCEDDK_USEDDKMACRO -DFMD_NAND -DUART_BOOT -DUART_DNLD_RAW_TO_NAND -DINTERNATIONAL -DINTLMSG_CODEPAGE=1252 -FAsc -Faobj\ARMV4I\retail\main.cod -WX -QRimplicit-import- -Zi  -Zc:wchar_t- -Zc:forScope- -wd4867 -wd4430 -MT -U_MT -W4 /analyze   /GR- -QRarch4T -DTHUMBSUPPORT -QRinterwork-return   C:\WINCE600\PLATFORM\Z2170P\SRC\BOOTLOADER\XLDR\UART\..\main.c
BUILD: [01:0000000030:INFO  ] main.c
BUILD: [01:0000000031:PROGC ] Assembling ..\startup.s
BUILD: [01:0000000032:INFO  ] 	armasm -coff  -list obj\ARMV4I\retail\startup.lst -wi 150 -l 0 -cr -pd "BSP_SDRAM_BANK1_ENABLE SETL {TRUE}"  -i C:\WINCE600\platform\COMMON\src\inc,C:\WINCE600\platform\Z2170P\src\inc,C:\WINCE600\platform\COMMON\src\soc\COMMON_TI_V1\TRITON\inc,C:\WINCE600\platform\COMMON\src\soc\COMMON_TI_V1\TPS659xx\inc,C:\WINCE600\platform\COMMON\src\soc\COMMON_TI_V1\COMMON_TI\inc,C:\WINCE600\platform\COMMON\src\soc\COMMON_TI_V1\OMAP3530\inc,C:\WINCE600\platform\COMMON\src\soc\COMMON_TI_V1\COMMON_TI\DSS\inc,C:\WINCE600\platform\COMMON\src\soc\COMMON_TI_V1\TPS659XX\keypad,C:\WINCE600\public\common\oak\drivers\block\msflashfmd\inc,C:\WINCE600\public\common\sdk\inc,C:\WINCE600\public\common\oak\inc,C:\WINCE600\public\common\ddk\inc,C:\WINCE600\sdk\CE\inc -i arm -arch 4t -pd "Thumbing SETL {FALSE}" -pd "Interworking SETL {TRUE}"  C:\WINCE600\PLATFORM\Z2170P\SRC\BOOTLOADER\XLDR\UART\..\startup.s obj\ARMV4I\retail\startup.obj
BUILD: [01:0000000033:INFO  ] Microsoft (R) ARM Macro Assembler Version 14.01.60511
BUILD: [01:0000000034:INFO  ] Copyright (C) Microsoft Corporation.  All rights reserved.
BUILD: [01:0000000035:INFO  ] 
BUILD: [01:0000000036:PROGC ] Assembling ..\jumpto.s
BUILD: [01:0000000037:INFO  ] 	armasm -coff  -list obj\ARMV4I\retail\jumpto.lst -wi 150 -l 0 -cr -pd "BSP_SDRAM_BANK1_ENABLE SETL {TRUE}"  -i C:\WINCE600\platform\COMMON\src\inc,C:\WINCE600\platform\Z2170P\src\inc,C:\WINCE600\platform\COMMON\src\soc\COMMON_TI_V1\TRITON\inc,C:\WINCE600\platform\COMMON\src\soc\COMMON_TI_V1\TPS659xx\inc,C:\WINCE600\platform\COMMON\src\soc\COMMON_TI_V1\COMMON_TI\inc,C:\WINCE600\platform\COMMON\src\soc\COMMON_TI_V1\OMAP3530\inc,C:\WINCE600\platform\COMMON\src\soc\COMMON_TI_V1\COMMON_TI\DSS\inc,C:\WINCE600\platform\COMMON\src\soc\COMMON_TI_V1\TPS659XX\keypad,C:\WINCE600\public\common\oak\drivers\block\msflashfmd\inc,C:\WINCE600\public\common\sdk\inc,C:\WINCE600\public\common\oak\inc,C:\WINCE600\public\common\ddk\inc,C:\WINCE600\sdk\CE\inc -i arm -arch 4t -pd "Thumbing SETL {FALSE}" -pd "Interworking SETL {TRUE}"  C:\WINCE600\PLATFORM\Z2170P\SRC\BOOTLOADER\XLDR\UART\..\jumpto.s obj\ARMV4I\retail\jumpto.obj
BUILD: [01:0000000038:INFO  ] Microsoft (R) ARM Macro Assembler Version 14.01.60511
BUILD: [01:0000000039:INFO  ] Copyright (C) Microsoft Corporation.  All rights reserved.
BUILD: [01:0000000040:INFO  ] 
BUILD: [01:0000000041:PROGC ] Compiling .\xldrmodem.c
BUILD: [01:0000000042:INFO  ] cl -nologo   /Gy -Foobj\ARMV4I\retail\xldrmodem.obj -c -IARM\ -I. -IC:\WINCE600\platform\COMMON\src\inc -IC:\WINCE600\platform\Z2170P\src\inc -IC:\WINCE600\platform\COMMON\src\soc\COMMON_TI_V1\TRITON\inc -IC:\WINCE600\platform\COMMON\src\soc\COMMON_TI_V1\TPS659xx\inc -IC:\WINCE600\platform\COMMON\src\soc\COMMON_TI_V1\COMMON_TI\inc -IC:\WINCE600\platform\COMMON\src\soc\COMMON_TI_V1\OMAP3530\inc -IC:\WINCE600\platform\COMMON\src\soc\COMMON_TI_V1\COMMON_TI\DSS\inc -IC:\WINCE600\platform\COMMON\src\soc\COMMON_TI_V1\TPS659XX\keypad -IC:\WINCE600\public\common\oak\drivers\block\msflashfmd\inc -IC:\WINCE600\public\common\sdk\inc -IC:\WINCE600\public\common\oak\inc -IC:\WINCE600\public\common\ddk\inc -IC:\WINCE600\sdk\CE\inc -I.\Resource\0409 -Ox -Os -GF -Zi -FdC:\WINCE600\platform\Z2170P\target\ARMV4I\retail\xldruart.pdb -D_CRT_SECURE_NO_DEPRECATE -D_USE_32BIT_TIME_T -DUNICODE -D_UNICODE -DUNDER_CE=600 -D_WIN32_WCE=0x600 -DWINCEOEM -DWINCEINTERNAL -DWIN32 -DSTRICT -DARM -DARMV4I -D_ARM_ -DNDEBUG=1  -D_SOC_MODEL=OMAP3530 -D_TRITON_MODEL=TPS659xx -DCEDDK_USEDDKMACRO -D_WINCEOSVER=600 -DBSP_EVM2 -DBSP_OPM_SELECT_37XX=4 -DBSP_OPM_SELECT_35XX=5 -DBSP_RTC_WAKES_CPU -DBSP_SDRAM_BANK1_ENABLE -DCEDDK_USEDDKMACRO -DFMD_NAND -DUART_BOOT -DUART_DNLD_RAW_TO_NAND -DINTERNATIONAL -DINTLMSG_CODEPAGE=1252 -FAsc -Faobj\ARMV4I\retail\xldrmodem.cod -WX -QRimplicit-import- -Zi  -Zc:wchar_t- -Zc:forScope- -wd4867 -wd4430 -MT -U_MT -W4 /analyze   /GR- -QRarch4T -DTHUMBSUPPORT -QRinterwork-return   C:\WINCE600\PLATFORM\Z2170P\SRC\BOOTLOADER\XLDR\UART\.\xldrmodem.c
BUILD: [01:0000000043:INFO  ] xldrmodem.c
BUILD: [01:0000000044:PROGC ] Compiling ..\platform.c
BUILD: [01:0000000045:INFO  ] cl -nologo   /Gy -Foobj\ARMV4I\retail\platform.obj -c -IARM\ -I. -IC:\WINCE600\platform\COMMON\src\inc -IC:\WINCE600\platform\Z2170P\src\inc -IC:\WINCE600\platform\COMMON\src\soc\COMMON_TI_V1\TRITON\inc -IC:\WINCE600\platform\COMMON\src\soc\COMMON_TI_V1\TPS659xx\inc -IC:\WINCE600\platform\COMMON\src\soc\COMMON_TI_V1\COMMON_TI\inc -IC:\WINCE600\platform\COMMON\src\soc\COMMON_TI_V1\OMAP3530\inc -IC:\WINCE600\platform\COMMON\src\soc\COMMON_TI_V1\COMMON_TI\DSS\inc -IC:\WINCE600\platform\COMMON\src\soc\COMMON_TI_V1\TPS659XX\keypad -IC:\WINCE600\public\common\oak\drivers\block\msflashfmd\inc -IC:\WINCE600\public\common\sdk\inc -IC:\WINCE600\public\common\oak\inc -IC:\WINCE600\public\common\ddk\inc -IC:\WINCE600\sdk\CE\inc -I.\Resource\0409 -Ox -Os -GF -Zi -FdC:\WINCE600\platform\Z2170P\target\ARMV4I\retail\xldruart.pdb -D_CRT_SECURE_NO_DEPRECATE -D_USE_32BIT_TIME_T -DUNICODE -D_UNICODE -DUNDER_CE=600 -D_WIN32_WCE=0x600 -DWINCEOEM -DWINCEINTERNAL -DWIN32 -DSTRICT -DARM -DARMV4I -D_ARM_ -DNDEBUG=1  -D_SOC_MODEL=OMAP3530 -D_TRITON_MODEL=TPS659xx -DCEDDK_USEDDKMACRO -D_WINCEOSVER=600 -DBSP_EVM2 -DBSP_OPM_SELECT_37XX=4 -DBSP_OPM_SELECT_35XX=5 -DBSP_RTC_WAKES_CPU -DBSP_SDRAM_BANK1_ENABLE -DCEDDK_USEDDKMACRO -DFMD_NAND -DUART_BOOT -DUART_DNLD_RAW_TO_NAND -DINTERNATIONAL -DINTLMSG_CODEPAGE=1252 -FAsc -Faobj\ARMV4I\retail\platform.cod -WX -QRimplicit-import- -Zi  -Zc:wchar_t- -Zc:forScope- -wd4867 -wd4430 -MT -U_MT -W4 /analyze   /GR- -QRarch4T -DTHUMBSUPPORT -QRinterwork-return   C:\WINCE600\PLATFORM\Z2170P\SRC\BOOTLOADER\XLDR\UART\..\platform.c
BUILD: [01:0000000046:INFO  ] platform.c
BUILD: [00:0000000047:WARNN ] C:\WINCE600\PLATFORM\Z2170P\SRC\BOOTLOADER\XLDR\UART\: Missing source file: C:\WINCE600\platform\Z2170P\lib\ARMV4I\retail\bspcfg.lib.
BUILD: [00:0000000048:WARNN ] C:\WINCE600\PLATFORM\Z2170P\SRC\BOOTLOADER\XLDR\UART\: Missing source file: C:\WINCE600\platform\Z2170P\lib\ARMV4I\retail\bsp_bootstubs.lib.
BUILD: [00:0000000049:WARNN ] C:\WINCE600\PLATFORM\Z2170P\SRC\BOOTLOADER\XLDR\UART\: Missing source file: C:\WINCE600\platform\Z2170P\lib\ARMV4I\retail\bsp_stall.lib.
BUILD: [00:0000000050:WARNN ] C:\WINCE600\PLATFORM\Z2170P\SRC\BOOTLOADER\XLDR\UART\: Missing source file: C:\WINCE600\platform\Z2170P\lib\ARMV4I\retail\bsp_tps659xx.lib.
BUILD: [00:0000000051:WARNN ] File: C:\WINCE600\PLATFORM\Z2170P\SRC\BOOTLOADER\XLDR\UART\xldr_romimage_raw does not exist (2).
BUILD: [00:0000000052:INFO  ] Will Build C:\WINCE600\public\common\oak\lib\ARMV4I\retail\gsnull.lib because target: C:\WINCE600\platform\Z2170P\target\ARMV4I\retail\xldruart.exe is missing.
BUILD: [00:0000000053:INFO  ] Will Build C:\WINCE600\public\common\oak\lib\ARMV4I\retail\fulllibc.lib because target: C:\WINCE600\platform\Z2170P\target\ARMV4I\retail\xldruart.exe is missing.
BUILD: [00:0000000054:INFO  ] Will Build C:\WINCE600\platform\common\lib\ARMV4I\retail\common_ti_oal_alloc.lib because target: C:\WINCE600\platform\Z2170P\target\ARMV4I\retail\xldruart.exe is missing.
BUILD: [00:0000000055:INFO  ] Will Build C:\WINCE600\platform\common\lib\ARMV4I\retail\common_ti_fmd_nand_boot.lib because target: C:\WINCE600\platform\Z2170P\target\ARMV4I\retail\xldruart.exe is missing.
BUILD: [00:0000000056:INFO  ] Will Build C:\WINCE600\platform\common\lib\ARMV4I\retail\common_ti_debugserial.lib because target: C:\WINCE600\platform\Z2170P\target\ARMV4I\retail\xldruart.exe is missing.
BUILD: [00:0000000057:INFO  ] Will Build C:\WINCE600\platform\common\lib\ARMV4I\retail\common_ti_oali2c.lib because target: C:\WINCE600\platform\Z2170P\target\ARMV4I\retail\xldruart.exe is missing.
BUILD: [00:0000000058:INFO  ] Will Build C:\WINCE600\platform\common\lib\ARMV4I\retail\omap3530_oalcpuver.lib because target: C:\WINCE600\platform\Z2170P\target\ARMV4I\retail\xldruart.exe is missing.
BUILD: [00:0000000059:INFO  ] Will Build C:\WINCE600\platform\common\lib\ARMV4I\retail\common_ti_devicesmap.lib because target: C:\WINCE600\platform\Z2170P\target\ARMV4I\retail\xldruart.exe is missing.
BUILD: [00:0000000060:INFO  ] Will Build C:\WINCE600\platform\common\lib\ARMV4I\retail\omap3530_soccfg.lib because target: C:\WINCE600\platform\Z2170P\target\ARMV4I\retail\xldruart.exe is missing.
BUILD: [00:0000000061:INFO  ] Will Build C:\WINCE600\platform\common\lib\ARMV4I\retail\omap3530_oal_padcfg.lib because target: C:\WINCE600\platform\Z2170P\target\ARMV4I\retail\xldruart.exe is missing.
BUILD: [00:0000000062:INFO  ] Will Build C:\WINCE600\platform\common\lib\ARMV4I\retail\triton_oal.lib because target: C:\WINCE600\platform\Z2170P\target\ARMV4I\retail\xldruart.exe is missing.
BUILD: [00:0000000063:INFO  ] Will Build C:\WINCE600\platform\common\lib\ARMV4I\retail\common_ti_oal_omap_gpio.lib because target: C:\WINCE600\platform\Z2170P\target\ARMV4I\retail\xldruart.exe is missing.
BUILD: [00:0000000064:INFO  ] Will Build C:\WINCE600\platform\common\lib\ARMV4I\retail\common_ti_oal_gpiodispatch.lib because target: C:\WINCE600\platform\Z2170P\target\ARMV4I\retail\xldruart.exe is missing.
BUILD: [00:0000000065:INFO  ] Will Build C:\WINCE600\platform\Z2170P\lib\ARMV4I\retail\bspcfg.lib because filename is missing from build database
BUILD: [00:0000000066:INFO  ] Will Build C:\WINCE600\platform\Z2170P\lib\ARMV4I\retail\bsp_bootstubs.lib because filename is missing from build database
BUILD: [00:0000000067:INFO  ] Will Build C:\WINCE600\platform\Z2170P\lib\ARMV4I\retail\bsp_stall.lib because filename is missing from build database
BUILD: [00:0000000068:INFO  ] Will Build C:\WINCE600\platform\Z2170P\lib\ARMV4I\retail\bsp_tps659xx.lib because filename is missing from build database
BUILD: [00:0000000069:INFO  ] Will Build C:\WINCE600\PLATFORM\Z2170P\SRC\BOOTLOADER\XLDR\UART\obj\ARMV4I\retail\main.obj because target: C:\WINCE600\platform\Z2170P\target\ARMV4I\retail\xldruart.exe is missing.
BUILD: [00:0000000070:INFO  ] Will Build C:\WINCE600\PLATFORM\Z2170P\SRC\BOOTLOADER\XLDR\UART\obj\ARMV4I\retail\xldrmodem.obj because target: C:\WINCE600\platform\Z2170P\target\ARMV4I\retail\xldruart.exe is missing.
BUILD: [00:0000000071:INFO  ] Will Build C:\WINCE600\PLATFORM\Z2170P\SRC\BOOTLOADER\XLDR\UART\obj\ARMV4I\retail\platform.obj because target: C:\WINCE600\platform\Z2170P\target\ARMV4I\retail\xldruart.exe is missing.
BUILD: [00:0000000072:INFO  ] Will Build C:\WINCE600\PLATFORM\Z2170P\SRC\BOOTLOADER\XLDR\UART\obj\ARMV4I\retail\startup.obj because target: C:\WINCE600\platform\Z2170P\target\ARMV4I\retail\xldruart.exe is missing.
BUILD: [00:0000000073:INFO  ] Will Build C:\WINCE600\PLATFORM\Z2170P\SRC\BOOTLOADER\XLDR\UART\obj\ARMV4I\retail\jumpto.obj because target: C:\WINCE600\platform\Z2170P\target\ARMV4I\retail\xldruart.exe is missing.
BUILD: [00:0000000074:INFO  ] Will Build C:\WINCE600\PLATFORM\Z2170P\SRC\BOOTLOADER\XLDR\UART\ because target: C:\WINCE600\platform\Z2170P\target\ARMV4I\retail\xldruart.exe is missing.
BUILD: [00:0000000075:PROGC ] Building LINK Pass in C:\WINCE600\PLATFORM\Z2170P\SRC\BOOTLOADER\XLDR\UART\ directory.
BUILD: [00:0000000076:PROG  ] 'NMAKE.EXE TargetExeFiles  -i -c BUILDMSG=Stop.  BUILDROOT=C:\WINCE600\PLATFORM\Z2170P CLEANBUILD=1 LINKONLY=1 NOPASS0=1'
BUILD: [01:0000000077:INFO  ] makefile.def: Including C:\WINCE600\public\common\oak\misc\Sources.default
BUILD: [01:0000000078:INFO  ] makefile.def: BUILDROOT is C:\WINCE600\PLATFORM\Z2170P
BUILD: [01:0000000079:INFO  ] makefile.def: Including C:\WINCE600\PLATFORM\Z2170P\sources.cmn
BUILD: [01:0000000080:INFO  ] makefile.def: Including C:\WINCE600\PLATFORM\Z2170P\SRC\BOOTLOADER\XLDR\UART\sources
BUILD: [01:0000000081:INFO  ] makefile.def: Including C:\WINCE600\public\common\oak\misc\Sources.CE
BUILD: [01:0000000082:INFO  ] Directory: C:\WINCE600\PLATFORM\Z2170P\SRC\BOOTLOADER\XLDR\UART
BUILD: [01:0000000083:INFO  ] TARGETNAME: xldruart
BUILD: [01:0000000084:INFO  ] makefile.def: Including C:\WINCE600\public\common\oak\misc\sources.ReleaseType_PLATFORM
BUILD: [01:0000000085:INFO  ] FULLLIBC.LIB found in TARGETLIBS; forcing NOLIBC=1
BUILD: [01:0000000086:INFO  ] FULLLIBC.LIB found in TARGETLIBS; forcing NOCRTDLL=1
BUILD: [01:0000000087:ERRORE] NMAKE :  U1073: don't know how to make 'C:\WINCE600\platform\Z2170P\lib\ARMV4I\retail\bspcfg.lib'
BUILD: [01:0000000088:INFO  ] Stop.
BUILD: [01:0000000089:ERRORE] NMAKE.EXE TargetExeFiles  -i -c BUILDMSG=Stop.  BUILDROOT=C:\WINCE600\PLATFORM\Z2170P CLEANBUILD=1 LINKONLY=1 NOPASS0=1 failed - rc = 2
BUILD: [00:0000000090:PROGC ]                        Files  Warnings  Errors
BUILD: [00:0000000091:PROGC ] Midl                       0         0       0
BUILD: [00:0000000092:PROGC ] Message                    0         0       0
BUILD: [00:0000000093:PROGC ] Precomp Header             0         0       0
BUILD: [00:0000000094:PROGC ] Resource                   0         0       0
BUILD: [00:0000000095:PROGC ] MASM                       0         0       0
BUILD: [00:0000000096:PROGC ] SHASM                      0         0       0
BUILD: [00:0000000097:PROGC ] ARMASM                     2         0       0
BUILD: [00:0000000098:PROGC ] MIPSASM                    0         0       0
BUILD: [00:0000000099:PROGC ] C++                        0         0       0
BUILD: [00:0000000100:PROGC ] C                          3         0       0
BUILD: [00:0000000101:PROGC ] Static Libraries           0         0       0
BUILD: [00:0000000102:PROGC ] Exe's                      0         0       0
BUILD: [00:0000000103:PROGC ] Dll's                      0         0       0
BUILD: [00:0000000104:PROGC ] Preprocess deffile         0         0       0
BUILD: [00:0000000105:PROGC ] Resx                       0         0       0
BUILD: [00:0000000106:PROGC ] CSharp Compile             0         0       0
BUILD: [00:0000000107:PROGC ] Other                      0         0       2
BUILD: [00:0000000108:PROGC ] 
BUILD: [00:0000000109:PROGC ] Total                      5         0       2
BUILD: [00:0000000110:PROGC ] 
BUILD: [00:0000000111:PROGC ] 0 Warnings,  2 Errors
BUILD: [00:0000000112:PROGC ] GetSystemTimes (seconds): Idle: 3     Kernel: 4     User: 1    
BUILD: [00:0000000113:PROGC ] Elapsed  time  (seconds): 3    
