BUILD: [Thrd:Sequence:Type  ] Message
BUILD: [00:0000000000:PROGC ] Build started with parameters:
BUILD: [00:0000000001:PROGC ] Build started in directory: C:\WINCE600\PLATFORM\COMMON
BUILD: [00:0000000002:PROGC ] Checking for C:\WINCE600\sdk\bin\i386\srccheck.exe.
BUILD: [00:0000000003:PROGC ] Running passes WCEFILES0, MIDL, MC, ASN, THUNK, PRECOMPHEADER, COMPILE, LIB, LINK, MANAGEDRESX, MANAGEDMOD, MANAGEDDLL, MANAGEDEXE, MANAGEDWIN for ARM.
BUILD: [00:0000000004:PROGC ] Loading database "C:\WINCE600\PLATFORM\COMMON\Build.dat".
BUILD: [00:0000000005:PROGC ] Done.
BUILD: [00:0000000006:PROGC ] Computing include file dependencies:
BUILD: [00:0000000007:PROGC ] Checking for SDK include directory: C:\WINCE600\sdk\CE\inc.
BUILD: [00:0000000008:PROGC ] Scan C:\WINCE600\PLATFORM\COMMON\SRC\COMMON\CACHE\
BUILD: [00:0000000009:PROGC ] Scan C:\WINCE600\PLATFORM\COMMON\SRC\COMMON\IO\BASE\
BUILD: [00:0000000010:PROGC ] Scan C:\WINCE600\PLATFORM\COMMON\SRC\COMMON\IO\PCMCIA\
BUILD: [00:0000000011:PROGC ] Scan C:\WINCE600\PLATFORM\COMMON\SRC\COMMON\IO\PCI\
BUILD: [00:0000000012:PROGC ] Scan C:\WINCE600\PLATFORM\COMMON\SRC\COMMON\IO\PCI_PCMCIA\
BUILD: [00:0000000013:PROGC ] Scan C:\WINCE600\PLATFORM\COMMON\SRC\COMMON\INTR\COMMON\
BUILD: [00:0000000014:PROGC ] Scan C:\WINCE600\PLATFORM\COMMON\SRC\COMMON\INTR\BASE\
BUILD: [00:0000000015:PROGC ] Scan C:\WINCE600\PLATFORM\COMMON\SRC\COMMON\INTR\BASE_REFCOUNT\
BUILD: [00:0000000016:PROGC ] Scan C:\WINCE600\PLATFORM\COMMON\SRC\COMMON\TIMER\COMMON\
BUILD: [00:0000000017:PROGC ] Scan C:\WINCE600\PLATFORM\COMMON\SRC\COMMON\TIMER\IDLE\
BUILD: [00:0000000018:PROGC ] Scan C:\WINCE600\PLATFORM\COMMON\SRC\COMMON\TIMER\STUB\
BUILD: [00:0000000019:PROGC ] Scan C:\WINCE600\PLATFORM\COMMON\SRC\COMMON\TIMER\FAKE\
BUILD: [00:0000000020:PROGC ] Scan C:\WINCE600\PLATFORM\COMMON\SRC\COMMON\TIMER\CNTCMP\
BUILD: [00:0000000021:PROGC ] Scan C:\WINCE600\PLATFORM\COMMON\SRC\COMMON\TIMER\VARTICK\
BUILD: [00:0000000022:PROGC ] Scan C:\WINCE600\PLATFORM\COMMON\SRC\COMMON\TIMER\VARIDLE\
BUILD: [00:0000000023:PROGC ] Scan C:\WINCE600\PLATFORM\COMMON\SRC\COMMON\TIMER\VARCNTCMP\
BUILD: [00:0000000024:PROGC ] Scan C:\WINCE600\PLATFORM\COMMON\SRC\COMMON\RTC\STUB\
BUILD: [00:0000000025:PROGC ] Scan C:\WINCE600\PLATFORM\COMMON\SRC\COMMON\RTC\TIMER\
BUILD: [00:0000000026:PROGC ] Scan C:\WINCE600\PLATFORM\COMMON\SRC\COMMON\POWER\COMMON\
BUILD: [00:0000000027:PROGC ] Scan C:\WINCE600\PLATFORM\COMMON\SRC\COMMON\POWER\STUB\
BUILD: [00:0000000028:PROGC ] Scan C:\WINCE600\PLATFORM\COMMON\SRC\COMMON\IOCTL\
BUILD: [00:0000000029:PROGC ] Scan C:\WINCE600\PLATFORM\COMMON\SRC\COMMON\KITL\BASE\
BUILD: [00:0000000030:PROGC ] Scan C:\WINCE600\PLATFORM\COMMON\SRC\COMMON\KITL\BASEBOOT\
BUILD: [00:0000000031:PROGC ] Scan C:\WINCE600\PLATFORM\COMMON\SRC\COMMON\KITL\PCI\
BUILD: [00:0000000032:PROGC ] Scan C:\WINCE600\PLATFORM\COMMON\SRC\COMMON\KITL\PCIBOOT\
BUILD: [00:0000000033:PROGC ] Scan C:\WINCE600\PLATFORM\COMMON\SRC\COMMON\PCI\
BUILD: [00:0000000034:PROGC ] Scan C:\WINCE600\PLATFORM\COMMON\SRC\COMMON\ILT\COMMON\
BUILD: [00:0000000035:PROGC ] Scan C:\WINCE600\PLATFORM\COMMON\SRC\COMMON\ILT\STUB\
BUILD: [00:0000000036:PROGC ] Scan C:\WINCE600\PLATFORM\COMMON\SRC\COMMON\LOG\KITL\
BUILD: [00:0000000037:PROGC ] Scan C:\WINCE600\PLATFORM\COMMON\SRC\COMMON\LOG\OAL\
BUILD: [00:0000000038:PROGC ] Scan C:\WINCE600\PLATFORM\COMMON\SRC\COMMON\OTHER\
BUILD: [00:0000000039:PROGC ] Scan C:\WINCE600\PLATFORM\COMMON\SRC\COMMON\ETHDRV\RTL8139\
BUILD: [00:0000000040:PROGC ] Scan C:\WINCE600\PLATFORM\COMMON\SRC\COMMON\ETHDRV\CS8900A\
BUILD: [00:0000000041:PROGC ] Scan C:\WINCE600\PLATFORM\COMMON\SRC\COMMON\ETHDRV\AM79C973\
BUILD: [00:0000000042:PROGC ] Scan C:\WINCE600\PLATFORM\COMMON\SRC\COMMON\ETHDRV\LAN91C\
BUILD: [00:0000000043:PROGC ] Scan C:\WINCE600\PLATFORM\COMMON\SRC\COMMON\FLASH\
BUILD: [00:0000000044:PROGC ] Scan C:\WINCE600\PLATFORM\COMMON\SRC\COMMON\CEDDK\DDK_BUS\
BUILD: [00:0000000045:PROGC ] Scan C:\WINCE600\PLATFORM\COMMON\SRC\COMMON\BOOT\BLCOMMON\BLCOMMON\
BUILD: [00:0000000046:PROGC ] Scan C:\WINCE600\PLATFORM\COMMON\SRC\COMMON\BOOT\BLCOMMON\BLCOMMON_SECURE\
BUILD: [00:0000000047:PROGC ] Scan C:\WINCE600\PLATFORM\COMMON\SRC\COMMON\BOOT\BLMENU\BASE\
BUILD: [00:0000000048:PROGC ] Scan C:\WINCE600\PLATFORM\COMMON\SRC\COMMON\BOOT\BLMENU\PCI\
BUILD: [00:0000000049:PROGC ] Scan C:\WINCE600\PLATFORM\COMMON\SRC\COMMON\BOOT\BLNK\
BUILD: [00:0000000050:PROGC ] Scan C:\WINCE600\PLATFORM\COMMON\SRC\COMMON\BOOT\BLSERIAL\
BUILD: [00:0000000051:PROGC ] Scan C:\WINCE600\PLATFORM\COMMON\SRC\COMMON\BOOT\FMD\NOR\
BUILD: [00:0000000052:PROGC ] Scan C:\WINCE600\PLATFORM\COMMON\SRC\COMMON\BOOT\SBLMINCRYPT\
BUILD: [00:0000000053:WARNS ] Directory: C:\WINCE600\public\ossvcs\oak\inc\ does not exist.
BUILD: [00:0000000054:PROGC ] Scan C:\WINCE600\PLATFORM\COMMON\SRC\COMMON\PERREG\
BUILD: [00:0000000055:PROGC ] Scan C:\WINCE600\PLATFORM\COMMON\SRC\ARM\COMMON\CACHE\
BUILD: [00:0000000056:PROGC ] Scan C:\WINCE600\PLATFORM\COMMON\SRC\ARM\COMMON\MISC\
BUILD: [00:0000000057:PROGC ] Scan C:\WINCE600\PLATFORM\COMMON\SRC\ARM\COMMON\MEMORY\
BUILD: [00:0000000058:PROGC ] Scan C:\WINCE600\PLATFORM\COMMON\SRC\ARM\COMMON\BOOT\BLMEMORY\
BUILD: [00:0000000059:PROGC ] Scan C:\WINCE600\PLATFORM\COMMON\SRC\ARM\ARM920T\ABORT\
BUILD: [00:0000000060:PROGC ] Scan C:\WINCE600\PLATFORM\COMMON\SRC\ARM\ARM920T\CACHE\
BUILD: [00:0000000061:PROGC ] Scan C:\WINCE600\PLATFORM\COMMON\SRC\ARM\ARM926\CACHE\
BUILD: [00:0000000062:PROGC ] Scan C:\WINCE600\PLATFORM\COMMON\SRC\SOC\COMMON_TI_V1\OMAP3530\SDHC\DEVICE\
BUILD: [00:0000000063:PROGC ] Scan C:\WINCE600\PLATFORM\COMMON\SRC\SOC\COMMON_TI_V1\OMAP3530\SDHC\BOOT\
BUILD: [00:0000000064:PROGC ] Scan C:\WINCE600\PLATFORM\COMMON\SRC\SOC\COMMON_TI_V1\OMAP3530\SDHC\STUB\
BUILD: [00:0000000065:PROGC ] Scan C:\WINCE600\PLATFORM\COMMON\SRC\SOC\COMMON_TI_V1\OMAP3530\SOCCFG\
BUILD: [00:0000000066:PROGC ] Scan C:\WINCE600\PLATFORM\COMMON\SRC\SOC\COMMON_TI_V1\OMAP3530\OAL\MISC\
BUILD: [00:0000000067:PROGC ] Scan C:\WINCE600\PLATFORM\COMMON\SRC\SOC\COMMON_TI_V1\OMAP3530\OAL\PADCFG\
BUILD: [00:0000000068:PROGC ] Scan C:\WINCE600\PLATFORM\COMMON\SRC\SOC\COMMON_TI_V1\OMAP3530\OAL\PRCM\
BUILD: [00:0000000069:PROGC ] Scan C:\WINCE600\PLATFORM\COMMON\SRC\SOC\COMMON_TI_V1\OMAP3530\OAL\CPUIDLE\
BUILD: [00:0000000070:PROGC ] Scan C:\WINCE600\PLATFORM\COMMON\SRC\SOC\COMMON_TI_V1\OMAP3530\OAL\SR\
BUILD: [00:0000000071:PROGC ] Scan C:\WINCE600\PLATFORM\COMMON\SRC\SOC\COMMON_TI_V1\OMAP3530\OAL\POWER\
BUILD: [00:0000000072:PROGC ] Scan C:\WINCE600\PLATFORM\COMMON\SRC\SOC\COMMON_TI_V1\OMAP3530\OAL\CPUVER\
BUILD: [00:0000000073:PROGC ] Scan C:\WINCE600\PLATFORM\COMMON\SRC\SOC\COMMON_TI_V1\OMAP3530\MCBSP\
BUILD: [00:0000000074:PROGC ] Scan C:\WINCE600\PLATFORM\COMMON\SRC\SOC\COMMON_TI_V1\OMAP3530\PM\CONSTRAINTADAPTERS\POWERDOMAINCONSTRAINT\
BUILD: [00:0000000075:PROGC ] Scan C:\WINCE600\PLATFORM\COMMON\SRC\SOC\COMMON_TI_V1\OMAP3530\PM\POLICYADAPTERS\DEVMON\
BUILD: [00:0000000076:PROGC ] Scan C:\WINCE600\PLATFORM\COMMON\SRC\SOC\COMMON_TI_V1\OMAP3530\PM\POLICYADAPTERS\SMARTREFLEX\
BUILD: [00:0000000077:PROGC ] Scan C:\WINCE600\PLATFORM\COMMON\SRC\SOC\COMMON_TI_V1\OMAP3530\MUSB\MUSBOTG\
BUILD: [00:0000000078:PROGC ] Scan C:\WINCE600\PLATFORM\COMMON\SRC\SOC\COMMON_TI_V1\OMAP3530\MUSB\MUSBFN\
BUILD: [00:0000000079:PROGC ] Scan C:\WINCE600\PLATFORM\COMMON\SRC\SOC\COMMON_TI_V1\OMAP3530\MUSB\MUSBHCD\USB2COM\
BUILD: [00:0000000080:PROGC ] Scan C:\WINCE600\PLATFORM\COMMON\SRC\SOC\COMMON_TI_V1\OMAP3530\MUSB\MUSBHCD\MUSBMHDRC\
BUILD: [00:0000000081:PROGC ] Scan C:\WINCE600\PLATFORM\COMMON\SRC\SOC\COMMON_TI_V1\OMAP3530\MUSB\MUSBHCD\PDD\
BUILD: [00:0000000082:PROGC ] Scan C:\WINCE600\PLATFORM\COMMON\SRC\SOC\COMMON_TI_V1\OMAP3530\MUSB\APPL\
BUILD: [00:0000000083:PROGC ] Scan C:\WINCE600\PLATFORM\COMMON\SRC\SOC\COMMON_TI_V1\OMAP3530\USB\EHCIPDD\
BUILD: [00:0000000084:PROGC ] Scan C:\WINCE600\PLATFORM\COMMON\SRC\SOC\COMMON_TI_V1\TRITON\TWL\OAL\
BUILD: [00:0000000085:PROGC ] Scan C:\WINCE600\PLATFORM\COMMON\SRC\SOC\COMMON_TI_V1\TRITON\TWL\DEVICE\
BUILD: [00:0000000086:PROGC ] Scan C:\WINCE600\PLATFORM\COMMON\SRC\SOC\COMMON_TI_V1\TPS65023\VOLTAGE\
BUILD: [00:0000000087:PROGC ] Scan C:\WINCE600\PLATFORM\COMMON\SRC\SOC\COMMON_TI_V1\COMMON_TI\BLOCK\NAND\BOOT\
BUILD: [00:0000000088:PROGC ] Scan C:\WINCE600\PLATFORM\COMMON\SRC\SOC\COMMON_TI_V1\COMMON_TI\BLOCK\NAND\DEVICE\
BUILD: [00:0000000089:PROGC ] Scan C:\WINCE600\PLATFORM\COMMON\SRC\SOC\COMMON_TI_V1\COMMON_TI\DEVICESMAP\
BUILD: [00:0000000090:PROGC ] Scan C:\WINCE600\PLATFORM\COMMON\SRC\SOC\COMMON_TI_V1\COMMON_TI\GPIO\DISPATCH\OAL\
BUILD: [00:0000000091:PROGC ] Scan C:\WINCE600\PLATFORM\COMMON\SRC\SOC\COMMON_TI_V1\COMMON_TI\GPIO\DISPATCH\DEVICE\
BUILD: [00:0000000092:PROGC ] Scan C:\WINCE600\PLATFORM\COMMON\SRC\SOC\COMMON_TI_V1\COMMON_TI\GPIO\OMAP_GPIO\DEVICE\
BUILD: [00:0000000093:PROGC ] Scan C:\WINCE600\PLATFORM\COMMON\SRC\SOC\COMMON_TI_V1\COMMON_TI\GPIO\OMAP_GPIO\OAL\
BUILD: [00:0000000094:PROGC ] Scan C:\WINCE600\PLATFORM\COMMON\SRC\SOC\COMMON_TI_V1\COMMON_TI\GPIO\TCA6416_GPIO\
BUILD: [00:0000000095:PROGC ] Scan C:\WINCE600\PLATFORM\COMMON\SRC\SOC\COMMON_TI_V1\COMMON_TI\OAL\OMAP_DEBUGSERIAL\
BUILD: [00:0000000096:PROGC ] Scan C:\WINCE600\PLATFORM\COMMON\SRC\SOC\COMMON_TI_V1\COMMON_TI\OAL\OMAP_OALI2C\
BUILD: [00:0000000097:PROGC ] Scan C:\WINCE600\PLATFORM\COMMON\SRC\SOC\COMMON_TI_V1\COMMON_TI\OAL\OMAP_NEON\
BUILD: [00:0000000098:PROGC ] Scan C:\WINCE600\PLATFORM\COMMON\SRC\SOC\COMMON_TI_V1\COMMON_TI\OAL\OMAP_INTR\
BUILD: [00:0000000099:PROGC ] Scan C:\WINCE600\PLATFORM\COMMON\SRC\SOC\COMMON_TI_V1\COMMON_TI\OAL\CORTEXA8_CACHE\
BUILD: [00:0000000100:PROGC ] Scan C:\WINCE600\PLATFORM\COMMON\SRC\SOC\COMMON_TI_V1\COMMON_TI\OAL\OMAP_IOCTL\
BUILD: [00:0000000101:PROGC ] Scan C:\WINCE600\PLATFORM\COMMON\SRC\SOC\COMMON_TI_V1\COMMON_TI\OAL\OMAP_GTP_TIMER\PROFILER\
BUILD: [00:0000000102:PROGC ] Scan C:\WINCE600\PLATFORM\COMMON\SRC\SOC\COMMON_TI_V1\COMMON_TI\OAL\OMAP_GTP_TIMER\TIMER\
BUILD: [00:0000000103:PROGC ] Scan C:\WINCE600\PLATFORM\COMMON\SRC\SOC\COMMON_TI_V1\COMMON_TI\OAL\OMAP_ALLOC\
BUILD: [00:0000000104:PROGC ] Scan C:\WINCE600\PLATFORM\COMMON\SRC\SOC\COMMON_TI_V1\COMMON_TI\OAL\S35390_OALRTC\
BUILD: [00:0000000105:PROGC ] Scan C:\WINCE600\PLATFORM\COMMON\SRC\SOC\COMMON_TI_V1\COMMON_TI\OAL\OMAP_POWER\
BUILD: [00:0000000106:PROGC ] Scan C:\WINCE600\PLATFORM\COMMON\SRC\SOC\COMMON_TI_V1\COMMON_TI\OAL\OMAP_OALPADCFG\
BUILD: [00:0000000107:PROGC ] Scan C:\WINCE600\PLATFORM\COMMON\SRC\SOC\COMMON_TI_V1\COMMON_TI\OAL\OMAP_WATCHDOG\
BUILD: [00:0000000108:PROGC ] Scan C:\WINCE600\PLATFORM\COMMON\SRC\SOC\COMMON_TI_V1\COMMON_TI\BOOT\FLASHSTORE\
BUILD: [00:0000000109:PROGC ] Scan C:\WINCE600\PLATFORM\COMMON\SRC\SOC\COMMON_TI_V1\COMMON_TI\BOOT\FATFS\
BUILD: [00:0000000110:WARNS ] Directory: C:\WINCE600\PLATFORM\COMMON\SRC\SOC\COMMON_TI_V1\COMMON_TI\BOOT\eboot\ does not exist.
BUILD: [00:0000000111:PROGC ] Scan C:\WINCE600\PLATFORM\COMMON\SRC\SOC\COMMON_TI_V1\COMMON_TI\BOOT\SDHC\
BUILD: [00:0000000112:PROGC ] Scan C:\WINCE600\PLATFORM\COMMON\SRC\SOC\COMMON_TI_V1\COMMON_TI\BOOT\SDMEMORY\
BUILD: [00:0000000113:WARNS ] Directory: C:\WINCE600\PLATFORM\COMMON\SRC\SOC\COMMON_TI_V1\COMMON_TI\BOOT\eboot\ does not exist.
BUILD: [00:0000000114:PROGC ] Scan C:\WINCE600\PLATFORM\COMMON\SRC\SOC\COMMON_TI_V1\COMMON_TI\BOOT\LAN911X\
BUILD: [00:0000000115:PROGC ] Scan C:\WINCE600\PLATFORM\COMMON\SRC\SOC\COMMON_TI_V1\COMMON_TI\BOOT\CPGMAC\
BUILD: [00:0000000116:PROGC ] Scan C:\WINCE600\PLATFORM\COMMON\SRC\SOC\COMMON_TI_V1\COMMON_TI\BOOT\RNDIS\
BUILD: [00:0000000117:PROGC ] Scan C:\WINCE600\PLATFORM\COMMON\SRC\SOC\COMMON_TI_V1\COMMON_TI\BOOT\USBFN\
BUILD: [00:0000000118:PROGC ] Scan C:\WINCE600\PLATFORM\COMMON\SRC\SOC\COMMON_TI_V1\COMMON_TI\DSS\DSSAI\
BUILD: [00:0000000119:PROGC ] Scan C:\WINCE600\PLATFORM\COMMON\SRC\SOC\COMMON_TI_V1\COMMON_TI\DSS\DDGPE\
BUILD: [00:0000000120:PROGC ] Scan C:\WINCE600\PLATFORM\COMMON\SRC\SOC\COMMON_TI_V1\COMMON_TI\DSS\ENTRY\
BUILD: [00:0000000121:PROGC ] Scan C:\WINCE600\PLATFORM\COMMON\SRC\SOC\COMMON_TI_V1\COMMON_TI\SDMA\
BUILD: [00:0000000122:PROGC ] Scan C:\WINCE600\PLATFORM\COMMON\SRC\SOC\COMMON_TI_V1\COMMON_TI\SPI\
BUILD: [00:0000000123:PROGC ] Scan C:\WINCE600\PLATFORM\COMMON\SRC\SOC\COMMON_TI_V1\COMMON_TI\CEDDK\I2C\
BUILD: [00:0000000124:PROGC ] Scan C:\WINCE600\PLATFORM\COMMON\SRC\SOC\COMMON_TI_V1\COMMON_TI\CEDDK\DMA\
BUILD: [00:0000000125:PROGC ] Scan C:\WINCE600\PLATFORM\COMMON\SRC\SOC\COMMON_TI_V1\COMMON_TI\CEDDK\REG\
BUILD: [00:0000000126:PROGC ] Scan C:\WINCE600\PLATFORM\COMMON\SRC\SOC\COMMON_TI_V1\COMMON_TI\CEDDK\PMEXT\
BUILD: [00:0000000127:PROGC ] Scan C:\WINCE600\PLATFORM\COMMON\SRC\SOC\COMMON_TI_V1\COMMON_TI\CEDDK\SPI\
BUILD: [00:0000000128:PROGC ] Scan C:\WINCE600\PLATFORM\COMMON\SRC\SOC\COMMON_TI_V1\COMMON_TI\CEDDK\PADCFG\
BUILD: [00:0000000129:PROGC ] Scan C:\WINCE600\PLATFORM\COMMON\SRC\SOC\COMMON_TI_V1\COMMON_TI\CEDDK\CLOCK\
BUILD: [00:0000000130:PROGC ] Scan C:\WINCE600\PLATFORM\COMMON\SRC\SOC\COMMON_TI_V1\COMMON_TI\CEDDK\BUS\
BUILD: [00:0000000131:PROGC ] Scan C:\WINCE600\PLATFORM\COMMON\SRC\SOC\COMMON_TI_V1\COMMON_TI\SERIAL\COM_MDD2\
BUILD: [00:0000000132:PROGC ] Scan C:\WINCE600\PLATFORM\COMMON\SRC\SOC\COMMON_TI_V1\COMMON_TI\SERIAL\UART\
BUILD: [00:0000000133:PROGC ] Scan C:\WINCE600\PLATFORM\COMMON\SRC\SOC\COMMON_TI_V1\COMMON_TI\KEYS\PWRKEY\
BUILD: [00:0000000134:PROGC ] Scan C:\WINCE600\PLATFORM\COMMON\SRC\SOC\COMMON_TI_V1\COMMON_TI\MCBSP\
BUILD: [00:0000000135:PROGC ] Scan C:\WINCE600\PLATFORM\COMMON\SRC\SOC\COMMON_TI_V1\COMMON_TI\KEYPAD\GPIO_KEYPAD\
BUILD: [00:0000000136:PROGC ] Scan C:\WINCE600\PLATFORM\COMMON\SRC\SOC\COMMON_TI_V1\COMMON_TI\SDHC\BASE\
BUILD: [00:0000000137:PROGC ] Scan C:\WINCE600\PLATFORM\COMMON\SRC\SOC\COMMON_TI_V1\COMMON_TI\WAVEDEV2\
BUILD: [00:0000000138:PROGC ] Scan C:\WINCE600\PLATFORM\COMMON\SRC\SOC\COMMON_TI_V1\COMMON_TI\HECC\
BUILD: [00:0000000139:PROGC ] Scan C:\WINCE600\PLATFORM\COMMON\SRC\SOC\COMMON_TI_V1\COMMON_TI\BACKLIGHT\
BUILD: [00:0000000140:PROGC ] Scan C:\WINCE600\PLATFORM\COMMON\SRC\SOC\COMMON_TI_V1\COMMON_TI\USB\EHCIPDD\
BUILD: [00:0000000141:PROGC ] Scan C:\WINCE600\PLATFORM\COMMON\SRC\SOC\COMMON_TI_V1\COMMON_TI\USB\USB2COM\
BUILD: [00:0000000142:PROGC ] Scan C:\WINCE600\PLATFORM\COMMON\SRC\SOC\COMMON_TI_V1\COMMON_TI\VRFB\
BUILD: [00:0000000143:PROGC ] Scan C:\WINCE600\PLATFORM\COMMON\SRC\SOC\COMMON_TI_V1\COMMON_TI\PM\DEVICEMEDIATOR\
BUILD: [00:0000000144:PROGC ] Scan C:\WINCE600\PLATFORM\COMMON\SRC\SOC\COMMON_TI_V1\COMMON_TI\PM\CONSTRAINTROOT\
BUILD: [00:0000000145:PROGC ] Scan C:\WINCE600\PLATFORM\COMMON\SRC\SOC\COMMON_TI_V1\COMMON_TI\PM\POWERPOLICYROOT\
BUILD: [00:0000000146:PROGC ] Scan C:\WINCE600\PLATFORM\COMMON\SRC\SOC\COMMON_TI_V1\COMMON_TI\PM\CONSTRAINTADAPTERS\DVFSCONSTRAINT\
BUILD: [00:0000000147:PROGC ] Scan C:\WINCE600\PLATFORM\COMMON\SRC\SOC\COMMON_TI_V1\COMMON_TI\PM\CONSTRAINTADAPTERS\INTERRUPTLATENCYCONSTRAINT\
BUILD: [00:0000000148:PROGC ] Scan C:\WINCE600\PLATFORM\COMMON\SRC\SOC\COMMON_TI_V1\COMMON_TI\PM\POLICYADAPTERS\CPULOAD\
BUILD: [00:0000000149:PROGC ] Scan C:\WINCE600\PLATFORM\COMMON\SRC\SOC\COMMON_TI_V1\COMMON_TI\PM\POLICYADAPTERS\SYSTEMSTATE\
BUILD: [00:0000000150:PROGC ] Scan C:\WINCE600\PLATFORM\COMMON\SRC\SOC\COMMON_TI_V1\COMMON_TI\PM\PMEXT\
BUILD: [00:0000000151:PROGC ] Scan C:\WINCE600\PLATFORM\COMMON\SRC\SOC\COMMON_TI_V1\COMMON_TI\PM\PMXPROXY\
BUILD: [00:0000000152:PROGC ] Scan C:\WINCE600\PLATFORM\COMMON\SRC\SOC\COMMON_TI_V1\COMMON_TI\BUS\WRAPPER\
BUILD: [00:0000000153:PROGC ] Scan C:\WINCE600\PLATFORM\COMMON\SRC\SOC\COMMON_TI_V1\COMMON_TI\BUS\MDD\
BUILD: [00:0000000154:PROGC ] Scan C:\WINCE600\PLATFORM\COMMON\SRC\SOC\COMMON_TI_V1\COMMON_TI\BUS\OMAPBUS\
BUILD: [00:0000000155:PROGC ] Scan C:\WINCE600\PLATFORM\COMMON\SRC\SOC\COMMON_TI_V1\COMMON_TI\MUSB\USBOTG_ISP1504\
BUILD: [00:0000000156:PROGC ] Scan C:\WINCE600\PLATFORM\COMMON\SRC\SOC\COMMON_TI_V1\COMMON_TI\EMAC\
BUILD: [00:0000000157:PROGC ] Scan C:\WINCE600\PLATFORM\COMMON\SRC\SOC\COMMON_TI_V1\COMMON_TI\NLED\
BUILD: [00:0000000158:PROGC ] Scan C:\WINCE600\PLATFORM\COMMON\SRC\SOC\COMMON_TI_V1\COMMON_TI\HDQ\
BUILD: [00:0000000159:PROGC ] Scan C:\WINCE600\PLATFORM\COMMON\SRC\SOC\COMMON_TI_V1\TPS659XX\MISC\
BUILD: [00:0000000160:PROGC ] Scan C:\WINCE600\PLATFORM\COMMON\SRC\SOC\COMMON_TI_V1\TPS659XX\GPIO\OAL\
BUILD: [00:0000000161:PROGC ] Scan C:\WINCE600\PLATFORM\COMMON\SRC\SOC\COMMON_TI_V1\TPS659XX\GPIO\DEVICE\
BUILD: [00:0000000162:PROGC ] Scan C:\WINCE600\PLATFORM\COMMON\SRC\SOC\COMMON_TI_V1\TPS659XX\OALRTC\
BUILD: [00:0000000163:PROGC ] Scan C:\WINCE600\PLATFORM\COMMON\SRC\SOC\COMMON_TI_V1\TPS659XX\DRIVER\
BUILD: [00:0000000164:PROGC ] Scan C:\WINCE600\PLATFORM\COMMON\SRC\SOC\COMMON_TI_V1\TPS659XX\MADC\
BUILD: [00:0000000165:PROGC ] Scan C:\WINCE600\PLATFORM\COMMON\SRC\SOC\COMMON_TI_V1\TPS659XX\WAVE\
BUILD: [00:0000000166:PROGC ] Scan C:\WINCE600\PLATFORM\COMMON\SRC\SOC\COMMON_TI_V1\TPS659XX\KEYPAD\
BUILD: [00:0000000167:PROGC ] Scan C:\WINCE600\PLATFORM\COMMON\SRC\SOC\COMMON_TI_V1\TPS659XX\TLED\
BUILD: [00:0000000168:PROGC ] Scan C:\WINCE600\PLATFORM\COMMON\SRC\SOC\COMMON_TI_V1\TPS659XX\BCI\
BUILD: [00:0000000169:PROGC ] Scan C:\WINCE600\PLATFORM\COMMON\SRC\SOC\COMMON_TI_V1\TPS659XX\USBOTG\
BUILD: [00:0000000170:PROGC ] Scan C:\WINCE600\PLATFORM\COMMON\SRC\SOC\COMMON_TI_V1\AM3517\SDHC\
BUILD: [00:0000000171:PROGC ] Scan C:\WINCE600\PLATFORM\COMMON\SRC\SOC\COMMON_TI_V1\AM3517\SOCCFG\
BUILD: [00:0000000172:PROGC ] Scan C:\WINCE600\PLATFORM\COMMON\SRC\SOC\COMMON_TI_V1\AM3517\OAL\MISC\
BUILD: [00:0000000173:PROGC ] Scan C:\WINCE600\PLATFORM\COMMON\SRC\SOC\COMMON_TI_V1\AM3517\OAL\PADCFG\
BUILD: [00:0000000174:PROGC ] Scan C:\WINCE600\PLATFORM\COMMON\SRC\SOC\COMMON_TI_V1\AM3517\OAL\PRCM\
BUILD: [00:0000000175:PROGC ] Scan C:\WINCE600\PLATFORM\COMMON\SRC\SOC\COMMON_TI_V1\AM3517\OAL\CPUIDLE\
BUILD: [00:0000000176:PROGC ] Scan C:\WINCE600\PLATFORM\COMMON\SRC\SOC\COMMON_TI_V1\AM3517\OAL\POWER\
BUILD: [00:0000000177:PROGC ] Scan C:\WINCE600\PLATFORM\COMMON\SRC\SOC\COMMON_TI_V1\AM3517\MCBSP\
BUILD: [00:0000000178:PROGC ] Scan C:\WINCE600\PLATFORM\COMMON\SRC\SOC\COMMON_TI_V1\AM3517\USB\USBCDMA\
BUILD: [00:0000000179:PROGC ] Scan C:\WINCE600\PLATFORM\COMMON\SRC\SOC\COMMON_TI_V1\AM3517\USB\USBFN\
BUILD: [00:0000000180:PROGC ] Scan C:\WINCE600\PLATFORM\COMMON\SRC\SOC\COMMON_TI_V1\AM3517\USB\USBH\
BUILD: [00:0000000181:PROGC ] Scan C:\WINCE600\PLATFORM\COMMON\SRC\SOC\COMMON_TI_V1\AM3517\USB\USBOTG\
BUILD: [00:0000000182:PROGC ] Scan C:\WINCE600\PLATFORM\COMMON\SRC\SOC\COMMON_TI_V1\AM3517\USB\EHCIPDD\
BUILD: [00:0000000183:PROGC ] Scan C:\WINCE600\PLATFORM\COMMON\SRC\SOC\COMMON_TI_V1\AM3517\PM\POLICYADAPTERS\DEVMON\
BUILD: [00:0000000184:PROGC ] Scan C:\WINCE600\PLATFORM\COMMON\SRC\SOC\COMMON_TI_V1\AM3517\EMAC\DEVICE\
BUILD: [00:0000000185:PROGC ] Scan C:\WINCE600\PLATFORM\COMMON\SRC\SOC\COMMON_TI_V1\AM3517\EMAC\BOOT\
BUILD: [00:0000000186:PROGC ] Scan C:\WINCE600\PLATFORM\COMMON\SRC\SOC\OMAP2420_MS_V1\DISPLAY\
BUILD: [00:0000000187:PROGC ] Scan C:\WINCE600\PLATFORM\COMMON\SRC\SOC\OMAP2420_MS_V1\KEYPAD\
BUILD: [00:0000000188:PROGC ] Scan C:\WINCE600\PLATFORM\COMMON\SRC\SOC\OMAP2420_MS_V1\CEDDK\MAP\
BUILD: [00:0000000189:PROGC ] Scan C:\WINCE600\PLATFORM\COMMON\SRC\SOC\OMAP2420_MS_V1\CEDDK\BASE\
BUILD: [00:0000000190:PROGC ] Scan C:\WINCE600\PLATFORM\COMMON\SRC\SOC\OMAP2420_MS_V1\DMA\PUBLIC\
BUILD: [00:0000000191:PROGC ] Scan C:\WINCE600\PLATFORM\COMMON\SRC\SOC\OMAP2420_MS_V1\DMA\PRIVATE\
BUILD: [00:0000000192:PROGC ] Scan C:\WINCE600\PLATFORM\COMMON\SRC\SOC\OMAP2420_MS_V1\WAVEDEV\
BUILD: [00:0000000193:PROGC ] Scan C:\WINCE600\PLATFORM\COMMON\SRC\SOC\OMAP2420_MS_V1\SPI\
BUILD: [00:0000000194:PROGC ] Scan C:\WINCE600\PLATFORM\COMMON\SRC\SOC\OMAP2420_MS_V1\I2C\
BUILD: [00:0000000195:PROGC ] Scan C:\WINCE600\PLATFORM\COMMON\SRC\SOC\OMAP2420_MS_V1\HDQ\
BUILD: [00:0000000196:PROGC ] Scan C:\WINCE600\PLATFORM\COMMON\SRC\SOC\OMAP2420_MS_V1\BACKLIGHT\
BUILD: [00:0000000197:PROGC ] Scan C:\WINCE600\PLATFORM\COMMON\SRC\SOC\OMAP2420_MS_V1\TRITON\
BUILD: [00:0000000198:PROGC ] Scan C:\WINCE600\PLATFORM\COMMON\SRC\SOC\OMAP2420_MS_V1\SDHC\BASE\
BUILD: [00:0000000199:PROGC ] Scan C:\WINCE600\PLATFORM\COMMON\SRC\SOC\OMAP2420_MS_V1\SDHC\IMPL\
BUILD: [00:0000000200:PROGC ] Scan C:\WINCE600\PLATFORM\COMMON\SRC\SOC\OMAP2420_MS_V1\OAL\ETHDRV\USBFN\
BUILD: [00:0000000201:PROGC ] Scan C:\WINCE600\PLATFORM\COMMON\SRC\SOC\OMAP2420_MS_V1\OAL\TIMER\CPUIDLE\
BUILD: [00:0000000202:PROGC ] Scan C:\WINCE600\PLATFORM\COMMON\SRC\SOC\OMAP2420_MS_V1\OAL\TIMER\TIMER32K\
BUILD: [00:0000000203:PROGC ] Scan C:\WINCE600\PLATFORM\COMMON\SRC\SOC\OMAP2420_MS_V1\OAL\KERNELI2C\KERN\
BUILD: [00:0000000204:PROGC ] Scan C:\WINCE600\PLATFORM\COMMON\SRC\SOC\OMAP2420_MS_V1\OAL\KERNELI2C\BOOT\
BUILD: [00:0000000205:PROGC ] Scan C:\WINCE600\PLATFORM\COMMON\SRC\SOC\OMAP2420_MS_V1\OAL\RTC\
BUILD: [00:0000000206:PROGC ] Scan C:\WINCE600\PLATFORM\COMMON\SRC\SOC\OMAP2420_MS_V1\OAL\OTHER\ECC\
BUILD: [00:0000000207:PROGC ] Scan C:\WINCE600\PLATFORM\COMMON\SRC\SOC\OMAP2420_MS_V1\OAL\INTR\
BUILD: [00:0000000208:PROGC ] Scan C:\WINCE600\PLATFORM\COMMON\SRC\SOC\OMAP2420_MS_V1\OAL\IOCTL\
BUILD: [00:0000000209:PROGC ] Scan C:\WINCE600\PLATFORM\COMMON\SRC\SOC\OMAP2420_MS_V1\OAL\CACHE\
BUILD: [00:0000000210:PROGC ] Scan C:\WINCE600\PLATFORM\COMMON\SRC\SOC\OMAP2420_MS_V1\OAL\POWER\
BUILD: [00:0000000211:PROGC ] Scan C:\WINCE600\PLATFORM\COMMON\SRC\SOC\OMAP2420_MS_V1\USBD\PDD\
BUILD: [00:0000000212:PROGC ] Scan C:\WINCE600\PLATFORM\COMMON\SRC\SOC\OMAP5912_MS_V1\OAL\CACHE\
BUILD: [00:0000000213:PROGC ] Scan C:\WINCE600\PLATFORM\COMMON\SRC\SOC\OMAP5912_MS_V1\OAL\INTR\
BUILD: [00:0000000214:PROGC ] Scan C:\WINCE600\PLATFORM\COMMON\SRC\SOC\OMAP5912_MS_V1\OAL\IOCTL\
BUILD: [00:0000000215:PROGC ] Scan C:\WINCE600\PLATFORM\COMMON\SRC\SOC\OMAP5912_MS_V1\OAL\TIMER\CPUIDLE\
BUILD: [00:0000000216:PROGC ] Scan C:\WINCE600\PLATFORM\COMMON\SRC\SOC\OMAP5912_MS_V1\OAL\TIMER\TIMER32K\
BUILD: [00:0000000217:PROGC ] Scan C:\WINCE600\PLATFORM\COMMON\SRC\SOC\OMAP5912_MS_V1\OAL\RTC\
BUILD: [00:0000000218:PROGC ] Scan C:\WINCE600\PLATFORM\COMMON\SRC\SOC\OMAP5912_MS_V1\OAL\ETHDRV\USBFN\
BUILD: [00:0000000219:PROGC ] Scan C:\WINCE600\PLATFORM\COMMON\SRC\SOC\OMAP5912_MS_V1\OAL\POWER\
BUILD: [00:0000000220:PROGC ] Scan C:\WINCE600\PLATFORM\COMMON\SRC\SOC\OMAP5912_MS_V1\OAL\PROFILER\
BUILD: [00:0000000221:PROGC ] Scan C:\WINCE600\PLATFORM\COMMON\SRC\SOC\PXA27X_MS_V1\XLLP\SOURCE\
BUILD: [00:0000000222:PROGC ] Scan C:\WINCE600\PLATFORM\COMMON\SRC\SOC\PXA27X_MS_V1\DRVLIB\
BUILD: [00:0000000223:PROGC ] Scan C:\WINCE600\PLATFORM\COMMON\SRC\SOC\PXA27X_MS_V1\DISPLAY\PXA27X_LCD\
BUILD: [00:0000000224:PROGC ] Scan C:\WINCE600\PLATFORM\COMMON\SRC\SOC\PXA27X_MS_V1\HCD\
BUILD: [00:0000000225:PROGC ] Scan C:\WINCE600\PLATFORM\COMMON\SRC\SOC\PXA27X_MS_V1\SDHC\
BUILD: [00:0000000226:PROGC ] Scan C:\WINCE600\PLATFORM\COMMON\SRC\SOC\PXA27X_MS_V1\SERIAL\
BUILD: [00:0000000227:PROGC ] Scan C:\WINCE600\PLATFORM\COMMON\SRC\SOC\PXA27X_MS_V1\USBFN\
BUILD: [00:0000000228:PROGC ] Scan C:\WINCE600\PLATFORM\COMMON\SRC\SOC\PXA27X_MS_V1\PMU\
BUILD: [00:0000000229:PROGC ] Scan C:\WINCE600\PLATFORM\COMMON\SRC\SOC\PXA27X_MS_V1\OAL\ABORT\
BUILD: [00:0000000230:PROGC ] Scan C:\WINCE600\PLATFORM\COMMON\SRC\SOC\PXA27X_MS_V1\OAL\INTR\
BUILD: [00:0000000231:PROGC ] Scan C:\WINCE600\PLATFORM\COMMON\SRC\SOC\PXA27X_MS_V1\OAL\MEMORY\
BUILD: [00:0000000232:PROGC ] Scan C:\WINCE600\PLATFORM\COMMON\SRC\SOC\PXA27X_MS_V1\OAL\MISC\
BUILD: [00:0000000233:PROGC ] Scan C:\WINCE600\PLATFORM\COMMON\SRC\SOC\PXA27X_MS_V1\OAL\POWER\
BUILD: [00:0000000234:PROGC ] Scan C:\WINCE600\PLATFORM\COMMON\SRC\SOC\PXA27X_MS_V1\OAL\PROFILER\
BUILD: [00:0000000235:PROGC ] Scan C:\WINCE600\PLATFORM\COMMON\SRC\SOC\PXA27X_MS_V1\OAL\RTC\
BUILD: [00:0000000236:PROGC ] Scan C:\WINCE600\PLATFORM\COMMON\SRC\SOC\PXA27X_MS_V1\OAL\STARTUP\
BUILD: [00:0000000237:PROGC ] Scan C:\WINCE600\PLATFORM\COMMON\SRC\SOC\PXA27X_MS_V1\OAL\TIMER\FIXTICK\
BUILD: [00:0000000238:PROGC ] Scan C:\WINCE600\PLATFORM\COMMON\SRC\SOC\PXA27X_MS_V1\OAL\TIMER\VARTICK\
BUILD: [00:0000000239:PROGC ] Scan C:\WINCE600\PLATFORM\COMMON\SRC\SOC\PXA27X_MS_V1\OAL\CACHE\
BUILD: [00:0000000240:PROGC ] Scan C:\WINCE600\PLATFORM\COMMON\SRC\SOC\PXA27X_MS_V1\OAL\XDBBROWSER\
BUILD: [00:0000000241:PROGC ] Scan C:\WINCE600\PLATFORM\COMMON\SRC\SOC\PXA27X_MS_V1\OAL\PMUIOCTL\
BUILD: [00:0000000242:PROGC ] Building WCEFILES0 Pass in C:\WINCE600\PLATFORM\COMMON\SRC\SOC\OMAP2420_MS_V1\DISPLAY\ directory.
BUILD: [00:0000000243:PROG  ] 'NMAKE.EXE WinceTargetFile0  -i -c BUILDMSG=Stop.  BUILDROOT=C:\WINCE600\PLATFORM\COMMON NOLINK=1 PASS0ONLY=1'
BUILD: [01:0000000244:INFO  ] makefile.def: Including C:\WINCE600\public\common\oak\misc\Sources.default
BUILD: [01:0000000245:INFO  ] makefile.def: BUILDROOT is C:\WINCE600\PLATFORM\COMMON
BUILD: [01:0000000246:INFO  ] makefile.def: Including C:\WINCE600\PLATFORM\COMMON\sources.cmn
BUILD: [01:0000000247:INFO  ] makefile.def: Including C:\WINCE600\PLATFORM\COMMON\SRC\SOC\OMAP2420_MS_V1\DISPLAY\sources
BUILD: [01:0000000248:INFO  ] makefile.def: Including C:\WINCE600\public\common\oak\misc\Sources.CE
BUILD: [01:0000000249:INFO  ] Directory: C:\WINCE600\PLATFORM\COMMON\SRC\SOC\OMAP2420_MS_V1\DISPLAY
BUILD: [01:0000000250:INFO  ] TARGETNAME: ddi_omap2420_ms_v1
BUILD: [01:0000000251:INFO  ] makefile.def: Including C:\WINCE600\public\common\oak\misc\sources.ReleaseType_PLATFORMCOMMON
BUILD: [01:0000000252:INFO  ] 	copy omap2420_ddi.def C:\WINCE600\platform\common\lib\ARMV4I\retail\omap2420_ddi.def
BUILD: [01:0000000253:INFO  ] 複製了         1 個檔案。
BUILD: [00:0000000254:PROGC ] Building WCEFILES0 Pass in C:\WINCE600\PLATFORM\COMMON\SRC\SOC\OMAP2420_MS_V1\CEDDK\BASE\ directory.
BUILD: [00:0000000255:PROG  ] 'NMAKE.EXE WinceTargetFile0  -i -c BUILDMSG=Stop.  BUILDROOT=C:\WINCE600\PLATFORM\COMMON NOLINK=1 PASS0ONLY=1'
BUILD: [01:0000000256:INFO  ] makefile.def: Including C:\WINCE600\public\common\oak\misc\Sources.default
BUILD: [01:0000000257:INFO  ] makefile.def: BUILDROOT is C:\WINCE600\PLATFORM\COMMON
BUILD: [01:0000000258:INFO  ] makefile.def: Including C:\WINCE600\PLATFORM\COMMON\sources.cmn
BUILD: [01:0000000259:INFO  ] makefile.def: Including C:\WINCE600\PLATFORM\COMMON\SRC\SOC\OMAP2420_MS_V1\CEDDK\BASE\sources
BUILD: [01:0000000260:INFO  ] makefile.def: Including C:\WINCE600\public\common\oak\misc\Sources.CE
BUILD: [01:0000000261:INFO  ] Directory: C:\WINCE600\PLATFORM\COMMON\SRC\SOC\OMAP2420_MS_V1\CEDDK\BASE
BUILD: [01:0000000262:INFO  ] TARGETNAME: ceddk_base_omap2420_ms_v1
BUILD: [01:0000000263:INFO  ] makefile.def: Including C:\WINCE600\public\common\oak\misc\sources.ReleaseType_PLATFORMCOMMON
BUILD: [01:0000000264:INFO  ] 	copy omap2420_ceddk.def C:\WINCE600\platform\common\lib\ARMV4I\retail\omap2420_ceddk.def
BUILD: [01:0000000265:INFO  ] 複製了         1 個檔案。
BUILD: [00:0000000266:PROGC ] Saving C:\WINCE600\PLATFORM\COMMON\Build.dat.
BUILD: [00:0000000267:INFO  ] Done.
BUILD: [00:0000000268:PROGC ] Done.
BUILD: [00:0000000269:PROGC ]                        Files  Warnings  Errors
BUILD: [00:0000000270:PROGC ] Midl                       0         0       0
BUILD: [00:0000000271:PROGC ] Message                    0         0       0
BUILD: [00:0000000272:PROGC ] Precomp Header             0         0       0
BUILD: [00:0000000273:PROGC ] Resource                   0         0       0
BUILD: [00:0000000274:PROGC ] MASM                       0         0       0
BUILD: [00:0000000275:PROGC ] SHASM                      0         0       0
BUILD: [00:0000000276:PROGC ] ARMASM                     0         0       0
BUILD: [00:0000000277:PROGC ] MIPSASM                    0         0       0
BUILD: [00:0000000278:PROGC ] C++                        0         0       0
BUILD: [00:0000000279:PROGC ] C                          0         0       0
BUILD: [00:0000000280:PROGC ] Static Libraries           0         0       0
BUILD: [00:0000000281:PROGC ] Exe's                      0         0       0
BUILD: [00:0000000282:PROGC ] Dll's                      0         0       0
BUILD: [00:0000000283:PROGC ] Preprocess deffile         0         0       0
BUILD: [00:0000000284:PROGC ] Resx                       0         0       0
BUILD: [00:0000000285:PROGC ] CSharp Compile             0         0       0
BUILD: [00:0000000286:PROGC ] Other                      0         3       0
BUILD: [00:0000000287:PROGC ] 
BUILD: [00:0000000288:PROGC ] Total                      0         3       0
BUILD: [00:0000000289:PROGC ] 
BUILD: [00:0000000290:PROGC ] 3 Warnings,  0 Errors
BUILD: [00:0000000291:PROGC ] GetSystemTimes (seconds): Idle: 3     Kernel: 8     User: 4    
BUILD: [00:0000000292:PROGC ] Elapsed  time  (seconds): 6    
