BUILD: [Thrd:Sequence:Type  ] Message
BUILD: [00:0000000000:PROGC ] Build started with parameters: -c
BUILD: [00:0000000001:PROGC ] Build started in directory: C:\WINCE600\PLATFORM\COMMON\SRC\SOC\COMMON_TI_V1\COMMON_TI\BOOT\SDMEMORY
BUILD: [00:0000000002:PROGC ] Checking for C:\WINCE600\sdk\bin\i386\srccheck.exe.
BUILD: [00:0000000003:PROGC ] Running passes WCEFILES0, MIDL, MC, ASN, THUNK, PRECOMPHEADER, COMPILE, LIB, LINK, MANAGEDRESX, MANAGEDMOD, MANAGEDDLL, MANAGEDEXE, MANAGEDWIN for ARM.
BUILD: [00:0000000004:PROGC ] Ignoring build database (-c specified).
BUILD: [00:0000000005:PROGC ] Computing include file dependencies:
BUILD: [00:0000000006:PROGC ] Checking for SDK include directory: C:\WINCE600\sdk\CE\inc.
BUILD: [00:0000000007:PROGC ] Scan C:\WINCE600\PLATFORM\COMMON\SRC\SOC\COMMON_TI_V1\COMMON_TI\BOOT\SDMEMORY\
BUILD: [00:0000000008:WARNS ] Directory: C:\WINCE600\PLATFORM\COMMON\SRC\SOC\COMMON_TI_V1\COMMON_TI\BOOT\eboot\ does not exist.
BUILD: [00:0000000009:PROGC ] Saving C:\WINCE600\PLATFORM\COMMON\Build.dat.
BUILD: [00:0000000010:INFO  ] Done.
BUILD: [00:0000000011:INFO  ] Will Build C:\WINCE600\PLATFORM\COMMON\SRC\SOC\COMMON_TI_V1\COMMON_TI\BOOT\SDMEMORY\sdcard.c because target: obj\ARMV4I\retail\sdcard.obj is missing.
BUILD: [00:0000000012:PROGC ] Building COMPILE Pass in C:\WINCE600\PLATFORM\COMMON\SRC\SOC\COMMON_TI_V1\COMMON_TI\BOOT\SDMEMORY\ directory.
BUILD: [00:0000000013:PROG  ] 'NMAKE.EXE TargetCompilePass  -i -c BUILDMSG=Stop.  BUILDROOT=C:\WINCE600\PLATFORM\COMMON CLEANBUILD=1 NOLINK=1 NOPASS0=1'
BUILD: [01:0000000014:INFO  ] makefile.def: Including C:\WINCE600\public\common\oak\misc\Sources.default
BUILD: [01:0000000015:INFO  ] makefile.def: BUILDROOT is C:\WINCE600\PLATFORM\COMMON
BUILD: [01:0000000016:INFO  ] makefile.def: Including C:\WINCE600\PLATFORM\COMMON\sources.cmn
BUILD: [01:0000000017:INFO  ] makefile.def: Including C:\WINCE600\PLATFORM\COMMON\SRC\SOC\COMMON_TI_V1\COMMON_TI\BOOT\SDMEMORY\sources
BUILD: [01:0000000018:INFO  ] makefile.def: Including C:\WINCE600\public\common\oak\misc\Sources.CE
BUILD: [01:0000000019:INFO  ] Directory: C:\WINCE600\PLATFORM\COMMON\SRC\SOC\COMMON_TI_V1\COMMON_TI\BOOT\SDMEMORY
BUILD: [01:0000000020:INFO  ] TARGETNAME: common_ti_boot_sdmemory
BUILD: [01:0000000021:INFO  ] makefile.def: Including C:\WINCE600\public\common\oak\misc\sources.ReleaseType_PLATFORMCOMMON
BUILD: [01:0000000022:PROGC ] Compiling .\sdcard.c
BUILD: [01:0000000023:INFO  ] cl -nologo   /Gy -Foobj\ARMV4I\retail\sdcard.obj -c -IARM\ -I. -IC:\WINCE600\platform\common\src\inc -IC:\WINCE600\platform\COMMON\src\soc\COMMON_TI_V1\COMMON_TI\inc -I..\eboot -I..\fatfs -I..\sdhc -IC:\WINCE600\public\common\oak\inc -IC:\WINCE600\public\common\sdk\inc -IC:\WINCE600\public\common\ddk\inc -IC:\WINCE600\sdk\CE\inc -I.\Resource\0409 -Ox -Os -GF -Zi -FdC:\WINCE600\platform\common\lib\ARMV4I\retail\common_ti_boot_sdmemory.pdb -D_CRT_SECURE_NO_DEPRECATE -D_USE_32BIT_TIME_T -DUNICODE -D_UNICODE -DUNDER_CE=600 -D_WIN32_WCE=0x600 -DWINCEOEM -DWINCEINTERNAL -DWIN32 -DSTRICT -DARM -DARMV4I -D_ARM_ -DNDEBUG=1  -Dproject_cebase -DCEDDK_USEDDKMACRO -D_WINCEOSVER=600 -DOAL_BSP_CALLBACKS -DOAL_ILTIMING -DINTERNATIONAL -DINTLMSG_CODEPAGE=1252 -FAsc -Faobj\ARMV4I\retail\sdcard.cod -WX -QRimplicit-import- -Zi  -Zc:wchar_t- -Zc:forScope- -wd4867 -wd4430 -MT -U_MT -W4    /GR- -QRarch4T -DTHUMBSUPPORT -QRinterwork-return  /GS C:\WINCE600\PLATFORM\COMMON\SRC\SOC\COMMON_TI_V1\COMMON_TI\BOOT\SDMEMORY\.\sdcard.c
BUILD: [01:0000000024:INFO  ] sdcard.c
BUILD: [00:0000000025:INFO  ] Will Build C:\WINCE600\PLATFORM\COMMON\SRC\SOC\COMMON_TI_V1\COMMON_TI\BOOT\SDMEMORY\obj\ARMV4I\retail\sdcard.obj because target: C:\WINCE600\platform\common\lib\ARMV4I\retail\common_ti_boot_sdmemory.lib is missing.
BUILD: [00:0000000026:INFO  ] Will Build C:\WINCE600\PLATFORM\COMMON\SRC\SOC\COMMON_TI_V1\COMMON_TI\BOOT\SDMEMORY\ because target: C:\WINCE600\platform\common\lib\ARMV4I\retail\common_ti_boot_sdmemory.lib is missing.
BUILD: [00:0000000027:PROGC ] Building LIB Pass in C:\WINCE600\PLATFORM\COMMON\SRC\SOC\COMMON_TI_V1\COMMON_TI\BOOT\SDMEMORY\ directory.
BUILD: [00:0000000028:PROG  ] 'NMAKE.EXE TargetLibFiles  -i -c BUILDMSG=Stop.  BUILDROOT=C:\WINCE600\PLATFORM\COMMON CLEANBUILD=1 LINKONLY=1 NOPASS0=1'
BUILD: [01:0000000029:INFO  ] makefile.def: Including C:\WINCE600\public\common\oak\misc\Sources.default
BUILD: [01:0000000030:INFO  ] makefile.def: BUILDROOT is C:\WINCE600\PLATFORM\COMMON
BUILD: [01:0000000031:INFO  ] makefile.def: Including C:\WINCE600\PLATFORM\COMMON\sources.cmn
BUILD: [01:0000000032:INFO  ] makefile.def: Including C:\WINCE600\PLATFORM\COMMON\SRC\SOC\COMMON_TI_V1\COMMON_TI\BOOT\SDMEMORY\sources
BUILD: [01:0000000033:INFO  ] makefile.def: Including C:\WINCE600\public\common\oak\misc\Sources.CE
BUILD: [01:0000000034:INFO  ] Directory: C:\WINCE600\PLATFORM\COMMON\SRC\SOC\COMMON_TI_V1\COMMON_TI\BOOT\SDMEMORY
BUILD: [01:0000000035:INFO  ] TARGETNAME: common_ti_boot_sdmemory
BUILD: [01:0000000036:INFO  ] makefile.def: Including C:\WINCE600\public\common\oak\misc\sources.ReleaseType_PLATFORMCOMMON
BUILD: [01:0000000037:PROGC ] Linking C:\WINCE600\platform\common\lib\ARMV4I\retail\common_ti_boot_sdmemory.lib
BUILD: [01:0000000038:INFO  ] 	link -lib -out:C:\WINCE600\platform\common\lib\ARMV4I\retail\common_ti_boot_sdmemory.lib -machine:thumb @C:\DOCUME~1\RAY~1.HUA\LOCALS~1\Temp\nm416.tmp
BUILD: [00:0000000039:PROGC ] Saving C:\WINCE600\PLATFORM\COMMON\Build.dat.
BUILD: [00:0000000040:INFO  ] Done.
BUILD: [00:0000000041:PROGC ] Done.
BUILD: [00:0000000042:PROGC ]                        Files  Warnings  Errors
BUILD: [00:0000000043:PROGC ] Midl                       0         0       0
BUILD: [00:0000000044:PROGC ] Message                    0         0       0
BUILD: [00:0000000045:PROGC ] Precomp Header             0         0       0
BUILD: [00:0000000046:PROGC ] Resource                   0         0       0
BUILD: [00:0000000047:PROGC ] MASM                       0         0       0
BUILD: [00:0000000048:PROGC ] SHASM                      0         0       0
BUILD: [00:0000000049:PROGC ] ARMASM                     0         0       0
BUILD: [00:0000000050:PROGC ] MIPSASM                    0         0       0
BUILD: [00:0000000051:PROGC ] C++                        0         0       0
BUILD: [00:0000000052:PROGC ] C                          1         0       0
BUILD: [00:0000000053:PROGC ] Static Libraries           1         0       0
BUILD: [00:0000000054:PROGC ] Exe's                      0         0       0
BUILD: [00:0000000055:PROGC ] Dll's                      0         0       0
BUILD: [00:0000000056:PROGC ] Preprocess deffile         0         0       0
BUILD: [00:0000000057:PROGC ] Resx                       0         0       0
BUILD: [00:0000000058:PROGC ] CSharp Compile             0         0       0
BUILD: [00:0000000059:PROGC ] Other                      0         1       0
BUILD: [00:0000000060:PROGC ] 
BUILD: [00:0000000061:PROGC ] Total                      2         1       0
BUILD: [00:0000000062:PROGC ] 
BUILD: [00:0000000063:PROGC ] 1 Warnings,  0 Errors
BUILD: [00:0000000064:PROGC ] GetSystemTimes (seconds): Idle: 0     Kernel: 1     User: 0    
BUILD: [00:0000000065:PROGC ] Elapsed  time  (seconds): 1    
